Start testing: Mar 06 18:33 CET
----------------------------------------------------------
1/44 Testing: EmptyTree.InsertNode
1/44 Test: EmptyTree.InsertNode
Command: "/home/boriss/Documents/VUT FIT/IVS/proj1/build/black_box_test" "--gtest_filter=EmptyTree.InsertNode" "--gtest_also_run_disabled_tests"
Directory: /home/boriss/Documents/VUT FIT/IVS/proj1/build
"EmptyTree.InsertNode" start time: Mar 06 18:33 CET
Output:
----------------------------------------------------------
Running main() from /home/boriss/Documents/VUT FIT/IVS/proj1/build/_deps/googletest-src/googletest/src/gtest_main.cc
Note: Google Test filter = EmptyTree.InsertNode
[==========] Running 1 test from 1 test suite.
[----------] Global test environment set-up.
[----------] 1 test from EmptyTree
[ RUN      ] EmptyTree.InsertNode
[       OK ] EmptyTree.InsertNode (0 ms)
[----------] 1 test from EmptyTree (0 ms total)

[----------] Global test environment tear-down
[==========] 1 test from 1 test suite ran. (0 ms total)
[  PASSED  ] 1 test.
<end of output>
Test time =   0.01 sec
----------------------------------------------------------
Test Passed.
"EmptyTree.InsertNode" end time: Mar 06 18:33 CET
"EmptyTree.InsertNode" time elapsed: 00:00:00
----------------------------------------------------------

2/44 Testing: EmptyTree.DeleteNode
2/44 Test: EmptyTree.DeleteNode
Command: "/home/boriss/Documents/VUT FIT/IVS/proj1/build/black_box_test" "--gtest_filter=EmptyTree.DeleteNode" "--gtest_also_run_disabled_tests"
Directory: /home/boriss/Documents/VUT FIT/IVS/proj1/build
"EmptyTree.DeleteNode" start time: Mar 06 18:33 CET
Output:
----------------------------------------------------------
Running main() from /home/boriss/Documents/VUT FIT/IVS/proj1/build/_deps/googletest-src/googletest/src/gtest_main.cc
Note: Google Test filter = EmptyTree.DeleteNode
[==========] Running 1 test from 1 test suite.
[----------] Global test environment set-up.
[----------] 1 test from EmptyTree
[ RUN      ] EmptyTree.DeleteNode
[       OK ] EmptyTree.DeleteNode (0 ms)
[----------] 1 test from EmptyTree (0 ms total)

[----------] Global test environment tear-down
[==========] 1 test from 1 test suite ran. (0 ms total)
[  PASSED  ] 1 test.
<end of output>
Test time =   0.00 sec
----------------------------------------------------------
Test Passed.
"EmptyTree.DeleteNode" end time: Mar 06 18:33 CET
"EmptyTree.DeleteNode" time elapsed: 00:00:00
----------------------------------------------------------

3/44 Testing: EmptyTree.FindNode
3/44 Test: EmptyTree.FindNode
Command: "/home/boriss/Documents/VUT FIT/IVS/proj1/build/black_box_test" "--gtest_filter=EmptyTree.FindNode" "--gtest_also_run_disabled_tests"
Directory: /home/boriss/Documents/VUT FIT/IVS/proj1/build
"EmptyTree.FindNode" start time: Mar 06 18:33 CET
Output:
----------------------------------------------------------
Running main() from /home/boriss/Documents/VUT FIT/IVS/proj1/build/_deps/googletest-src/googletest/src/gtest_main.cc
Note: Google Test filter = EmptyTree.FindNode
[==========] Running 1 test from 1 test suite.
[----------] Global test environment set-up.
[----------] 1 test from EmptyTree
[ RUN      ] EmptyTree.FindNode
[       OK ] EmptyTree.FindNode (0 ms)
[----------] 1 test from EmptyTree (0 ms total)

[----------] Global test environment tear-down
[==========] 1 test from 1 test suite ran. (0 ms total)
[  PASSED  ] 1 test.
<end of output>
Test time =   0.00 sec
----------------------------------------------------------
Test Passed.
"EmptyTree.FindNode" end time: Mar 06 18:33 CET
"EmptyTree.FindNode" time elapsed: 00:00:00
----------------------------------------------------------

4/44 Testing: NonEmptyTree.InsertNode
4/44 Test: NonEmptyTree.InsertNode
Command: "/home/boriss/Documents/VUT FIT/IVS/proj1/build/black_box_test" "--gtest_filter=NonEmptyTree.InsertNode" "--gtest_also_run_disabled_tests"
Directory: /home/boriss/Documents/VUT FIT/IVS/proj1/build
"NonEmptyTree.InsertNode" start time: Mar 06 18:33 CET
Output:
----------------------------------------------------------
Running main() from /home/boriss/Documents/VUT FIT/IVS/proj1/build/_deps/googletest-src/googletest/src/gtest_main.cc
Note: Google Test filter = NonEmptyTree.InsertNode
[==========] Running 1 test from 1 test suite.
[----------] Global test environment set-up.
[----------] 1 test from NonEmptyTree
[ RUN      ] NonEmptyTree.InsertNode
[       OK ] NonEmptyTree.InsertNode (0 ms)
[----------] 1 test from NonEmptyTree (0 ms total)

[----------] Global test environment tear-down
[==========] 1 test from 1 test suite ran. (0 ms total)
[  PASSED  ] 1 test.
<end of output>
Test time =   0.00 sec
----------------------------------------------------------
Test Passed.
"NonEmptyTree.InsertNode" end time: Mar 06 18:33 CET
"NonEmptyTree.InsertNode" time elapsed: 00:00:00
----------------------------------------------------------

5/44 Testing: NonEmptyTree.DeleteNode
5/44 Test: NonEmptyTree.DeleteNode
Command: "/home/boriss/Documents/VUT FIT/IVS/proj1/build/black_box_test" "--gtest_filter=NonEmptyTree.DeleteNode" "--gtest_also_run_disabled_tests"
Directory: /home/boriss/Documents/VUT FIT/IVS/proj1/build
"NonEmptyTree.DeleteNode" start time: Mar 06 18:33 CET
Output:
----------------------------------------------------------
Running main() from /home/boriss/Documents/VUT FIT/IVS/proj1/build/_deps/googletest-src/googletest/src/gtest_main.cc
Note: Google Test filter = NonEmptyTree.DeleteNode
[==========] Running 1 test from 1 test suite.
[----------] Global test environment set-up.
[----------] 1 test from NonEmptyTree
[ RUN      ] NonEmptyTree.DeleteNode
[       OK ] NonEmptyTree.DeleteNode (0 ms)
[----------] 1 test from NonEmptyTree (0 ms total)

[----------] Global test environment tear-down
[==========] 1 test from 1 test suite ran. (0 ms total)
[  PASSED  ] 1 test.
<end of output>
Test time =   0.00 sec
----------------------------------------------------------
Test Passed.
"NonEmptyTree.DeleteNode" end time: Mar 06 18:33 CET
"NonEmptyTree.DeleteNode" time elapsed: 00:00:00
----------------------------------------------------------

6/44 Testing: NonEmptyTree.FindNode
6/44 Test: NonEmptyTree.FindNode
Command: "/home/boriss/Documents/VUT FIT/IVS/proj1/build/black_box_test" "--gtest_filter=NonEmptyTree.FindNode" "--gtest_also_run_disabled_tests"
Directory: /home/boriss/Documents/VUT FIT/IVS/proj1/build
"NonEmptyTree.FindNode" start time: Mar 06 18:33 CET
Output:
----------------------------------------------------------
Running main() from /home/boriss/Documents/VUT FIT/IVS/proj1/build/_deps/googletest-src/googletest/src/gtest_main.cc
Note: Google Test filter = NonEmptyTree.FindNode
[==========] Running 1 test from 1 test suite.
[----------] Global test environment set-up.
[----------] 1 test from NonEmptyTree
[ RUN      ] NonEmptyTree.FindNode
[       OK ] NonEmptyTree.FindNode (0 ms)
[----------] 1 test from NonEmptyTree (0 ms total)

[----------] Global test environment tear-down
[==========] 1 test from 1 test suite ran. (0 ms total)
[  PASSED  ] 1 test.
<end of output>
Test time =   0.00 sec
----------------------------------------------------------
Test Passed.
"NonEmptyTree.FindNode" end time: Mar 06 18:33 CET
"NonEmptyTree.FindNode" time elapsed: 00:00:00
----------------------------------------------------------

7/44 Testing: TreeAxioms.Axiom1
7/44 Test: TreeAxioms.Axiom1
Command: "/home/boriss/Documents/VUT FIT/IVS/proj1/build/black_box_test" "--gtest_filter=TreeAxioms.Axiom1" "--gtest_also_run_disabled_tests"
Directory: /home/boriss/Documents/VUT FIT/IVS/proj1/build
"TreeAxioms.Axiom1" start time: Mar 06 18:33 CET
Output:
----------------------------------------------------------
Running main() from /home/boriss/Documents/VUT FIT/IVS/proj1/build/_deps/googletest-src/googletest/src/gtest_main.cc
Note: Google Test filter = TreeAxioms.Axiom1
[==========] Running 1 test from 1 test suite.
[----------] Global test environment set-up.
[----------] 1 test from TreeAxioms
[ RUN      ] TreeAxioms.Axiom1
[       OK ] TreeAxioms.Axiom1 (0 ms)
[----------] 1 test from TreeAxioms (0 ms total)

[----------] Global test environment tear-down
[==========] 1 test from 1 test suite ran. (0 ms total)
[  PASSED  ] 1 test.
<end of output>
Test time =   0.00 sec
----------------------------------------------------------
Test Passed.
"TreeAxioms.Axiom1" end time: Mar 06 18:33 CET
"TreeAxioms.Axiom1" time elapsed: 00:00:00
----------------------------------------------------------

8/44 Testing: TreeAxioms.Axiom2
8/44 Test: TreeAxioms.Axiom2
Command: "/home/boriss/Documents/VUT FIT/IVS/proj1/build/black_box_test" "--gtest_filter=TreeAxioms.Axiom2" "--gtest_also_run_disabled_tests"
Directory: /home/boriss/Documents/VUT FIT/IVS/proj1/build
"TreeAxioms.Axiom2" start time: Mar 06 18:33 CET
Output:
----------------------------------------------------------
Running main() from /home/boriss/Documents/VUT FIT/IVS/proj1/build/_deps/googletest-src/googletest/src/gtest_main.cc
Note: Google Test filter = TreeAxioms.Axiom2
[==========] Running 1 test from 1 test suite.
[----------] Global test environment set-up.
[----------] 1 test from TreeAxioms
[ RUN      ] TreeAxioms.Axiom2
[       OK ] TreeAxioms.Axiom2 (0 ms)
[----------] 1 test from TreeAxioms (0 ms total)

[----------] Global test environment tear-down
[==========] 1 test from 1 test suite ran. (0 ms total)
[  PASSED  ] 1 test.
<end of output>
Test time =   0.00 sec
----------------------------------------------------------
Test Passed.
"TreeAxioms.Axiom2" end time: Mar 06 18:33 CET
"TreeAxioms.Axiom2" time elapsed: 00:00:00
----------------------------------------------------------

9/44 Testing: TreeAxioms.Axiom3
9/44 Test: TreeAxioms.Axiom3
Command: "/home/boriss/Documents/VUT FIT/IVS/proj1/build/black_box_test" "--gtest_filter=TreeAxioms.Axiom3" "--gtest_also_run_disabled_tests"
Directory: /home/boriss/Documents/VUT FIT/IVS/proj1/build
"TreeAxioms.Axiom3" start time: Mar 06 18:33 CET
Output:
----------------------------------------------------------
Running main() from /home/boriss/Documents/VUT FIT/IVS/proj1/build/_deps/googletest-src/googletest/src/gtest_main.cc
Note: Google Test filter = TreeAxioms.Axiom3
[==========] Running 1 test from 1 test suite.
[----------] Global test environment set-up.
[----------] 1 test from TreeAxioms
[ RUN      ] TreeAxioms.Axiom3
[       OK ] TreeAxioms.Axiom3 (0 ms)
[----------] 1 test from TreeAxioms (0 ms total)

[----------] Global test environment tear-down
[==========] 1 test from 1 test suite ran. (0 ms total)
[  PASSED  ] 1 test.
<end of output>
Test time =   0.00 sec
----------------------------------------------------------
Test Passed.
"TreeAxioms.Axiom3" end time: Mar 06 18:33 CET
"TreeAxioms.Axiom3" time elapsed: 00:00:00
----------------------------------------------------------

10/44 Testing: BasicTests.TableConstructor
10/44 Test: BasicTests.TableConstructor
Command: "/home/boriss/Documents/VUT FIT/IVS/proj1/build/white_box_test" "--gtest_filter=BasicTests.TableConstructor" "--gtest_also_run_disabled_tests"
Directory: /home/boriss/Documents/VUT FIT/IVS/proj1/build
"BasicTests.TableConstructor" start time: Mar 06 18:33 CET
Output:
----------------------------------------------------------
Running main() from /home/boriss/Documents/VUT FIT/IVS/proj1/build/_deps/googletest-src/googletest/src/gtest_main.cc
Note: Google Test filter = BasicTests.TableConstructor
[==========] Running 1 test from 1 test suite.
[----------] Global test environment set-up.
[----------] 1 test from BasicTests
[ RUN      ] BasicTests.TableConstructor
[       OK ] BasicTests.TableConstructor (0 ms)
[----------] 1 test from BasicTests (0 ms total)

[----------] Global test environment tear-down
[==========] 1 test from 1 test suite ran. (0 ms total)
[  PASSED  ] 1 test.
<end of output>
Test time =   0.00 sec
----------------------------------------------------------
Test Passed.
"BasicTests.TableConstructor" end time: Mar 06 18:33 CET
"BasicTests.TableConstructor" time elapsed: 00:00:00
----------------------------------------------------------

11/44 Testing: BasicTests.TableDestructor
11/44 Test: BasicTests.TableDestructor
Command: "/home/boriss/Documents/VUT FIT/IVS/proj1/build/white_box_test" "--gtest_filter=BasicTests.TableDestructor" "--gtest_also_run_disabled_tests"
Directory: /home/boriss/Documents/VUT FIT/IVS/proj1/build
"BasicTests.TableDestructor" start time: Mar 06 18:33 CET
Output:
----------------------------------------------------------
Running main() from /home/boriss/Documents/VUT FIT/IVS/proj1/build/_deps/googletest-src/googletest/src/gtest_main.cc
Note: Google Test filter = BasicTests.TableDestructor
[==========] Running 1 test from 1 test suite.
[----------] Global test environment set-up.
[----------] 1 test from BasicTests
[ RUN      ] BasicTests.TableDestructor
[       OK ] BasicTests.TableDestructor (0 ms)
[----------] 1 test from BasicTests (0 ms total)

[----------] Global test environment tear-down
[==========] 1 test from 1 test suite ran. (0 ms total)
[  PASSED  ] 1 test.
<end of output>
Test time =   0.00 sec
----------------------------------------------------------
Test Passed.
"BasicTests.TableDestructor" end time: Mar 06 18:33 CET
"BasicTests.TableDestructor" time elapsed: 00:00:00
----------------------------------------------------------

12/44 Testing: NonEmptyGraph.nodes
12/44 Test: NonEmptyGraph.nodes
Command: "/home/boriss/Documents/VUT FIT/IVS/proj1/build/tdd_test" "--gtest_filter=NonEmptyGraph.nodes" "--gtest_also_run_disabled_tests"
Directory: /home/boriss/Documents/VUT FIT/IVS/proj1/build
"NonEmptyGraph.nodes" start time: Mar 06 18:33 CET
Output:
----------------------------------------------------------
Running main() from /home/boriss/Documents/VUT FIT/IVS/proj1/build/_deps/googletest-src/googletest/src/gtest_main.cc
Note: Google Test filter = NonEmptyGraph.nodes
[==========] Running 1 test from 1 test suite.
[----------] Global test environment set-up.
[----------] 1 test from NonEmptyGraph
[ RUN      ] NonEmptyGraph.nodes
[       OK ] NonEmptyGraph.nodes (0 ms)
[----------] 1 test from NonEmptyGraph (0 ms total)

[----------] Global test environment tear-down
[==========] 1 test from 1 test suite ran. (0 ms total)
[  PASSED  ] 1 test.
<end of output>
Test time =   0.01 sec
----------------------------------------------------------
Test Passed.
"NonEmptyGraph.nodes" end time: Mar 06 18:33 CET
"NonEmptyGraph.nodes" time elapsed: 00:00:00
----------------------------------------------------------

13/44 Testing: NonEmptyGraph.edges
13/44 Test: NonEmptyGraph.edges
Command: "/home/boriss/Documents/VUT FIT/IVS/proj1/build/tdd_test" "--gtest_filter=NonEmptyGraph.edges" "--gtest_also_run_disabled_tests"
Directory: /home/boriss/Documents/VUT FIT/IVS/proj1/build
"NonEmptyGraph.edges" start time: Mar 06 18:33 CET
Output:
----------------------------------------------------------
Running main() from /home/boriss/Documents/VUT FIT/IVS/proj1/build/_deps/googletest-src/googletest/src/gtest_main.cc
Note: Google Test filter = NonEmptyGraph.edges
[==========] Running 1 test from 1 test suite.
[----------] Global test environment set-up.
[----------] 1 test from NonEmptyGraph
[ RUN      ] NonEmptyGraph.edges
[       OK ] NonEmptyGraph.edges (0 ms)
[----------] 1 test from NonEmptyGraph (0 ms total)

[----------] Global test environment tear-down
[==========] 1 test from 1 test suite ran. (0 ms total)
[  PASSED  ] 1 test.
<end of output>
Test time =   0.01 sec
----------------------------------------------------------
Test Passed.
"NonEmptyGraph.edges" end time: Mar 06 18:33 CET
"NonEmptyGraph.edges" time elapsed: 00:00:00
----------------------------------------------------------

14/44 Testing: NonEmptyGraph.addNode
14/44 Test: NonEmptyGraph.addNode
Command: "/home/boriss/Documents/VUT FIT/IVS/proj1/build/tdd_test" "--gtest_filter=NonEmptyGraph.addNode" "--gtest_also_run_disabled_tests"
Directory: /home/boriss/Documents/VUT FIT/IVS/proj1/build
"NonEmptyGraph.addNode" start time: Mar 06 18:33 CET
Output:
----------------------------------------------------------
Running main() from /home/boriss/Documents/VUT FIT/IVS/proj1/build/_deps/googletest-src/googletest/src/gtest_main.cc
Note: Google Test filter = NonEmptyGraph.addNode
[==========] Running 1 test from 1 test suite.
[----------] Global test environment set-up.
[----------] 1 test from NonEmptyGraph
[ RUN      ] NonEmptyGraph.addNode
[       OK ] NonEmptyGraph.addNode (0 ms)
[----------] 1 test from NonEmptyGraph (0 ms total)

[----------] Global test environment tear-down
[==========] 1 test from 1 test suite ran. (0 ms total)
[  PASSED  ] 1 test.
<end of output>
Test time =   0.00 sec
----------------------------------------------------------
Test Passed.
"NonEmptyGraph.addNode" end time: Mar 06 18:33 CET
"NonEmptyGraph.addNode" time elapsed: 00:00:00
----------------------------------------------------------

15/44 Testing: NonEmptyGraph.addEdge
15/44 Test: NonEmptyGraph.addEdge
Command: "/home/boriss/Documents/VUT FIT/IVS/proj1/build/tdd_test" "--gtest_filter=NonEmptyGraph.addEdge" "--gtest_also_run_disabled_tests"
Directory: /home/boriss/Documents/VUT FIT/IVS/proj1/build
"NonEmptyGraph.addEdge" start time: Mar 06 18:33 CET
Output:
----------------------------------------------------------
Running main() from /home/boriss/Documents/VUT FIT/IVS/proj1/build/_deps/googletest-src/googletest/src/gtest_main.cc
Note: Google Test filter = NonEmptyGraph.addEdge
[==========] Running 1 test from 1 test suite.
[----------] Global test environment set-up.
[----------] 1 test from NonEmptyGraph
[ RUN      ] NonEmptyGraph.addEdge
[       OK ] NonEmptyGraph.addEdge (0 ms)
[----------] 1 test from NonEmptyGraph (0 ms total)

[----------] Global test environment tear-down
[==========] 1 test from 1 test suite ran. (0 ms total)
[  PASSED  ] 1 test.
<end of output>
Test time =   0.01 sec
----------------------------------------------------------
Test Passed.
"NonEmptyGraph.addEdge" end time: Mar 06 18:33 CET
"NonEmptyGraph.addEdge" time elapsed: 00:00:00
----------------------------------------------------------

16/44 Testing: NonEmptyGraph.addMultipleEdges
16/44 Test: NonEmptyGraph.addMultipleEdges
Command: "/home/boriss/Documents/VUT FIT/IVS/proj1/build/tdd_test" "--gtest_filter=NonEmptyGraph.addMultipleEdges" "--gtest_also_run_disabled_tests"
Directory: /home/boriss/Documents/VUT FIT/IVS/proj1/build
"NonEmptyGraph.addMultipleEdges" start time: Mar 06 18:33 CET
Output:
----------------------------------------------------------
Running main() from /home/boriss/Documents/VUT FIT/IVS/proj1/build/_deps/googletest-src/googletest/src/gtest_main.cc
Note: Google Test filter = NonEmptyGraph.addMultipleEdges
[==========] Running 1 test from 1 test suite.
[----------] Global test environment set-up.
[----------] 1 test from NonEmptyGraph
[ RUN      ] NonEmptyGraph.addMultipleEdges
[       OK ] NonEmptyGraph.addMultipleEdges (0 ms)
[----------] 1 test from NonEmptyGraph (0 ms total)

[----------] Global test environment tear-down
[==========] 1 test from 1 test suite ran. (0 ms total)
[  PASSED  ] 1 test.
<end of output>
Test time =   0.01 sec
----------------------------------------------------------
Test Passed.
"NonEmptyGraph.addMultipleEdges" end time: Mar 06 18:33 CET
"NonEmptyGraph.addMultipleEdges" time elapsed: 00:00:00
----------------------------------------------------------

17/44 Testing: NonEmptyGraph.getNode
17/44 Test: NonEmptyGraph.getNode
Command: "/home/boriss/Documents/VUT FIT/IVS/proj1/build/tdd_test" "--gtest_filter=NonEmptyGraph.getNode" "--gtest_also_run_disabled_tests"
Directory: /home/boriss/Documents/VUT FIT/IVS/proj1/build
"NonEmptyGraph.getNode" start time: Mar 06 18:33 CET
Output:
----------------------------------------------------------
Running main() from /home/boriss/Documents/VUT FIT/IVS/proj1/build/_deps/googletest-src/googletest/src/gtest_main.cc
Note: Google Test filter = NonEmptyGraph.getNode
[==========] Running 1 test from 1 test suite.
[----------] Global test environment set-up.
[----------] 1 test from NonEmptyGraph
[ RUN      ] NonEmptyGraph.getNode
[       OK ] NonEmptyGraph.getNode (0 ms)
[----------] 1 test from NonEmptyGraph (0 ms total)

[----------] Global test environment tear-down
[==========] 1 test from 1 test suite ran. (0 ms total)
[  PASSED  ] 1 test.
<end of output>
Test time =   0.00 sec
----------------------------------------------------------
Test Passed.
"NonEmptyGraph.getNode" end time: Mar 06 18:33 CET
"NonEmptyGraph.getNode" time elapsed: 00:00:00
----------------------------------------------------------

18/44 Testing: NonEmptyGraph.containsEdge
18/44 Test: NonEmptyGraph.containsEdge
Command: "/home/boriss/Documents/VUT FIT/IVS/proj1/build/tdd_test" "--gtest_filter=NonEmptyGraph.containsEdge" "--gtest_also_run_disabled_tests"
Directory: /home/boriss/Documents/VUT FIT/IVS/proj1/build
"NonEmptyGraph.containsEdge" start time: Mar 06 18:33 CET
Output:
----------------------------------------------------------
Running main() from /home/boriss/Documents/VUT FIT/IVS/proj1/build/_deps/googletest-src/googletest/src/gtest_main.cc
Note: Google Test filter = NonEmptyGraph.containsEdge
[==========] Running 1 test from 1 test suite.
[----------] Global test environment set-up.
[----------] 1 test from NonEmptyGraph
[ RUN      ] NonEmptyGraph.containsEdge
[       OK ] NonEmptyGraph.containsEdge (0 ms)
[----------] 1 test from NonEmptyGraph (0 ms total)

[----------] Global test environment tear-down
[==========] 1 test from 1 test suite ran. (0 ms total)
[  PASSED  ] 1 test.
<end of output>
Test time =   0.01 sec
----------------------------------------------------------
Test Passed.
"NonEmptyGraph.containsEdge" end time: Mar 06 18:33 CET
"NonEmptyGraph.containsEdge" time elapsed: 00:00:00
----------------------------------------------------------

19/44 Testing: NonEmptyGraph.removeNode
19/44 Test: NonEmptyGraph.removeNode
Command: "/home/boriss/Documents/VUT FIT/IVS/proj1/build/tdd_test" "--gtest_filter=NonEmptyGraph.removeNode" "--gtest_also_run_disabled_tests"
Directory: /home/boriss/Documents/VUT FIT/IVS/proj1/build
"NonEmptyGraph.removeNode" start time: Mar 06 18:33 CET
Output:
----------------------------------------------------------
Running main() from /home/boriss/Documents/VUT FIT/IVS/proj1/build/_deps/googletest-src/googletest/src/gtest_main.cc
Note: Google Test filter = NonEmptyGraph.removeNode
[==========] Running 1 test from 1 test suite.
[----------] Global test environment set-up.
[----------] 1 test from NonEmptyGraph
[ RUN      ] NonEmptyGraph.removeNode
[       OK ] NonEmptyGraph.removeNode (0 ms)
[----------] 1 test from NonEmptyGraph (0 ms total)

[----------] Global test environment tear-down
[==========] 1 test from 1 test suite ran. (0 ms total)
[  PASSED  ] 1 test.
<end of output>
Test time =   0.01 sec
----------------------------------------------------------
Test Passed.
"NonEmptyGraph.removeNode" end time: Mar 06 18:33 CET
"NonEmptyGraph.removeNode" time elapsed: 00:00:00
----------------------------------------------------------

20/44 Testing: NonEmptyGraph.removeEdge
20/44 Test: NonEmptyGraph.removeEdge
Command: "/home/boriss/Documents/VUT FIT/IVS/proj1/build/tdd_test" "--gtest_filter=NonEmptyGraph.removeEdge" "--gtest_also_run_disabled_tests"
Directory: /home/boriss/Documents/VUT FIT/IVS/proj1/build
"NonEmptyGraph.removeEdge" start time: Mar 06 18:33 CET
Output:
----------------------------------------------------------
Running main() from /home/boriss/Documents/VUT FIT/IVS/proj1/build/_deps/googletest-src/googletest/src/gtest_main.cc
Note: Google Test filter = NonEmptyGraph.removeEdge
[==========] Running 1 test from 1 test suite.
[----------] Global test environment set-up.
[----------] 1 test from NonEmptyGraph
[ RUN      ] NonEmptyGraph.removeEdge
[       OK ] NonEmptyGraph.removeEdge (0 ms)
[----------] 1 test from NonEmptyGraph (0 ms total)

[----------] Global test environment tear-down
[==========] 1 test from 1 test suite ran. (0 ms total)
[  PASSED  ] 1 test.
<end of output>
Test time =   0.00 sec
----------------------------------------------------------
Test Passed.
"NonEmptyGraph.removeEdge" end time: Mar 06 18:33 CET
"NonEmptyGraph.removeEdge" time elapsed: 00:00:00
----------------------------------------------------------

21/44 Testing: NonEmptyGraph.nodeCount
21/44 Test: NonEmptyGraph.nodeCount
Command: "/home/boriss/Documents/VUT FIT/IVS/proj1/build/tdd_test" "--gtest_filter=NonEmptyGraph.nodeCount" "--gtest_also_run_disabled_tests"
Directory: /home/boriss/Documents/VUT FIT/IVS/proj1/build
"NonEmptyGraph.nodeCount" start time: Mar 06 18:33 CET
Output:
----------------------------------------------------------
Running main() from /home/boriss/Documents/VUT FIT/IVS/proj1/build/_deps/googletest-src/googletest/src/gtest_main.cc
Note: Google Test filter = NonEmptyGraph.nodeCount
[==========] Running 1 test from 1 test suite.
[----------] Global test environment set-up.
[----------] 1 test from NonEmptyGraph
[ RUN      ] NonEmptyGraph.nodeCount
[       OK ] NonEmptyGraph.nodeCount (0 ms)
[----------] 1 test from NonEmptyGraph (0 ms total)

[----------] Global test environment tear-down
[==========] 1 test from 1 test suite ran. (0 ms total)
[  PASSED  ] 1 test.
<end of output>
Test time =   0.00 sec
----------------------------------------------------------
Test Passed.
"NonEmptyGraph.nodeCount" end time: Mar 06 18:33 CET
"NonEmptyGraph.nodeCount" time elapsed: 00:00:00
----------------------------------------------------------

22/44 Testing: NonEmptyGraph.edgeCount
22/44 Test: NonEmptyGraph.edgeCount
Command: "/home/boriss/Documents/VUT FIT/IVS/proj1/build/tdd_test" "--gtest_filter=NonEmptyGraph.edgeCount" "--gtest_also_run_disabled_tests"
Directory: /home/boriss/Documents/VUT FIT/IVS/proj1/build
"NonEmptyGraph.edgeCount" start time: Mar 06 18:33 CET
Output:
----------------------------------------------------------
Running main() from /home/boriss/Documents/VUT FIT/IVS/proj1/build/_deps/googletest-src/googletest/src/gtest_main.cc
Note: Google Test filter = NonEmptyGraph.edgeCount
[==========] Running 1 test from 1 test suite.
[----------] Global test environment set-up.
[----------] 1 test from NonEmptyGraph
[ RUN      ] NonEmptyGraph.edgeCount
[       OK ] NonEmptyGraph.edgeCount (0 ms)
[----------] 1 test from NonEmptyGraph (0 ms total)

[----------] Global test environment tear-down
[==========] 1 test from 1 test suite ran. (0 ms total)
[  PASSED  ] 1 test.
<end of output>
Test time =   0.01 sec
----------------------------------------------------------
Test Passed.
"NonEmptyGraph.edgeCount" end time: Mar 06 18:33 CET
"NonEmptyGraph.edgeCount" time elapsed: 00:00:00
----------------------------------------------------------

23/44 Testing: NonEmptyGraph.nodeDegree
23/44 Test: NonEmptyGraph.nodeDegree
Command: "/home/boriss/Documents/VUT FIT/IVS/proj1/build/tdd_test" "--gtest_filter=NonEmptyGraph.nodeDegree" "--gtest_also_run_disabled_tests"
Directory: /home/boriss/Documents/VUT FIT/IVS/proj1/build
"NonEmptyGraph.nodeDegree" start time: Mar 06 18:33 CET
Output:
----------------------------------------------------------
Running main() from /home/boriss/Documents/VUT FIT/IVS/proj1/build/_deps/googletest-src/googletest/src/gtest_main.cc
Note: Google Test filter = NonEmptyGraph.nodeDegree
[==========] Running 1 test from 1 test suite.
[----------] Global test environment set-up.
[----------] 1 test from NonEmptyGraph
[ RUN      ] NonEmptyGraph.nodeDegree
[       OK ] NonEmptyGraph.nodeDegree (0 ms)
[----------] 1 test from NonEmptyGraph (0 ms total)

[----------] Global test environment tear-down
[==========] 1 test from 1 test suite ran. (0 ms total)
[  PASSED  ] 1 test.
<end of output>
Test time =   0.01 sec
----------------------------------------------------------
Test Passed.
"NonEmptyGraph.nodeDegree" end time: Mar 06 18:33 CET
"NonEmptyGraph.nodeDegree" time elapsed: 00:00:00
----------------------------------------------------------

24/44 Testing: NonEmptyGraph.graphDegree
24/44 Test: NonEmptyGraph.graphDegree
Command: "/home/boriss/Documents/VUT FIT/IVS/proj1/build/tdd_test" "--gtest_filter=NonEmptyGraph.graphDegree" "--gtest_also_run_disabled_tests"
Directory: /home/boriss/Documents/VUT FIT/IVS/proj1/build
"NonEmptyGraph.graphDegree" start time: Mar 06 18:33 CET
Output:
----------------------------------------------------------
Running main() from /home/boriss/Documents/VUT FIT/IVS/proj1/build/_deps/googletest-src/googletest/src/gtest_main.cc
Note: Google Test filter = NonEmptyGraph.graphDegree
[==========] Running 1 test from 1 test suite.
[----------] Global test environment set-up.
[----------] 1 test from NonEmptyGraph
[ RUN      ] NonEmptyGraph.graphDegree
[       OK ] NonEmptyGraph.graphDegree (0 ms)
[----------] 1 test from NonEmptyGraph (0 ms total)

[----------] Global test environment tear-down
[==========] 1 test from 1 test suite ran. (0 ms total)
[  PASSED  ] 1 test.
<end of output>
Test time =   0.01 sec
----------------------------------------------------------
Test Passed.
"NonEmptyGraph.graphDegree" end time: Mar 06 18:33 CET
"NonEmptyGraph.graphDegree" time elapsed: 00:00:00
----------------------------------------------------------

25/44 Testing: NonEmptyGraph.coloring
25/44 Test: NonEmptyGraph.coloring
Command: "/home/boriss/Documents/VUT FIT/IVS/proj1/build/tdd_test" "--gtest_filter=NonEmptyGraph.coloring" "--gtest_also_run_disabled_tests"
Directory: /home/boriss/Documents/VUT FIT/IVS/proj1/build
"NonEmptyGraph.coloring" start time: Mar 06 18:33 CET
Output:
----------------------------------------------------------
Running main() from /home/boriss/Documents/VUT FIT/IVS/proj1/build/_deps/googletest-src/googletest/src/gtest_main.cc
Note: Google Test filter = NonEmptyGraph.coloring
[==========] Running 1 test from 1 test suite.
[----------] Global test environment set-up.
[----------] 1 test from NonEmptyGraph
[ RUN      ] NonEmptyGraph.coloring
/home/boriss/Documents/VUT FIT/IVS/proj1/tdd_tests.cpp:218: Failure
Value of: *colors.begin() != 0
  Actual: false
Expected: true
/home/boriss/Documents/VUT FIT/IVS/proj1/tdd_tests.cpp:224: Failure
Expected: (graph.getNode(edge.a)->color) != (graph.getNode(edge.b)->color), actual: 0 vs 0
/home/boriss/Documents/VUT FIT/IVS/proj1/tdd_tests.cpp:224: Failure
Expected: (graph.getNode(edge.a)->color) != (graph.getNode(edge.b)->color), actual: 0 vs 0
/home/boriss/Documents/VUT FIT/IVS/proj1/tdd_tests.cpp:224: Failure
Expected: (graph.getNode(edge.a)->color) != (graph.getNode(edge.b)->color), actual: 0 vs 0
/home/boriss/Documents/VUT FIT/IVS/proj1/tdd_tests.cpp:224: Failure
Expected: (graph.getNode(edge.a)->color) != (graph.getNode(edge.b)->color), actual: 0 vs 0
/home/boriss/Documents/VUT FIT/IVS/proj1/tdd_tests.cpp:224: Failure
Expected: (graph.getNode(edge.a)->color) != (graph.getNode(edge.b)->color), actual: 0 vs 0
/home/boriss/Documents/VUT FIT/IVS/proj1/tdd_tests.cpp:224: Failure
Expected: (graph.getNode(edge.a)->color) != (graph.getNode(edge.b)->color), actual: 0 vs 0
[  FAILED  ] NonEmptyGraph.coloring (0 ms)
[----------] 1 test from NonEmptyGraph (0 ms total)

[----------] Global test environment tear-down
[==========] 1 test from 1 test suite ran. (0 ms total)
[  PASSED  ] 0 tests.
[  FAILED  ] 1 test, listed below:
[  FAILED  ] NonEmptyGraph.coloring

 1 FAILED TEST
<end of output>
Test time =   0.00 sec
----------------------------------------------------------
Test Failed.
"NonEmptyGraph.coloring" end time: Mar 06 18:33 CET
"NonEmptyGraph.coloring" time elapsed: 00:00:00
----------------------------------------------------------

26/44 Testing: NonEmptyGraph.clear
26/44 Test: NonEmptyGraph.clear
Command: "/home/boriss/Documents/VUT FIT/IVS/proj1/build/tdd_test" "--gtest_filter=NonEmptyGraph.clear" "--gtest_also_run_disabled_tests"
Directory: /home/boriss/Documents/VUT FIT/IVS/proj1/build
"NonEmptyGraph.clear" start time: Mar 06 18:33 CET
Output:
----------------------------------------------------------
Running main() from /home/boriss/Documents/VUT FIT/IVS/proj1/build/_deps/googletest-src/googletest/src/gtest_main.cc
Note: Google Test filter = NonEmptyGraph.clear
[==========] Running 1 test from 1 test suite.
[----------] Global test environment set-up.
[----------] 1 test from NonEmptyGraph
[ RUN      ] NonEmptyGraph.clear
[       OK ] NonEmptyGraph.clear (0 ms)
[----------] 1 test from NonEmptyGraph (0 ms total)

[----------] Global test environment tear-down
[==========] 1 test from 1 test suite ran. (0 ms total)
[  PASSED  ] 1 test.
<end of output>
Test time =   0.00 sec
----------------------------------------------------------
Test Passed.
"NonEmptyGraph.clear" end time: Mar 06 18:33 CET
"NonEmptyGraph.clear" time elapsed: 00:00:00
----------------------------------------------------------

27/44 Testing: EmptyGraph.nodes
27/44 Test: EmptyGraph.nodes
Command: "/home/boriss/Documents/VUT FIT/IVS/proj1/build/tdd_test" "--gtest_filter=EmptyGraph.nodes" "--gtest_also_run_disabled_tests"
Directory: /home/boriss/Documents/VUT FIT/IVS/proj1/build
"EmptyGraph.nodes" start time: Mar 06 18:33 CET
Output:
----------------------------------------------------------
Running main() from /home/boriss/Documents/VUT FIT/IVS/proj1/build/_deps/googletest-src/googletest/src/gtest_main.cc
Note: Google Test filter = EmptyGraph.nodes
[==========] Running 1 test from 1 test suite.
[----------] Global test environment set-up.
[----------] 1 test from EmptyGraph
[ RUN      ] EmptyGraph.nodes
[       OK ] EmptyGraph.nodes (0 ms)
[----------] 1 test from EmptyGraph (0 ms total)

[----------] Global test environment tear-down
[==========] 1 test from 1 test suite ran. (0 ms total)
[  PASSED  ] 1 test.
<end of output>
Test time =   0.01 sec
----------------------------------------------------------
Test Passed.
"EmptyGraph.nodes" end time: Mar 06 18:33 CET
"EmptyGraph.nodes" time elapsed: 00:00:00
----------------------------------------------------------

28/44 Testing: EmptyGraph.edges
28/44 Test: EmptyGraph.edges
Command: "/home/boriss/Documents/VUT FIT/IVS/proj1/build/tdd_test" "--gtest_filter=EmptyGraph.edges" "--gtest_also_run_disabled_tests"
Directory: /home/boriss/Documents/VUT FIT/IVS/proj1/build
"EmptyGraph.edges" start time: Mar 06 18:33 CET
Output:
----------------------------------------------------------
Running main() from /home/boriss/Documents/VUT FIT/IVS/proj1/build/_deps/googletest-src/googletest/src/gtest_main.cc
Note: Google Test filter = EmptyGraph.edges
[==========] Running 1 test from 1 test suite.
[----------] Global test environment set-up.
[----------] 1 test from EmptyGraph
[ RUN      ] EmptyGraph.edges
[       OK ] EmptyGraph.edges (0 ms)
[----------] 1 test from EmptyGraph (0 ms total)

[----------] Global test environment tear-down
[==========] 1 test from 1 test suite ran. (0 ms total)
[  PASSED  ] 1 test.
<end of output>
Test time =   0.00 sec
----------------------------------------------------------
Test Passed.
"EmptyGraph.edges" end time: Mar 06 18:33 CET
"EmptyGraph.edges" time elapsed: 00:00:00
----------------------------------------------------------

29/44 Testing: EmptyGraph.addNode
29/44 Test: EmptyGraph.addNode
Command: "/home/boriss/Documents/VUT FIT/IVS/proj1/build/tdd_test" "--gtest_filter=EmptyGraph.addNode" "--gtest_also_run_disabled_tests"
Directory: /home/boriss/Documents/VUT FIT/IVS/proj1/build
"EmptyGraph.addNode" start time: Mar 06 18:33 CET
Output:
----------------------------------------------------------
Running main() from /home/boriss/Documents/VUT FIT/IVS/proj1/build/_deps/googletest-src/googletest/src/gtest_main.cc
Note: Google Test filter = EmptyGraph.addNode
[==========] Running 1 test from 1 test suite.
[----------] Global test environment set-up.
[----------] 1 test from EmptyGraph
[ RUN      ] EmptyGraph.addNode
[       OK ] EmptyGraph.addNode (0 ms)
[----------] 1 test from EmptyGraph (0 ms total)

[----------] Global test environment tear-down
[==========] 1 test from 1 test suite ran. (0 ms total)
[  PASSED  ] 1 test.
<end of output>
Test time =   0.01 sec
----------------------------------------------------------
Test Passed.
"EmptyGraph.addNode" end time: Mar 06 18:33 CET
"EmptyGraph.addNode" time elapsed: 00:00:00
----------------------------------------------------------

30/44 Testing: EmptyGraph.addEdge
30/44 Test: EmptyGraph.addEdge
Command: "/home/boriss/Documents/VUT FIT/IVS/proj1/build/tdd_test" "--gtest_filter=EmptyGraph.addEdge" "--gtest_also_run_disabled_tests"
Directory: /home/boriss/Documents/VUT FIT/IVS/proj1/build
"EmptyGraph.addEdge" start time: Mar 06 18:33 CET
Output:
----------------------------------------------------------
Running main() from /home/boriss/Documents/VUT FIT/IVS/proj1/build/_deps/googletest-src/googletest/src/gtest_main.cc
Note: Google Test filter = EmptyGraph.addEdge
[==========] Running 1 test from 1 test suite.
[----------] Global test environment set-up.
[----------] 1 test from EmptyGraph
[ RUN      ] EmptyGraph.addEdge
[       OK ] EmptyGraph.addEdge (0 ms)
[----------] 1 test from EmptyGraph (0 ms total)

[----------] Global test environment tear-down
[==========] 1 test from 1 test suite ran. (0 ms total)
[  PASSED  ] 1 test.
<end of output>
Test time =   0.00 sec
----------------------------------------------------------
Test Passed.
"EmptyGraph.addEdge" end time: Mar 06 18:33 CET
"EmptyGraph.addEdge" time elapsed: 00:00:00
----------------------------------------------------------

31/44 Testing: EmptyGraph.addMultipleEdges
31/44 Test: EmptyGraph.addMultipleEdges
Command: "/home/boriss/Documents/VUT FIT/IVS/proj1/build/tdd_test" "--gtest_filter=EmptyGraph.addMultipleEdges" "--gtest_also_run_disabled_tests"
Directory: /home/boriss/Documents/VUT FIT/IVS/proj1/build
"EmptyGraph.addMultipleEdges" start time: Mar 06 18:33 CET
Output:
----------------------------------------------------------
Running main() from /home/boriss/Documents/VUT FIT/IVS/proj1/build/_deps/googletest-src/googletest/src/gtest_main.cc
Note: Google Test filter = EmptyGraph.addMultipleEdges
[==========] Running 1 test from 1 test suite.
[----------] Global test environment set-up.
[----------] 1 test from EmptyGraph
[ RUN      ] EmptyGraph.addMultipleEdges
[       OK ] EmptyGraph.addMultipleEdges (0 ms)
[----------] 1 test from EmptyGraph (0 ms total)

[----------] Global test environment tear-down
[==========] 1 test from 1 test suite ran. (0 ms total)
[  PASSED  ] 1 test.
<end of output>
Test time =   0.01 sec
----------------------------------------------------------
Test Passed.
"EmptyGraph.addMultipleEdges" end time: Mar 06 18:33 CET
"EmptyGraph.addMultipleEdges" time elapsed: 00:00:00
----------------------------------------------------------

32/44 Testing: EmptyGraph.getNode
32/44 Test: EmptyGraph.getNode
Command: "/home/boriss/Documents/VUT FIT/IVS/proj1/build/tdd_test" "--gtest_filter=EmptyGraph.getNode" "--gtest_also_run_disabled_tests"
Directory: /home/boriss/Documents/VUT FIT/IVS/proj1/build
"EmptyGraph.getNode" start time: Mar 06 18:33 CET
Output:
----------------------------------------------------------
Running main() from /home/boriss/Documents/VUT FIT/IVS/proj1/build/_deps/googletest-src/googletest/src/gtest_main.cc
Note: Google Test filter = EmptyGraph.getNode
[==========] Running 1 test from 1 test suite.
[----------] Global test environment set-up.
[----------] 1 test from EmptyGraph
[ RUN      ] EmptyGraph.getNode
[       OK ] EmptyGraph.getNode (0 ms)
[----------] 1 test from EmptyGraph (0 ms total)

[----------] Global test environment tear-down
[==========] 1 test from 1 test suite ran. (0 ms total)
[  PASSED  ] 1 test.
<end of output>
Test time =   0.00 sec
----------------------------------------------------------
Test Passed.
"EmptyGraph.getNode" end time: Mar 06 18:33 CET
"EmptyGraph.getNode" time elapsed: 00:00:00
----------------------------------------------------------

33/44 Testing: EmptyGraph.containsEdge
33/44 Test: EmptyGraph.containsEdge
Command: "/home/boriss/Documents/VUT FIT/IVS/proj1/build/tdd_test" "--gtest_filter=EmptyGraph.containsEdge" "--gtest_also_run_disabled_tests"
Directory: /home/boriss/Documents/VUT FIT/IVS/proj1/build
"EmptyGraph.containsEdge" start time: Mar 06 18:33 CET
Output:
----------------------------------------------------------
Running main() from /home/boriss/Documents/VUT FIT/IVS/proj1/build/_deps/googletest-src/googletest/src/gtest_main.cc
Note: Google Test filter = EmptyGraph.containsEdge
[==========] Running 1 test from 1 test suite.
[----------] Global test environment set-up.
[----------] 1 test from EmptyGraph
[ RUN      ] EmptyGraph.containsEdge
[       OK ] EmptyGraph.containsEdge (0 ms)
[----------] 1 test from EmptyGraph (0 ms total)

[----------] Global test environment tear-down
[==========] 1 test from 1 test suite ran. (0 ms total)
[  PASSED  ] 1 test.
<end of output>
Test time =   0.01 sec
----------------------------------------------------------
Test Passed.
"EmptyGraph.containsEdge" end time: Mar 06 18:33 CET
"EmptyGraph.containsEdge" time elapsed: 00:00:00
----------------------------------------------------------

34/44 Testing: EmptyGraph.removeNode
34/44 Test: EmptyGraph.removeNode
Command: "/home/boriss/Documents/VUT FIT/IVS/proj1/build/tdd_test" "--gtest_filter=EmptyGraph.removeNode" "--gtest_also_run_disabled_tests"
Directory: /home/boriss/Documents/VUT FIT/IVS/proj1/build
"EmptyGraph.removeNode" start time: Mar 06 18:33 CET
Output:
----------------------------------------------------------
Running main() from /home/boriss/Documents/VUT FIT/IVS/proj1/build/_deps/googletest-src/googletest/src/gtest_main.cc
Note: Google Test filter = EmptyGraph.removeNode
[==========] Running 1 test from 1 test suite.
[----------] Global test environment set-up.
[----------] 1 test from EmptyGraph
[ RUN      ] EmptyGraph.removeNode
[       OK ] EmptyGraph.removeNode (0 ms)
[----------] 1 test from EmptyGraph (0 ms total)

[----------] Global test environment tear-down
[==========] 1 test from 1 test suite ran. (0 ms total)
[  PASSED  ] 1 test.
<end of output>
Test time =   0.00 sec
----------------------------------------------------------
Test Passed.
"EmptyGraph.removeNode" end time: Mar 06 18:33 CET
"EmptyGraph.removeNode" time elapsed: 00:00:00
----------------------------------------------------------

35/44 Testing: EmptyGraph.removeEdge
35/44 Test: EmptyGraph.removeEdge
Command: "/home/boriss/Documents/VUT FIT/IVS/proj1/build/tdd_test" "--gtest_filter=EmptyGraph.removeEdge" "--gtest_also_run_disabled_tests"
Directory: /home/boriss/Documents/VUT FIT/IVS/proj1/build
"EmptyGraph.removeEdge" start time: Mar 06 18:33 CET
Output:
----------------------------------------------------------
Running main() from /home/boriss/Documents/VUT FIT/IVS/proj1/build/_deps/googletest-src/googletest/src/gtest_main.cc
Note: Google Test filter = EmptyGraph.removeEdge
[==========] Running 1 test from 1 test suite.
[----------] Global test environment set-up.
[----------] 1 test from EmptyGraph
[ RUN      ] EmptyGraph.removeEdge
[       OK ] EmptyGraph.removeEdge (0 ms)
[----------] 1 test from EmptyGraph (0 ms total)

[----------] Global test environment tear-down
[==========] 1 test from 1 test suite ran. (0 ms total)
[  PASSED  ] 1 test.
<end of output>
Test time =   0.01 sec
----------------------------------------------------------
Test Passed.
"EmptyGraph.removeEdge" end time: Mar 06 18:33 CET
"EmptyGraph.removeEdge" time elapsed: 00:00:00
----------------------------------------------------------

36/44 Testing: EmptyGraph.nodeCount
36/44 Test: EmptyGraph.nodeCount
Command: "/home/boriss/Documents/VUT FIT/IVS/proj1/build/tdd_test" "--gtest_filter=EmptyGraph.nodeCount" "--gtest_also_run_disabled_tests"
Directory: /home/boriss/Documents/VUT FIT/IVS/proj1/build
"EmptyGraph.nodeCount" start time: Mar 06 18:33 CET
Output:
----------------------------------------------------------
Running main() from /home/boriss/Documents/VUT FIT/IVS/proj1/build/_deps/googletest-src/googletest/src/gtest_main.cc
Note: Google Test filter = EmptyGraph.nodeCount
[==========] Running 1 test from 1 test suite.
[----------] Global test environment set-up.
[----------] 1 test from EmptyGraph
[ RUN      ] EmptyGraph.nodeCount
[       OK ] EmptyGraph.nodeCount (0 ms)
[----------] 1 test from EmptyGraph (0 ms total)

[----------] Global test environment tear-down
[==========] 1 test from 1 test suite ran. (0 ms total)
[  PASSED  ] 1 test.
<end of output>
Test time =   0.00 sec
----------------------------------------------------------
Test Passed.
"EmptyGraph.nodeCount" end time: Mar 06 18:33 CET
"EmptyGraph.nodeCount" time elapsed: 00:00:00
----------------------------------------------------------

37/44 Testing: EmptyGraph.edgeCount
37/44 Test: EmptyGraph.edgeCount
Command: "/home/boriss/Documents/VUT FIT/IVS/proj1/build/tdd_test" "--gtest_filter=EmptyGraph.edgeCount" "--gtest_also_run_disabled_tests"
Directory: /home/boriss/Documents/VUT FIT/IVS/proj1/build
"EmptyGraph.edgeCount" start time: Mar 06 18:33 CET
Output:
----------------------------------------------------------
Running main() from /home/boriss/Documents/VUT FIT/IVS/proj1/build/_deps/googletest-src/googletest/src/gtest_main.cc
Note: Google Test filter = EmptyGraph.edgeCount
[==========] Running 1 test from 1 test suite.
[----------] Global test environment set-up.
[----------] 1 test from EmptyGraph
[ RUN      ] EmptyGraph.edgeCount
[       OK ] EmptyGraph.edgeCount (0 ms)
[----------] 1 test from EmptyGraph (0 ms total)

[----------] Global test environment tear-down
[==========] 1 test from 1 test suite ran. (0 ms total)
[  PASSED  ] 1 test.
<end of output>
Test time =   0.01 sec
----------------------------------------------------------
Test Passed.
"EmptyGraph.edgeCount" end time: Mar 06 18:33 CET
"EmptyGraph.edgeCount" time elapsed: 00:00:00
----------------------------------------------------------

38/44 Testing: EmptyGraph.nodeDegree
38/44 Test: EmptyGraph.nodeDegree
Command: "/home/boriss/Documents/VUT FIT/IVS/proj1/build/tdd_test" "--gtest_filter=EmptyGraph.nodeDegree" "--gtest_also_run_disabled_tests"
Directory: /home/boriss/Documents/VUT FIT/IVS/proj1/build
"EmptyGraph.nodeDegree" start time: Mar 06 18:33 CET
Output:
----------------------------------------------------------
Running main() from /home/boriss/Documents/VUT FIT/IVS/proj1/build/_deps/googletest-src/googletest/src/gtest_main.cc
Note: Google Test filter = EmptyGraph.nodeDegree
[==========] Running 1 test from 1 test suite.
[----------] Global test environment set-up.
[----------] 1 test from EmptyGraph
[ RUN      ] EmptyGraph.nodeDegree
[       OK ] EmptyGraph.nodeDegree (0 ms)
[----------] 1 test from EmptyGraph (0 ms total)

[----------] Global test environment tear-down
[==========] 1 test from 1 test suite ran. (0 ms total)
[  PASSED  ] 1 test.
<end of output>
Test time =   0.00 sec
----------------------------------------------------------
Test Passed.
"EmptyGraph.nodeDegree" end time: Mar 06 18:33 CET
"EmptyGraph.nodeDegree" time elapsed: 00:00:00
----------------------------------------------------------

39/44 Testing: EmptyGraph.graphDegree
39/44 Test: EmptyGraph.graphDegree
Command: "/home/boriss/Documents/VUT FIT/IVS/proj1/build/tdd_test" "--gtest_filter=EmptyGraph.graphDegree" "--gtest_also_run_disabled_tests"
Directory: /home/boriss/Documents/VUT FIT/IVS/proj1/build
"EmptyGraph.graphDegree" start time: Mar 06 18:33 CET
Output:
----------------------------------------------------------
Running main() from /home/boriss/Documents/VUT FIT/IVS/proj1/build/_deps/googletest-src/googletest/src/gtest_main.cc
Note: Google Test filter = EmptyGraph.graphDegree
[==========] Running 1 test from 1 test suite.
[----------] Global test environment set-up.
[----------] 1 test from EmptyGraph
[ RUN      ] EmptyGraph.graphDegree
[       OK ] EmptyGraph.graphDegree (0 ms)
[----------] 1 test from EmptyGraph (0 ms total)

[----------] Global test environment tear-down
[==========] 1 test from 1 test suite ran. (0 ms total)
[  PASSED  ] 1 test.
<end of output>
Test time =   0.00 sec
----------------------------------------------------------
Test Passed.
"EmptyGraph.graphDegree" end time: Mar 06 18:33 CET
"EmptyGraph.graphDegree" time elapsed: 00:00:00
----------------------------------------------------------

40/44 Testing: EmptyGraph.coloring
40/44 Test: EmptyGraph.coloring
Command: "/home/boriss/Documents/VUT FIT/IVS/proj1/build/tdd_test" "--gtest_filter=EmptyGraph.coloring" "--gtest_also_run_disabled_tests"
Directory: /home/boriss/Documents/VUT FIT/IVS/proj1/build
"EmptyGraph.coloring" start time: Mar 06 18:33 CET
Output:
----------------------------------------------------------
Running main() from /home/boriss/Documents/VUT FIT/IVS/proj1/build/_deps/googletest-src/googletest/src/gtest_main.cc
Note: Google Test filter = EmptyGraph.coloring
[==========] Running 1 test from 1 test suite.
[----------] Global test environment set-up.
[----------] 1 test from EmptyGraph
[ RUN      ] EmptyGraph.coloring
[       OK ] EmptyGraph.coloring (0 ms)
[----------] 1 test from EmptyGraph (0 ms total)

[----------] Global test environment tear-down
[==========] 1 test from 1 test suite ran. (0 ms total)
[  PASSED  ] 1 test.
<end of output>
Test time =   0.00 sec
----------------------------------------------------------
Test Passed.
"EmptyGraph.coloring" end time: Mar 06 18:33 CET
"EmptyGraph.coloring" time elapsed: 00:00:00
----------------------------------------------------------

41/44 Testing: EmptyGraph.clear
41/44 Test: EmptyGraph.clear
Command: "/home/boriss/Documents/VUT FIT/IVS/proj1/build/tdd_test" "--gtest_filter=EmptyGraph.clear" "--gtest_also_run_disabled_tests"
Directory: /home/boriss/Documents/VUT FIT/IVS/proj1/build
"EmptyGraph.clear" start time: Mar 06 18:33 CET
Output:
----------------------------------------------------------
Running main() from /home/boriss/Documents/VUT FIT/IVS/proj1/build/_deps/googletest-src/googletest/src/gtest_main.cc
Note: Google Test filter = EmptyGraph.clear
[==========] Running 1 test from 1 test suite.
[----------] Global test environment set-up.
[----------] 1 test from EmptyGraph
[ RUN      ] EmptyGraph.clear
[       OK ] EmptyGraph.clear (0 ms)
[----------] 1 test from EmptyGraph (0 ms total)

[----------] Global test environment tear-down
[==========] 1 test from 1 test suite ran. (0 ms total)
[  PASSED  ] 1 test.
<end of output>
Test time =   0.00 sec
----------------------------------------------------------
Test Passed.
"EmptyGraph.clear" end time: Mar 06 18:33 CET
"EmptyGraph.clear" time elapsed: 00:00:00
----------------------------------------------------------

42/44 Testing: Edges.equal
42/44 Test: Edges.equal
Command: "/home/boriss/Documents/VUT FIT/IVS/proj1/build/tdd_test" "--gtest_filter=Edges.equal" "--gtest_also_run_disabled_tests"
Directory: /home/boriss/Documents/VUT FIT/IVS/proj1/build
"Edges.equal" start time: Mar 06 18:33 CET
Output:
----------------------------------------------------------
Running main() from /home/boriss/Documents/VUT FIT/IVS/proj1/build/_deps/googletest-src/googletest/src/gtest_main.cc
Note: Google Test filter = Edges.equal
[==========] Running 1 test from 1 test suite.
[----------] Global test environment set-up.
[----------] 1 test from Edges
[ RUN      ] Edges.equal
[       OK ] Edges.equal (0 ms)
[----------] 1 test from Edges (0 ms total)

[----------] Global test environment tear-down
[==========] 1 test from 1 test suite ran. (0 ms total)
[  PASSED  ] 1 test.
<end of output>
Test time =   0.01 sec
----------------------------------------------------------
Test Passed.
"Edges.equal" end time: Mar 06 18:33 CET
"Edges.equal" time elapsed: 00:00:00
----------------------------------------------------------

43/44 Testing: Edges.nonEqual
43/44 Test: Edges.nonEqual
Command: "/home/boriss/Documents/VUT FIT/IVS/proj1/build/tdd_test" "--gtest_filter=Edges.nonEqual" "--gtest_also_run_disabled_tests"
Directory: /home/boriss/Documents/VUT FIT/IVS/proj1/build
"Edges.nonEqual" start time: Mar 06 18:33 CET
Output:
----------------------------------------------------------
Running main() from /home/boriss/Documents/VUT FIT/IVS/proj1/build/_deps/googletest-src/googletest/src/gtest_main.cc
Note: Google Test filter = Edges.nonEqual
[==========] Running 1 test from 1 test suite.
[----------] Global test environment set-up.
[----------] 1 test from Edges
[ RUN      ] Edges.nonEqual
[       OK ] Edges.nonEqual (0 ms)
[----------] 1 test from Edges (0 ms total)

[----------] Global test environment tear-down
[==========] 1 test from 1 test suite ran. (0 ms total)
[  PASSED  ] 1 test.
<end of output>
Test time =   0.00 sec
----------------------------------------------------------
Test Passed.
"Edges.nonEqual" end time: Mar 06 18:33 CET
"Edges.nonEqual" time elapsed: 00:00:00
----------------------------------------------------------

44/44 Testing: Edges.toStringStream
44/44 Test: Edges.toStringStream
Command: "/home/boriss/Documents/VUT FIT/IVS/proj1/build/tdd_test" "--gtest_filter=Edges.toStringStream" "--gtest_also_run_disabled_tests"
Directory: /home/boriss/Documents/VUT FIT/IVS/proj1/build
"Edges.toStringStream" start time: Mar 06 18:33 CET
Output:
----------------------------------------------------------
Running main() from /home/boriss/Documents/VUT FIT/IVS/proj1/build/_deps/googletest-src/googletest/src/gtest_main.cc
Note: Google Test filter = Edges.toStringStream
[==========] Running 1 test from 1 test suite.
[----------] Global test environment set-up.
[----------] 1 test from Edges
[ RUN      ] Edges.toStringStream
[       OK ] Edges.toStringStream (0 ms)
[----------] 1 test from Edges (0 ms total)

[----------] Global test environment tear-down
[==========] 1 test from 1 test suite ran. (0 ms total)
[  PASSED  ] 1 test.
<end of output>
Test time =   0.00 sec
----------------------------------------------------------
Test Passed.
"Edges.toStringStream" end time: Mar 06 18:33 CET
"Edges.toStringStream" time elapsed: 00:00:00
----------------------------------------------------------

End testing: Mar 06 18:33 CET
