Start testing: Mar 07 22:56 CET
----------------------------------------------------------
1/59 Testing: EmptyTree.InsertNode
1/59 Test: EmptyTree.InsertNode
Command: "/home/boriss/Documents/VUT FIT/IVS/proj1/build/black_box_test" "--gtest_filter=EmptyTree.InsertNode" "--gtest_also_run_disabled_tests"
Directory: /home/boriss/Documents/VUT FIT/IVS/proj1/build
"EmptyTree.InsertNode" start time: Mar 07 22:56 CET
Output:
----------------------------------------------------------
Running main() from /home/boriss/Documents/VUT FIT/IVS/proj1/build/_deps/googletest-src/googletest/src/gtest_main.cc
Note: Google Test filter = EmptyTree.InsertNode
[==========] Running 1 test from 1 test suite.
[----------] Global test environment set-up.
[----------] 1 test from EmptyTree
[ RUN      ] EmptyTree.InsertNode
[       OK ] EmptyTree.InsertNode (0 ms)
[----------] 1 test from EmptyTree (0 ms total)

[----------] Global test environment tear-down
[==========] 1 test from 1 test suite ran. (0 ms total)
[  PASSED  ] 1 test.
<end of output>
Test time =   0.01 sec
----------------------------------------------------------
Test Passed.
"EmptyTree.InsertNode" end time: Mar 07 22:56 CET
"EmptyTree.InsertNode" time elapsed: 00:00:00
----------------------------------------------------------

2/59 Testing: EmptyTree.DeleteNode
2/59 Test: EmptyTree.DeleteNode
Command: "/home/boriss/Documents/VUT FIT/IVS/proj1/build/black_box_test" "--gtest_filter=EmptyTree.DeleteNode" "--gtest_also_run_disabled_tests"
Directory: /home/boriss/Documents/VUT FIT/IVS/proj1/build
"EmptyTree.DeleteNode" start time: Mar 07 22:56 CET
Output:
----------------------------------------------------------
Running main() from /home/boriss/Documents/VUT FIT/IVS/proj1/build/_deps/googletest-src/googletest/src/gtest_main.cc
Note: Google Test filter = EmptyTree.DeleteNode
[==========] Running 1 test from 1 test suite.
[----------] Global test environment set-up.
[----------] 1 test from EmptyTree
[ RUN      ] EmptyTree.DeleteNode
[       OK ] EmptyTree.DeleteNode (0 ms)
[----------] 1 test from EmptyTree (0 ms total)

[----------] Global test environment tear-down
[==========] 1 test from 1 test suite ran. (0 ms total)
[  PASSED  ] 1 test.
<end of output>
Test time =   0.00 sec
----------------------------------------------------------
Test Passed.
"EmptyTree.DeleteNode" end time: Mar 07 22:56 CET
"EmptyTree.DeleteNode" time elapsed: 00:00:00
----------------------------------------------------------

3/59 Testing: EmptyTree.FindNode
3/59 Test: EmptyTree.FindNode
Command: "/home/boriss/Documents/VUT FIT/IVS/proj1/build/black_box_test" "--gtest_filter=EmptyTree.FindNode" "--gtest_also_run_disabled_tests"
Directory: /home/boriss/Documents/VUT FIT/IVS/proj1/build
"EmptyTree.FindNode" start time: Mar 07 22:56 CET
Output:
----------------------------------------------------------
Running main() from /home/boriss/Documents/VUT FIT/IVS/proj1/build/_deps/googletest-src/googletest/src/gtest_main.cc
Note: Google Test filter = EmptyTree.FindNode
[==========] Running 1 test from 1 test suite.
[----------] Global test environment set-up.
[----------] 1 test from EmptyTree
[ RUN      ] EmptyTree.FindNode
[       OK ] EmptyTree.FindNode (0 ms)
[----------] 1 test from EmptyTree (0 ms total)

[----------] Global test environment tear-down
[==========] 1 test from 1 test suite ran. (0 ms total)
[  PASSED  ] 1 test.
<end of output>
Test time =   0.00 sec
----------------------------------------------------------
Test Passed.
"EmptyTree.FindNode" end time: Mar 07 22:56 CET
"EmptyTree.FindNode" time elapsed: 00:00:00
----------------------------------------------------------

4/59 Testing: NonEmptyTree.InsertNode
4/59 Test: NonEmptyTree.InsertNode
Command: "/home/boriss/Documents/VUT FIT/IVS/proj1/build/black_box_test" "--gtest_filter=NonEmptyTree.InsertNode" "--gtest_also_run_disabled_tests"
Directory: /home/boriss/Documents/VUT FIT/IVS/proj1/build
"NonEmptyTree.InsertNode" start time: Mar 07 22:56 CET
Output:
----------------------------------------------------------
Running main() from /home/boriss/Documents/VUT FIT/IVS/proj1/build/_deps/googletest-src/googletest/src/gtest_main.cc
Note: Google Test filter = NonEmptyTree.InsertNode
[==========] Running 1 test from 1 test suite.
[----------] Global test environment set-up.
[----------] 1 test from NonEmptyTree
[ RUN      ] NonEmptyTree.InsertNode
[       OK ] NonEmptyTree.InsertNode (0 ms)
[----------] 1 test from NonEmptyTree (0 ms total)

[----------] Global test environment tear-down
[==========] 1 test from 1 test suite ran. (0 ms total)
[  PASSED  ] 1 test.
<end of output>
Test time =   0.00 sec
----------------------------------------------------------
Test Passed.
"NonEmptyTree.InsertNode" end time: Mar 07 22:56 CET
"NonEmptyTree.InsertNode" time elapsed: 00:00:00
----------------------------------------------------------

5/59 Testing: NonEmptyTree.DeleteNode
5/59 Test: NonEmptyTree.DeleteNode
Command: "/home/boriss/Documents/VUT FIT/IVS/proj1/build/black_box_test" "--gtest_filter=NonEmptyTree.DeleteNode" "--gtest_also_run_disabled_tests"
Directory: /home/boriss/Documents/VUT FIT/IVS/proj1/build
"NonEmptyTree.DeleteNode" start time: Mar 07 22:56 CET
Output:
----------------------------------------------------------
Running main() from /home/boriss/Documents/VUT FIT/IVS/proj1/build/_deps/googletest-src/googletest/src/gtest_main.cc
Note: Google Test filter = NonEmptyTree.DeleteNode
[==========] Running 1 test from 1 test suite.
[----------] Global test environment set-up.
[----------] 1 test from NonEmptyTree
[ RUN      ] NonEmptyTree.DeleteNode
[       OK ] NonEmptyTree.DeleteNode (0 ms)
[----------] 1 test from NonEmptyTree (0 ms total)

[----------] Global test environment tear-down
[==========] 1 test from 1 test suite ran. (0 ms total)
[  PASSED  ] 1 test.
<end of output>
Test time =   0.00 sec
----------------------------------------------------------
Test Passed.
"NonEmptyTree.DeleteNode" end time: Mar 07 22:56 CET
"NonEmptyTree.DeleteNode" time elapsed: 00:00:00
----------------------------------------------------------

6/59 Testing: NonEmptyTree.FindNode
6/59 Test: NonEmptyTree.FindNode
Command: "/home/boriss/Documents/VUT FIT/IVS/proj1/build/black_box_test" "--gtest_filter=NonEmptyTree.FindNode" "--gtest_also_run_disabled_tests"
Directory: /home/boriss/Documents/VUT FIT/IVS/proj1/build
"NonEmptyTree.FindNode" start time: Mar 07 22:56 CET
Output:
----------------------------------------------------------
Running main() from /home/boriss/Documents/VUT FIT/IVS/proj1/build/_deps/googletest-src/googletest/src/gtest_main.cc
Note: Google Test filter = NonEmptyTree.FindNode
[==========] Running 1 test from 1 test suite.
[----------] Global test environment set-up.
[----------] 1 test from NonEmptyTree
[ RUN      ] NonEmptyTree.FindNode
[       OK ] NonEmptyTree.FindNode (0 ms)
[----------] 1 test from NonEmptyTree (0 ms total)

[----------] Global test environment tear-down
[==========] 1 test from 1 test suite ran. (0 ms total)
[  PASSED  ] 1 test.
<end of output>
Test time =   0.00 sec
----------------------------------------------------------
Test Passed.
"NonEmptyTree.FindNode" end time: Mar 07 22:56 CET
"NonEmptyTree.FindNode" time elapsed: 00:00:00
----------------------------------------------------------

7/59 Testing: TreeAxioms.Axiom1
7/59 Test: TreeAxioms.Axiom1
Command: "/home/boriss/Documents/VUT FIT/IVS/proj1/build/black_box_test" "--gtest_filter=TreeAxioms.Axiom1" "--gtest_also_run_disabled_tests"
Directory: /home/boriss/Documents/VUT FIT/IVS/proj1/build
"TreeAxioms.Axiom1" start time: Mar 07 22:56 CET
Output:
----------------------------------------------------------
Running main() from /home/boriss/Documents/VUT FIT/IVS/proj1/build/_deps/googletest-src/googletest/src/gtest_main.cc
Note: Google Test filter = TreeAxioms.Axiom1
[==========] Running 1 test from 1 test suite.
[----------] Global test environment set-up.
[----------] 1 test from TreeAxioms
[ RUN      ] TreeAxioms.Axiom1
[       OK ] TreeAxioms.Axiom1 (0 ms)
[----------] 1 test from TreeAxioms (0 ms total)

[----------] Global test environment tear-down
[==========] 1 test from 1 test suite ran. (0 ms total)
[  PASSED  ] 1 test.
<end of output>
Test time =   0.00 sec
----------------------------------------------------------
Test Passed.
"TreeAxioms.Axiom1" end time: Mar 07 22:56 CET
"TreeAxioms.Axiom1" time elapsed: 00:00:00
----------------------------------------------------------

8/59 Testing: TreeAxioms.Axiom2
8/59 Test: TreeAxioms.Axiom2
Command: "/home/boriss/Documents/VUT FIT/IVS/proj1/build/black_box_test" "--gtest_filter=TreeAxioms.Axiom2" "--gtest_also_run_disabled_tests"
Directory: /home/boriss/Documents/VUT FIT/IVS/proj1/build
"TreeAxioms.Axiom2" start time: Mar 07 22:56 CET
Output:
----------------------------------------------------------
Running main() from /home/boriss/Documents/VUT FIT/IVS/proj1/build/_deps/googletest-src/googletest/src/gtest_main.cc
Note: Google Test filter = TreeAxioms.Axiom2
[==========] Running 1 test from 1 test suite.
[----------] Global test environment set-up.
[----------] 1 test from TreeAxioms
[ RUN      ] TreeAxioms.Axiom2
[       OK ] TreeAxioms.Axiom2 (0 ms)
[----------] 1 test from TreeAxioms (0 ms total)

[----------] Global test environment tear-down
[==========] 1 test from 1 test suite ran. (0 ms total)
[  PASSED  ] 1 test.
<end of output>
Test time =   0.00 sec
----------------------------------------------------------
Test Passed.
"TreeAxioms.Axiom2" end time: Mar 07 22:56 CET
"TreeAxioms.Axiom2" time elapsed: 00:00:00
----------------------------------------------------------

9/59 Testing: TreeAxioms.Axiom3
9/59 Test: TreeAxioms.Axiom3
Command: "/home/boriss/Documents/VUT FIT/IVS/proj1/build/black_box_test" "--gtest_filter=TreeAxioms.Axiom3" "--gtest_also_run_disabled_tests"
Directory: /home/boriss/Documents/VUT FIT/IVS/proj1/build
"TreeAxioms.Axiom3" start time: Mar 07 22:56 CET
Output:
----------------------------------------------------------
Running main() from /home/boriss/Documents/VUT FIT/IVS/proj1/build/_deps/googletest-src/googletest/src/gtest_main.cc
Note: Google Test filter = TreeAxioms.Axiom3
[==========] Running 1 test from 1 test suite.
[----------] Global test environment set-up.
[----------] 1 test from TreeAxioms
[ RUN      ] TreeAxioms.Axiom3
[       OK ] TreeAxioms.Axiom3 (0 ms)
[----------] 1 test from TreeAxioms (0 ms total)

[----------] Global test environment tear-down
[==========] 1 test from 1 test suite ran. (0 ms total)
[  PASSED  ] 1 test.
<end of output>
Test time =   0.00 sec
----------------------------------------------------------
Test Passed.
"TreeAxioms.Axiom3" end time: Mar 07 22:56 CET
"TreeAxioms.Axiom3" time elapsed: 00:00:00
----------------------------------------------------------

10/59 Testing: EmptyTable.contains
10/59 Test: EmptyTable.contains
Command: "/home/boriss/Documents/VUT FIT/IVS/proj1/build/white_box_test" "--gtest_filter=EmptyTable.contains" "--gtest_also_run_disabled_tests"
Directory: /home/boriss/Documents/VUT FIT/IVS/proj1/build
"EmptyTable.contains" start time: Mar 07 22:56 CET
Output:
----------------------------------------------------------
Running main() from /home/boriss/Documents/VUT FIT/IVS/proj1/build/_deps/googletest-src/googletest/src/gtest_main.cc
Note: Google Test filter = EmptyTable.contains
[==========] Running 1 test from 1 test suite.
[----------] Global test environment set-up.
[----------] 1 test from EmptyTable
[ RUN      ] EmptyTable.contains
[       OK ] EmptyTable.contains (0 ms)
[----------] 1 test from EmptyTable (0 ms total)

[----------] Global test environment tear-down
[==========] 1 test from 1 test suite ran. (0 ms total)
[  PASSED  ] 1 test.
<end of output>
Test time =   0.00 sec
----------------------------------------------------------
Test Passed.
"EmptyTable.contains" end time: Mar 07 22:56 CET
"EmptyTable.contains" time elapsed: 00:00:00
----------------------------------------------------------

11/59 Testing: EmptyTable.get
11/59 Test: EmptyTable.get
Command: "/home/boriss/Documents/VUT FIT/IVS/proj1/build/white_box_test" "--gtest_filter=EmptyTable.get" "--gtest_also_run_disabled_tests"
Directory: /home/boriss/Documents/VUT FIT/IVS/proj1/build
"EmptyTable.get" start time: Mar 07 22:56 CET
Output:
----------------------------------------------------------
Running main() from /home/boriss/Documents/VUT FIT/IVS/proj1/build/_deps/googletest-src/googletest/src/gtest_main.cc
Note: Google Test filter = EmptyTable.get
[==========] Running 1 test from 1 test suite.
[----------] Global test environment set-up.
[----------] 1 test from EmptyTable
[ RUN      ] EmptyTable.get
[       OK ] EmptyTable.get (0 ms)
[----------] 1 test from EmptyTable (0 ms total)

[----------] Global test environment tear-down
[==========] 1 test from 1 test suite ran. (0 ms total)
[  PASSED  ] 1 test.
<end of output>
Test time =   0.00 sec
----------------------------------------------------------
Test Passed.
"EmptyTable.get" end time: Mar 07 22:56 CET
"EmptyTable.get" time elapsed: 00:00:00
----------------------------------------------------------

12/59 Testing: EmptyTable.size
12/59 Test: EmptyTable.size
Command: "/home/boriss/Documents/VUT FIT/IVS/proj1/build/white_box_test" "--gtest_filter=EmptyTable.size" "--gtest_also_run_disabled_tests"
Directory: /home/boriss/Documents/VUT FIT/IVS/proj1/build
"EmptyTable.size" start time: Mar 07 22:56 CET
Output:
----------------------------------------------------------
Running main() from /home/boriss/Documents/VUT FIT/IVS/proj1/build/_deps/googletest-src/googletest/src/gtest_main.cc
Note: Google Test filter = EmptyTable.size
[==========] Running 1 test from 1 test suite.
[----------] Global test environment set-up.
[----------] 1 test from EmptyTable
[ RUN      ] EmptyTable.size
[       OK ] EmptyTable.size (0 ms)
[----------] 1 test from EmptyTable (0 ms total)

[----------] Global test environment tear-down
[==========] 1 test from 1 test suite ran. (0 ms total)
[  PASSED  ] 1 test.
<end of output>
Test time =   0.00 sec
----------------------------------------------------------
Test Passed.
"EmptyTable.size" end time: Mar 07 22:56 CET
"EmptyTable.size" time elapsed: 00:00:00
----------------------------------------------------------

13/59 Testing: EmptyTable.capacity
13/59 Test: EmptyTable.capacity
Command: "/home/boriss/Documents/VUT FIT/IVS/proj1/build/white_box_test" "--gtest_filter=EmptyTable.capacity" "--gtest_also_run_disabled_tests"
Directory: /home/boriss/Documents/VUT FIT/IVS/proj1/build
"EmptyTable.capacity" start time: Mar 07 22:56 CET
Output:
----------------------------------------------------------
Running main() from /home/boriss/Documents/VUT FIT/IVS/proj1/build/_deps/googletest-src/googletest/src/gtest_main.cc
Note: Google Test filter = EmptyTable.capacity
[==========] Running 1 test from 1 test suite.
[----------] Global test environment set-up.
[----------] 1 test from EmptyTable
[ RUN      ] EmptyTable.capacity
[       OK ] EmptyTable.capacity (0 ms)
[----------] 1 test from EmptyTable (0 ms total)

[----------] Global test environment tear-down
[==========] 1 test from 1 test suite ran. (0 ms total)
[  PASSED  ] 1 test.
<end of output>
Test time =   0.00 sec
----------------------------------------------------------
Test Passed.
"EmptyTable.capacity" end time: Mar 07 22:56 CET
"EmptyTable.capacity" time elapsed: 00:00:00
----------------------------------------------------------

14/59 Testing: EmptyTable.remove
14/59 Test: EmptyTable.remove
Command: "/home/boriss/Documents/VUT FIT/IVS/proj1/build/white_box_test" "--gtest_filter=EmptyTable.remove" "--gtest_also_run_disabled_tests"
Directory: /home/boriss/Documents/VUT FIT/IVS/proj1/build
"EmptyTable.remove" start time: Mar 07 22:56 CET
Output:
----------------------------------------------------------
Running main() from /home/boriss/Documents/VUT FIT/IVS/proj1/build/_deps/googletest-src/googletest/src/gtest_main.cc
Note: Google Test filter = EmptyTable.remove
[==========] Running 1 test from 1 test suite.
[----------] Global test environment set-up.
[----------] 1 test from EmptyTable
[ RUN      ] EmptyTable.remove
[       OK ] EmptyTable.remove (0 ms)
[----------] 1 test from EmptyTable (0 ms total)

[----------] Global test environment tear-down
[==========] 1 test from 1 test suite ran. (0 ms total)
[  PASSED  ] 1 test.
<end of output>
Test time =   0.00 sec
----------------------------------------------------------
Test Passed.
"EmptyTable.remove" end time: Mar 07 22:56 CET
"EmptyTable.remove" time elapsed: 00:00:00
----------------------------------------------------------

15/59 Testing: EmptyTable.reserve
15/59 Test: EmptyTable.reserve
Command: "/home/boriss/Documents/VUT FIT/IVS/proj1/build/white_box_test" "--gtest_filter=EmptyTable.reserve" "--gtest_also_run_disabled_tests"
Directory: /home/boriss/Documents/VUT FIT/IVS/proj1/build
"EmptyTable.reserve" start time: Mar 07 22:56 CET
Output:
----------------------------------------------------------
Running main() from /home/boriss/Documents/VUT FIT/IVS/proj1/build/_deps/googletest-src/googletest/src/gtest_main.cc
Note: Google Test filter = EmptyTable.reserve
[==========] Running 1 test from 1 test suite.
[----------] Global test environment set-up.
[----------] 1 test from EmptyTable
[ RUN      ] EmptyTable.reserve
[       OK ] EmptyTable.reserve (0 ms)
[----------] 1 test from EmptyTable (0 ms total)

[----------] Global test environment tear-down
[==========] 1 test from 1 test suite ran. (0 ms total)
[  PASSED  ] 1 test.
<end of output>
Test time =   0.00 sec
----------------------------------------------------------
Test Passed.
"EmptyTable.reserve" end time: Mar 07 22:56 CET
"EmptyTable.reserve" time elapsed: 00:00:00
----------------------------------------------------------

16/59 Testing: EmptyTable.pop
16/59 Test: EmptyTable.pop
Command: "/home/boriss/Documents/VUT FIT/IVS/proj1/build/white_box_test" "--gtest_filter=EmptyTable.pop" "--gtest_also_run_disabled_tests"
Directory: /home/boriss/Documents/VUT FIT/IVS/proj1/build
"EmptyTable.pop" start time: Mar 07 22:56 CET
Output:
----------------------------------------------------------
Running main() from /home/boriss/Documents/VUT FIT/IVS/proj1/build/_deps/googletest-src/googletest/src/gtest_main.cc
Note: Google Test filter = EmptyTable.pop
[==========] Running 1 test from 1 test suite.
[----------] Global test environment set-up.
[----------] 1 test from EmptyTable
[ RUN      ] EmptyTable.pop
[       OK ] EmptyTable.pop (0 ms)
[----------] 1 test from EmptyTable (0 ms total)

[----------] Global test environment tear-down
[==========] 1 test from 1 test suite ran. (0 ms total)
[  PASSED  ] 1 test.
<end of output>
Test time =   0.00 sec
----------------------------------------------------------
Test Passed.
"EmptyTable.pop" end time: Mar 07 22:56 CET
"EmptyTable.pop" time elapsed: 00:00:00
----------------------------------------------------------

17/59 Testing: EmptyTable.put
17/59 Test: EmptyTable.put
Command: "/home/boriss/Documents/VUT FIT/IVS/proj1/build/white_box_test" "--gtest_filter=EmptyTable.put" "--gtest_also_run_disabled_tests"
Directory: /home/boriss/Documents/VUT FIT/IVS/proj1/build
"EmptyTable.put" start time: Mar 07 22:56 CET
Output:
----------------------------------------------------------
Running main() from /home/boriss/Documents/VUT FIT/IVS/proj1/build/_deps/googletest-src/googletest/src/gtest_main.cc
Note: Google Test filter = EmptyTable.put
[==========] Running 1 test from 1 test suite.
[----------] Global test environment set-up.
[----------] 1 test from EmptyTable
[ RUN      ] EmptyTable.put
[       OK ] EmptyTable.put (0 ms)
[----------] 1 test from EmptyTable (0 ms total)

[----------] Global test environment tear-down
[==========] 1 test from 1 test suite ran. (0 ms total)
[  PASSED  ] 1 test.
<end of output>
Test time =   0.00 sec
----------------------------------------------------------
Test Passed.
"EmptyTable.put" end time: Mar 07 22:56 CET
"EmptyTable.put" time elapsed: 00:00:00
----------------------------------------------------------

18/59 Testing: NonEmptyTable.contains
18/59 Test: NonEmptyTable.contains
Command: "/home/boriss/Documents/VUT FIT/IVS/proj1/build/white_box_test" "--gtest_filter=NonEmptyTable.contains" "--gtest_also_run_disabled_tests"
Directory: /home/boriss/Documents/VUT FIT/IVS/proj1/build
"NonEmptyTable.contains" start time: Mar 07 22:56 CET
Output:
----------------------------------------------------------
Running main() from /home/boriss/Documents/VUT FIT/IVS/proj1/build/_deps/googletest-src/googletest/src/gtest_main.cc
Note: Google Test filter = NonEmptyTable.contains
[==========] Running 1 test from 1 test suite.
[----------] Global test environment set-up.
[----------] 1 test from NonEmptyTable
[ RUN      ] NonEmptyTable.contains
[       OK ] NonEmptyTable.contains (0 ms)
[----------] 1 test from NonEmptyTable (0 ms total)

[----------] Global test environment tear-down
[==========] 1 test from 1 test suite ran. (0 ms total)
[  PASSED  ] 1 test.
<end of output>
Test time =   0.00 sec
----------------------------------------------------------
Test Passed.
"NonEmptyTable.contains" end time: Mar 07 22:56 CET
"NonEmptyTable.contains" time elapsed: 00:00:00
----------------------------------------------------------

19/59 Testing: NonEmptyTable.get
19/59 Test: NonEmptyTable.get
Command: "/home/boriss/Documents/VUT FIT/IVS/proj1/build/white_box_test" "--gtest_filter=NonEmptyTable.get" "--gtest_also_run_disabled_tests"
Directory: /home/boriss/Documents/VUT FIT/IVS/proj1/build
"NonEmptyTable.get" start time: Mar 07 22:56 CET
Output:
----------------------------------------------------------
Running main() from /home/boriss/Documents/VUT FIT/IVS/proj1/build/_deps/googletest-src/googletest/src/gtest_main.cc
Note: Google Test filter = NonEmptyTable.get
[==========] Running 1 test from 1 test suite.
[----------] Global test environment set-up.
[----------] 1 test from NonEmptyTable
[ RUN      ] NonEmptyTable.get
[       OK ] NonEmptyTable.get (0 ms)
[----------] 1 test from NonEmptyTable (0 ms total)

[----------] Global test environment tear-down
[==========] 1 test from 1 test suite ran. (0 ms total)
[  PASSED  ] 1 test.
<end of output>
Test time =   0.00 sec
----------------------------------------------------------
Test Passed.
"NonEmptyTable.get" end time: Mar 07 22:56 CET
"NonEmptyTable.get" time elapsed: 00:00:00
----------------------------------------------------------

20/59 Testing: NonEmptyTable.size
20/59 Test: NonEmptyTable.size
Command: "/home/boriss/Documents/VUT FIT/IVS/proj1/build/white_box_test" "--gtest_filter=NonEmptyTable.size" "--gtest_also_run_disabled_tests"
Directory: /home/boriss/Documents/VUT FIT/IVS/proj1/build
"NonEmptyTable.size" start time: Mar 07 22:56 CET
Output:
----------------------------------------------------------
Running main() from /home/boriss/Documents/VUT FIT/IVS/proj1/build/_deps/googletest-src/googletest/src/gtest_main.cc
Note: Google Test filter = NonEmptyTable.size
[==========] Running 1 test from 1 test suite.
[----------] Global test environment set-up.
[----------] 1 test from NonEmptyTable
[ RUN      ] NonEmptyTable.size
[       OK ] NonEmptyTable.size (0 ms)
[----------] 1 test from NonEmptyTable (0 ms total)

[----------] Global test environment tear-down
[==========] 1 test from 1 test suite ran. (0 ms total)
[  PASSED  ] 1 test.
<end of output>
Test time =   0.00 sec
----------------------------------------------------------
Test Passed.
"NonEmptyTable.size" end time: Mar 07 22:56 CET
"NonEmptyTable.size" time elapsed: 00:00:00
----------------------------------------------------------

21/59 Testing: NonEmptyTable.cap
21/59 Test: NonEmptyTable.cap
Command: "/home/boriss/Documents/VUT FIT/IVS/proj1/build/white_box_test" "--gtest_filter=NonEmptyTable.cap" "--gtest_also_run_disabled_tests"
Directory: /home/boriss/Documents/VUT FIT/IVS/proj1/build
"NonEmptyTable.cap" start time: Mar 07 22:56 CET
Output:
----------------------------------------------------------
Running main() from /home/boriss/Documents/VUT FIT/IVS/proj1/build/_deps/googletest-src/googletest/src/gtest_main.cc
Note: Google Test filter = NonEmptyTable.cap
[==========] Running 1 test from 1 test suite.
[----------] Global test environment set-up.
[----------] 1 test from NonEmptyTable
[ RUN      ] NonEmptyTable.cap
[       OK ] NonEmptyTable.cap (0 ms)
[----------] 1 test from NonEmptyTable (0 ms total)

[----------] Global test environment tear-down
[==========] 1 test from 1 test suite ran. (0 ms total)
[  PASSED  ] 1 test.
<end of output>
Test time =   0.00 sec
----------------------------------------------------------
Test Passed.
"NonEmptyTable.cap" end time: Mar 07 22:56 CET
"NonEmptyTable.cap" time elapsed: 00:00:00
----------------------------------------------------------

22/59 Testing: NonEmptyTable.remove
22/59 Test: NonEmptyTable.remove
Command: "/home/boriss/Documents/VUT FIT/IVS/proj1/build/white_box_test" "--gtest_filter=NonEmptyTable.remove" "--gtest_also_run_disabled_tests"
Directory: /home/boriss/Documents/VUT FIT/IVS/proj1/build
"NonEmptyTable.remove" start time: Mar 07 22:56 CET
Output:
----------------------------------------------------------
Running main() from /home/boriss/Documents/VUT FIT/IVS/proj1/build/_deps/googletest-src/googletest/src/gtest_main.cc
Note: Google Test filter = NonEmptyTable.remove
[==========] Running 1 test from 1 test suite.
[----------] Global test environment set-up.
[----------] 1 test from NonEmptyTable
[ RUN      ] NonEmptyTable.remove
[       OK ] NonEmptyTable.remove (0 ms)
[----------] 1 test from NonEmptyTable (0 ms total)

[----------] Global test environment tear-down
[==========] 1 test from 1 test suite ran. (0 ms total)
[  PASSED  ] 1 test.
<end of output>
Test time =   0.00 sec
----------------------------------------------------------
Test Passed.
"NonEmptyTable.remove" end time: Mar 07 22:56 CET
"NonEmptyTable.remove" time elapsed: 00:00:00
----------------------------------------------------------

23/59 Testing: NonEmptyTable.reserve
23/59 Test: NonEmptyTable.reserve
Command: "/home/boriss/Documents/VUT FIT/IVS/proj1/build/white_box_test" "--gtest_filter=NonEmptyTable.reserve" "--gtest_also_run_disabled_tests"
Directory: /home/boriss/Documents/VUT FIT/IVS/proj1/build
"NonEmptyTable.reserve" start time: Mar 07 22:56 CET
Output:
----------------------------------------------------------
Running main() from /home/boriss/Documents/VUT FIT/IVS/proj1/build/_deps/googletest-src/googletest/src/gtest_main.cc
Note: Google Test filter = NonEmptyTable.reserve
[==========] Running 1 test from 1 test suite.
[----------] Global test environment set-up.
[----------] 1 test from NonEmptyTable
[ RUN      ] NonEmptyTable.reserve
[       OK ] NonEmptyTable.reserve (0 ms)
[----------] 1 test from NonEmptyTable (0 ms total)

[----------] Global test environment tear-down
[==========] 1 test from 1 test suite ran. (0 ms total)
[  PASSED  ] 1 test.
<end of output>
Test time =   0.00 sec
----------------------------------------------------------
Test Passed.
"NonEmptyTable.reserve" end time: Mar 07 22:56 CET
"NonEmptyTable.reserve" time elapsed: 00:00:00
----------------------------------------------------------

24/59 Testing: NonEmptyTable.pop
24/59 Test: NonEmptyTable.pop
Command: "/home/boriss/Documents/VUT FIT/IVS/proj1/build/white_box_test" "--gtest_filter=NonEmptyTable.pop" "--gtest_also_run_disabled_tests"
Directory: /home/boriss/Documents/VUT FIT/IVS/proj1/build
"NonEmptyTable.pop" start time: Mar 07 22:56 CET
Output:
----------------------------------------------------------
Running main() from /home/boriss/Documents/VUT FIT/IVS/proj1/build/_deps/googletest-src/googletest/src/gtest_main.cc
Note: Google Test filter = NonEmptyTable.pop
[==========] Running 1 test from 1 test suite.
[----------] Global test environment set-up.
[----------] 1 test from NonEmptyTable
[ RUN      ] NonEmptyTable.pop
[       OK ] NonEmptyTable.pop (0 ms)
[----------] 1 test from NonEmptyTable (0 ms total)

[----------] Global test environment tear-down
[==========] 1 test from 1 test suite ran. (0 ms total)
[  PASSED  ] 1 test.
<end of output>
Test time =   0.00 sec
----------------------------------------------------------
Test Passed.
"NonEmptyTable.pop" end time: Mar 07 22:56 CET
"NonEmptyTable.pop" time elapsed: 00:00:00
----------------------------------------------------------

25/59 Testing: NonEmptyTable.put
25/59 Test: NonEmptyTable.put
Command: "/home/boriss/Documents/VUT FIT/IVS/proj1/build/white_box_test" "--gtest_filter=NonEmptyTable.put" "--gtest_also_run_disabled_tests"
Directory: /home/boriss/Documents/VUT FIT/IVS/proj1/build
"NonEmptyTable.put" start time: Mar 07 22:56 CET
Output:
----------------------------------------------------------
Running main() from /home/boriss/Documents/VUT FIT/IVS/proj1/build/_deps/googletest-src/googletest/src/gtest_main.cc
Note: Google Test filter = NonEmptyTable.put
[==========] Running 1 test from 1 test suite.
[----------] Global test environment set-up.
[----------] 1 test from NonEmptyTable
[ RUN      ] NonEmptyTable.put
[       OK ] NonEmptyTable.put (0 ms)
[----------] 1 test from NonEmptyTable (0 ms total)

[----------] Global test environment tear-down
[==========] 1 test from 1 test suite ran. (0 ms total)
[  PASSED  ] 1 test.
<end of output>
Test time =   0.00 sec
----------------------------------------------------------
Test Passed.
"NonEmptyTable.put" end time: Mar 07 22:56 CET
"NonEmptyTable.put" time elapsed: 00:00:00
----------------------------------------------------------

26/59 Testing: NonEmptyTable.hash
26/59 Test: NonEmptyTable.hash
Command: "/home/boriss/Documents/VUT FIT/IVS/proj1/build/white_box_test" "--gtest_filter=NonEmptyTable.hash" "--gtest_also_run_disabled_tests"
Directory: /home/boriss/Documents/VUT FIT/IVS/proj1/build
"NonEmptyTable.hash" start time: Mar 07 22:56 CET
Output:
----------------------------------------------------------
Running main() from /home/boriss/Documents/VUT FIT/IVS/proj1/build/_deps/googletest-src/googletest/src/gtest_main.cc
Note: Google Test filter = NonEmptyTable.hash
[==========] Running 1 test from 1 test suite.
[----------] Global test environment set-up.
[----------] 1 test from NonEmptyTable
[ RUN      ] NonEmptyTable.hash
[       OK ] NonEmptyTable.hash (0 ms)
[----------] 1 test from NonEmptyTable (0 ms total)

[----------] Global test environment tear-down
[==========] 1 test from 1 test suite ran. (0 ms total)
[  PASSED  ] 1 test.
<end of output>
Test time =   0.00 sec
----------------------------------------------------------
Test Passed.
"NonEmptyTable.hash" end time: Mar 07 22:56 CET
"NonEmptyTable.hash" time elapsed: 00:00:00
----------------------------------------------------------

27/59 Testing: NonEmptyGraph.nodes
27/59 Test: NonEmptyGraph.nodes
Command: "/home/boriss/Documents/VUT FIT/IVS/proj1/build/tdd_test" "--gtest_filter=NonEmptyGraph.nodes" "--gtest_also_run_disabled_tests"
Directory: /home/boriss/Documents/VUT FIT/IVS/proj1/build
"NonEmptyGraph.nodes" start time: Mar 07 22:56 CET
Output:
----------------------------------------------------------
Running main() from /home/boriss/Documents/VUT FIT/IVS/proj1/build/_deps/googletest-src/googletest/src/gtest_main.cc
Note: Google Test filter = NonEmptyGraph.nodes
[==========] Running 1 test from 1 test suite.
[----------] Global test environment set-up.
[----------] 1 test from NonEmptyGraph
[ RUN      ] NonEmptyGraph.nodes
[       OK ] NonEmptyGraph.nodes (0 ms)
[----------] 1 test from NonEmptyGraph (0 ms total)

[----------] Global test environment tear-down
[==========] 1 test from 1 test suite ran. (0 ms total)
[  PASSED  ] 1 test.
<end of output>
Test time =   0.01 sec
----------------------------------------------------------
Test Passed.
"NonEmptyGraph.nodes" end time: Mar 07 22:56 CET
"NonEmptyGraph.nodes" time elapsed: 00:00:00
----------------------------------------------------------

28/59 Testing: NonEmptyGraph.edges
28/59 Test: NonEmptyGraph.edges
Command: "/home/boriss/Documents/VUT FIT/IVS/proj1/build/tdd_test" "--gtest_filter=NonEmptyGraph.edges" "--gtest_also_run_disabled_tests"
Directory: /home/boriss/Documents/VUT FIT/IVS/proj1/build
"NonEmptyGraph.edges" start time: Mar 07 22:56 CET
Output:
----------------------------------------------------------
Running main() from /home/boriss/Documents/VUT FIT/IVS/proj1/build/_deps/googletest-src/googletest/src/gtest_main.cc
Note: Google Test filter = NonEmptyGraph.edges
[==========] Running 1 test from 1 test suite.
[----------] Global test environment set-up.
[----------] 1 test from NonEmptyGraph
[ RUN      ] NonEmptyGraph.edges
[       OK ] NonEmptyGraph.edges (0 ms)
[----------] 1 test from NonEmptyGraph (0 ms total)

[----------] Global test environment tear-down
[==========] 1 test from 1 test suite ran. (0 ms total)
[  PASSED  ] 1 test.
<end of output>
Test time =   0.00 sec
----------------------------------------------------------
Test Passed.
"NonEmptyGraph.edges" end time: Mar 07 22:56 CET
"NonEmptyGraph.edges" time elapsed: 00:00:00
----------------------------------------------------------

29/59 Testing: NonEmptyGraph.addNode
29/59 Test: NonEmptyGraph.addNode
Command: "/home/boriss/Documents/VUT FIT/IVS/proj1/build/tdd_test" "--gtest_filter=NonEmptyGraph.addNode" "--gtest_also_run_disabled_tests"
Directory: /home/boriss/Documents/VUT FIT/IVS/proj1/build
"NonEmptyGraph.addNode" start time: Mar 07 22:56 CET
Output:
----------------------------------------------------------
Running main() from /home/boriss/Documents/VUT FIT/IVS/proj1/build/_deps/googletest-src/googletest/src/gtest_main.cc
Note: Google Test filter = NonEmptyGraph.addNode
[==========] Running 1 test from 1 test suite.
[----------] Global test environment set-up.
[----------] 1 test from NonEmptyGraph
[ RUN      ] NonEmptyGraph.addNode
[       OK ] NonEmptyGraph.addNode (0 ms)
[----------] 1 test from NonEmptyGraph (0 ms total)

[----------] Global test environment tear-down
[==========] 1 test from 1 test suite ran. (0 ms total)
[  PASSED  ] 1 test.
<end of output>
Test time =   0.00 sec
----------------------------------------------------------
Test Passed.
"NonEmptyGraph.addNode" end time: Mar 07 22:56 CET
"NonEmptyGraph.addNode" time elapsed: 00:00:00
----------------------------------------------------------

30/59 Testing: NonEmptyGraph.addEdge
30/59 Test: NonEmptyGraph.addEdge
Command: "/home/boriss/Documents/VUT FIT/IVS/proj1/build/tdd_test" "--gtest_filter=NonEmptyGraph.addEdge" "--gtest_also_run_disabled_tests"
Directory: /home/boriss/Documents/VUT FIT/IVS/proj1/build
"NonEmptyGraph.addEdge" start time: Mar 07 22:56 CET
Output:
----------------------------------------------------------
Running main() from /home/boriss/Documents/VUT FIT/IVS/proj1/build/_deps/googletest-src/googletest/src/gtest_main.cc
Note: Google Test filter = NonEmptyGraph.addEdge
[==========] Running 1 test from 1 test suite.
[----------] Global test environment set-up.
[----------] 1 test from NonEmptyGraph
[ RUN      ] NonEmptyGraph.addEdge
[       OK ] NonEmptyGraph.addEdge (0 ms)
[----------] 1 test from NonEmptyGraph (0 ms total)

[----------] Global test environment tear-down
[==========] 1 test from 1 test suite ran. (0 ms total)
[  PASSED  ] 1 test.
<end of output>
Test time =   0.00 sec
----------------------------------------------------------
Test Passed.
"NonEmptyGraph.addEdge" end time: Mar 07 22:56 CET
"NonEmptyGraph.addEdge" time elapsed: 00:00:00
----------------------------------------------------------

31/59 Testing: NonEmptyGraph.addMultipleEdges
31/59 Test: NonEmptyGraph.addMultipleEdges
Command: "/home/boriss/Documents/VUT FIT/IVS/proj1/build/tdd_test" "--gtest_filter=NonEmptyGraph.addMultipleEdges" "--gtest_also_run_disabled_tests"
Directory: /home/boriss/Documents/VUT FIT/IVS/proj1/build
"NonEmptyGraph.addMultipleEdges" start time: Mar 07 22:56 CET
Output:
----------------------------------------------------------
Running main() from /home/boriss/Documents/VUT FIT/IVS/proj1/build/_deps/googletest-src/googletest/src/gtest_main.cc
Note: Google Test filter = NonEmptyGraph.addMultipleEdges
[==========] Running 1 test from 1 test suite.
[----------] Global test environment set-up.
[----------] 1 test from NonEmptyGraph
[ RUN      ] NonEmptyGraph.addMultipleEdges
[       OK ] NonEmptyGraph.addMultipleEdges (0 ms)
[----------] 1 test from NonEmptyGraph (0 ms total)

[----------] Global test environment tear-down
[==========] 1 test from 1 test suite ran. (0 ms total)
[  PASSED  ] 1 test.
<end of output>
Test time =   0.00 sec
----------------------------------------------------------
Test Passed.
"NonEmptyGraph.addMultipleEdges" end time: Mar 07 22:56 CET
"NonEmptyGraph.addMultipleEdges" time elapsed: 00:00:00
----------------------------------------------------------

32/59 Testing: NonEmptyGraph.getNode
32/59 Test: NonEmptyGraph.getNode
Command: "/home/boriss/Documents/VUT FIT/IVS/proj1/build/tdd_test" "--gtest_filter=NonEmptyGraph.getNode" "--gtest_also_run_disabled_tests"
Directory: /home/boriss/Documents/VUT FIT/IVS/proj1/build
"NonEmptyGraph.getNode" start time: Mar 07 22:56 CET
Output:
----------------------------------------------------------
Running main() from /home/boriss/Documents/VUT FIT/IVS/proj1/build/_deps/googletest-src/googletest/src/gtest_main.cc
Note: Google Test filter = NonEmptyGraph.getNode
[==========] Running 1 test from 1 test suite.
[----------] Global test environment set-up.
[----------] 1 test from NonEmptyGraph
[ RUN      ] NonEmptyGraph.getNode
[       OK ] NonEmptyGraph.getNode (0 ms)
[----------] 1 test from NonEmptyGraph (0 ms total)

[----------] Global test environment tear-down
[==========] 1 test from 1 test suite ran. (0 ms total)
[  PASSED  ] 1 test.
<end of output>
Test time =   0.00 sec
----------------------------------------------------------
Test Passed.
"NonEmptyGraph.getNode" end time: Mar 07 22:56 CET
"NonEmptyGraph.getNode" time elapsed: 00:00:00
----------------------------------------------------------

33/59 Testing: NonEmptyGraph.containsEdge
33/59 Test: NonEmptyGraph.containsEdge
Command: "/home/boriss/Documents/VUT FIT/IVS/proj1/build/tdd_test" "--gtest_filter=NonEmptyGraph.containsEdge" "--gtest_also_run_disabled_tests"
Directory: /home/boriss/Documents/VUT FIT/IVS/proj1/build
"NonEmptyGraph.containsEdge" start time: Mar 07 22:56 CET
Output:
----------------------------------------------------------
Running main() from /home/boriss/Documents/VUT FIT/IVS/proj1/build/_deps/googletest-src/googletest/src/gtest_main.cc
Note: Google Test filter = NonEmptyGraph.containsEdge
[==========] Running 1 test from 1 test suite.
[----------] Global test environment set-up.
[----------] 1 test from NonEmptyGraph
[ RUN      ] NonEmptyGraph.containsEdge
[       OK ] NonEmptyGraph.containsEdge (0 ms)
[----------] 1 test from NonEmptyGraph (0 ms total)

[----------] Global test environment tear-down
[==========] 1 test from 1 test suite ran. (0 ms total)
[  PASSED  ] 1 test.
<end of output>
Test time =   0.00 sec
----------------------------------------------------------
Test Passed.
"NonEmptyGraph.containsEdge" end time: Mar 07 22:56 CET
"NonEmptyGraph.containsEdge" time elapsed: 00:00:00
----------------------------------------------------------

34/59 Testing: NonEmptyGraph.removeNode
34/59 Test: NonEmptyGraph.removeNode
Command: "/home/boriss/Documents/VUT FIT/IVS/proj1/build/tdd_test" "--gtest_filter=NonEmptyGraph.removeNode" "--gtest_also_run_disabled_tests"
Directory: /home/boriss/Documents/VUT FIT/IVS/proj1/build
"NonEmptyGraph.removeNode" start time: Mar 07 22:56 CET
Output:
----------------------------------------------------------
Running main() from /home/boriss/Documents/VUT FIT/IVS/proj1/build/_deps/googletest-src/googletest/src/gtest_main.cc
Note: Google Test filter = NonEmptyGraph.removeNode
[==========] Running 1 test from 1 test suite.
[----------] Global test environment set-up.
[----------] 1 test from NonEmptyGraph
[ RUN      ] NonEmptyGraph.removeNode
[       OK ] NonEmptyGraph.removeNode (0 ms)
[----------] 1 test from NonEmptyGraph (0 ms total)

[----------] Global test environment tear-down
[==========] 1 test from 1 test suite ran. (0 ms total)
[  PASSED  ] 1 test.
<end of output>
Test time =   0.00 sec
----------------------------------------------------------
Test Passed.
"NonEmptyGraph.removeNode" end time: Mar 07 22:56 CET
"NonEmptyGraph.removeNode" time elapsed: 00:00:00
----------------------------------------------------------

35/59 Testing: NonEmptyGraph.removeEdge
35/59 Test: NonEmptyGraph.removeEdge
Command: "/home/boriss/Documents/VUT FIT/IVS/proj1/build/tdd_test" "--gtest_filter=NonEmptyGraph.removeEdge" "--gtest_also_run_disabled_tests"
Directory: /home/boriss/Documents/VUT FIT/IVS/proj1/build
"NonEmptyGraph.removeEdge" start time: Mar 07 22:56 CET
Output:
----------------------------------------------------------
Running main() from /home/boriss/Documents/VUT FIT/IVS/proj1/build/_deps/googletest-src/googletest/src/gtest_main.cc
Note: Google Test filter = NonEmptyGraph.removeEdge
[==========] Running 1 test from 1 test suite.
[----------] Global test environment set-up.
[----------] 1 test from NonEmptyGraph
[ RUN      ] NonEmptyGraph.removeEdge
[       OK ] NonEmptyGraph.removeEdge (0 ms)
[----------] 1 test from NonEmptyGraph (0 ms total)

[----------] Global test environment tear-down
[==========] 1 test from 1 test suite ran. (0 ms total)
[  PASSED  ] 1 test.
<end of output>
Test time =   0.00 sec
----------------------------------------------------------
Test Passed.
"NonEmptyGraph.removeEdge" end time: Mar 07 22:56 CET
"NonEmptyGraph.removeEdge" time elapsed: 00:00:00
----------------------------------------------------------

36/59 Testing: NonEmptyGraph.nodeCount
36/59 Test: NonEmptyGraph.nodeCount
Command: "/home/boriss/Documents/VUT FIT/IVS/proj1/build/tdd_test" "--gtest_filter=NonEmptyGraph.nodeCount" "--gtest_also_run_disabled_tests"
Directory: /home/boriss/Documents/VUT FIT/IVS/proj1/build
"NonEmptyGraph.nodeCount" start time: Mar 07 22:56 CET
Output:
----------------------------------------------------------
Running main() from /home/boriss/Documents/VUT FIT/IVS/proj1/build/_deps/googletest-src/googletest/src/gtest_main.cc
Note: Google Test filter = NonEmptyGraph.nodeCount
[==========] Running 1 test from 1 test suite.
[----------] Global test environment set-up.
[----------] 1 test from NonEmptyGraph
[ RUN      ] NonEmptyGraph.nodeCount
[       OK ] NonEmptyGraph.nodeCount (0 ms)
[----------] 1 test from NonEmptyGraph (0 ms total)

[----------] Global test environment tear-down
[==========] 1 test from 1 test suite ran. (0 ms total)
[  PASSED  ] 1 test.
<end of output>
Test time =   0.00 sec
----------------------------------------------------------
Test Passed.
"NonEmptyGraph.nodeCount" end time: Mar 07 22:56 CET
"NonEmptyGraph.nodeCount" time elapsed: 00:00:00
----------------------------------------------------------

37/59 Testing: NonEmptyGraph.edgeCount
37/59 Test: NonEmptyGraph.edgeCount
Command: "/home/boriss/Documents/VUT FIT/IVS/proj1/build/tdd_test" "--gtest_filter=NonEmptyGraph.edgeCount" "--gtest_also_run_disabled_tests"
Directory: /home/boriss/Documents/VUT FIT/IVS/proj1/build
"NonEmptyGraph.edgeCount" start time: Mar 07 22:56 CET
Output:
----------------------------------------------------------
Running main() from /home/boriss/Documents/VUT FIT/IVS/proj1/build/_deps/googletest-src/googletest/src/gtest_main.cc
Note: Google Test filter = NonEmptyGraph.edgeCount
[==========] Running 1 test from 1 test suite.
[----------] Global test environment set-up.
[----------] 1 test from NonEmptyGraph
[ RUN      ] NonEmptyGraph.edgeCount
[       OK ] NonEmptyGraph.edgeCount (0 ms)
[----------] 1 test from NonEmptyGraph (0 ms total)

[----------] Global test environment tear-down
[==========] 1 test from 1 test suite ran. (0 ms total)
[  PASSED  ] 1 test.
<end of output>
Test time =   0.00 sec
----------------------------------------------------------
Test Passed.
"NonEmptyGraph.edgeCount" end time: Mar 07 22:56 CET
"NonEmptyGraph.edgeCount" time elapsed: 00:00:00
----------------------------------------------------------

38/59 Testing: NonEmptyGraph.nodeDegree
38/59 Test: NonEmptyGraph.nodeDegree
Command: "/home/boriss/Documents/VUT FIT/IVS/proj1/build/tdd_test" "--gtest_filter=NonEmptyGraph.nodeDegree" "--gtest_also_run_disabled_tests"
Directory: /home/boriss/Documents/VUT FIT/IVS/proj1/build
"NonEmptyGraph.nodeDegree" start time: Mar 07 22:56 CET
Output:
----------------------------------------------------------
Running main() from /home/boriss/Documents/VUT FIT/IVS/proj1/build/_deps/googletest-src/googletest/src/gtest_main.cc
Note: Google Test filter = NonEmptyGraph.nodeDegree
[==========] Running 1 test from 1 test suite.
[----------] Global test environment set-up.
[----------] 1 test from NonEmptyGraph
[ RUN      ] NonEmptyGraph.nodeDegree
[       OK ] NonEmptyGraph.nodeDegree (0 ms)
[----------] 1 test from NonEmptyGraph (0 ms total)

[----------] Global test environment tear-down
[==========] 1 test from 1 test suite ran. (0 ms total)
[  PASSED  ] 1 test.
<end of output>
Test time =   0.00 sec
----------------------------------------------------------
Test Passed.
"NonEmptyGraph.nodeDegree" end time: Mar 07 22:56 CET
"NonEmptyGraph.nodeDegree" time elapsed: 00:00:00
----------------------------------------------------------

39/59 Testing: NonEmptyGraph.graphDegree
39/59 Test: NonEmptyGraph.graphDegree
Command: "/home/boriss/Documents/VUT FIT/IVS/proj1/build/tdd_test" "--gtest_filter=NonEmptyGraph.graphDegree" "--gtest_also_run_disabled_tests"
Directory: /home/boriss/Documents/VUT FIT/IVS/proj1/build
"NonEmptyGraph.graphDegree" start time: Mar 07 22:56 CET
Output:
----------------------------------------------------------
Running main() from /home/boriss/Documents/VUT FIT/IVS/proj1/build/_deps/googletest-src/googletest/src/gtest_main.cc
Note: Google Test filter = NonEmptyGraph.graphDegree
[==========] Running 1 test from 1 test suite.
[----------] Global test environment set-up.
[----------] 1 test from NonEmptyGraph
[ RUN      ] NonEmptyGraph.graphDegree
[       OK ] NonEmptyGraph.graphDegree (0 ms)
[----------] 1 test from NonEmptyGraph (0 ms total)

[----------] Global test environment tear-down
[==========] 1 test from 1 test suite ran. (0 ms total)
[  PASSED  ] 1 test.
<end of output>
Test time =   0.00 sec
----------------------------------------------------------
Test Passed.
"NonEmptyGraph.graphDegree" end time: Mar 07 22:56 CET
"NonEmptyGraph.graphDegree" time elapsed: 00:00:00
----------------------------------------------------------

40/59 Testing: NonEmptyGraph.coloring
40/59 Test: NonEmptyGraph.coloring
Command: "/home/boriss/Documents/VUT FIT/IVS/proj1/build/tdd_test" "--gtest_filter=NonEmptyGraph.coloring" "--gtest_also_run_disabled_tests"
Directory: /home/boriss/Documents/VUT FIT/IVS/proj1/build
"NonEmptyGraph.coloring" start time: Mar 07 22:56 CET
Output:
----------------------------------------------------------
Running main() from /home/boriss/Documents/VUT FIT/IVS/proj1/build/_deps/googletest-src/googletest/src/gtest_main.cc
Note: Google Test filter = NonEmptyGraph.coloring
[==========] Running 1 test from 1 test suite.
[----------] Global test environment set-up.
[----------] 1 test from NonEmptyGraph
[ RUN      ] NonEmptyGraph.coloring
/home/boriss/Documents/VUT FIT/IVS/proj1/tdd_tests.cpp:218: Failure
Value of: *colors.begin() != 0
  Actual: false
Expected: true
/home/boriss/Documents/VUT FIT/IVS/proj1/tdd_tests.cpp:224: Failure
Expected: (graph.getNode(edge.a)->color) != (graph.getNode(edge.b)->color), actual: 0 vs 0
/home/boriss/Documents/VUT FIT/IVS/proj1/tdd_tests.cpp:224: Failure
Expected: (graph.getNode(edge.a)->color) != (graph.getNode(edge.b)->color), actual: 0 vs 0
/home/boriss/Documents/VUT FIT/IVS/proj1/tdd_tests.cpp:224: Failure
Expected: (graph.getNode(edge.a)->color) != (graph.getNode(edge.b)->color), actual: 0 vs 0
/home/boriss/Documents/VUT FIT/IVS/proj1/tdd_tests.cpp:224: Failure
Expected: (graph.getNode(edge.a)->color) != (graph.getNode(edge.b)->color), actual: 0 vs 0
/home/boriss/Documents/VUT FIT/IVS/proj1/tdd_tests.cpp:224: Failure
Expected: (graph.getNode(edge.a)->color) != (graph.getNode(edge.b)->color), actual: 0 vs 0
/home/boriss/Documents/VUT FIT/IVS/proj1/tdd_tests.cpp:224: Failure
Expected: (graph.getNode(edge.a)->color) != (graph.getNode(edge.b)->color), actual: 0 vs 0
[  FAILED  ] NonEmptyGraph.coloring (0 ms)
[----------] 1 test from NonEmptyGraph (0 ms total)

[----------] Global test environment tear-down
[==========] 1 test from 1 test suite ran. (0 ms total)
[  PASSED  ] 0 tests.
[  FAILED  ] 1 test, listed below:
[  FAILED  ] NonEmptyGraph.coloring

 1 FAILED TEST
<end of output>
Test time =   0.00 sec
----------------------------------------------------------
Test Failed.
"NonEmptyGraph.coloring" end time: Mar 07 22:56 CET
"NonEmptyGraph.coloring" time elapsed: 00:00:00
----------------------------------------------------------

41/59 Testing: NonEmptyGraph.clear
41/59 Test: NonEmptyGraph.clear
Command: "/home/boriss/Documents/VUT FIT/IVS/proj1/build/tdd_test" "--gtest_filter=NonEmptyGraph.clear" "--gtest_also_run_disabled_tests"
Directory: /home/boriss/Documents/VUT FIT/IVS/proj1/build
"NonEmptyGraph.clear" start time: Mar 07 22:56 CET
Output:
----------------------------------------------------------
Running main() from /home/boriss/Documents/VUT FIT/IVS/proj1/build/_deps/googletest-src/googletest/src/gtest_main.cc
Note: Google Test filter = NonEmptyGraph.clear
[==========] Running 1 test from 1 test suite.
[----------] Global test environment set-up.
[----------] 1 test from NonEmptyGraph
[ RUN      ] NonEmptyGraph.clear
[       OK ] NonEmptyGraph.clear (0 ms)
[----------] 1 test from NonEmptyGraph (0 ms total)

[----------] Global test environment tear-down
[==========] 1 test from 1 test suite ran. (0 ms total)
[  PASSED  ] 1 test.
<end of output>
Test time =   0.00 sec
----------------------------------------------------------
Test Passed.
"NonEmptyGraph.clear" end time: Mar 07 22:56 CET
"NonEmptyGraph.clear" time elapsed: 00:00:00
----------------------------------------------------------

42/59 Testing: EmptyGraph.nodes
42/59 Test: EmptyGraph.nodes
Command: "/home/boriss/Documents/VUT FIT/IVS/proj1/build/tdd_test" "--gtest_filter=EmptyGraph.nodes" "--gtest_also_run_disabled_tests"
Directory: /home/boriss/Documents/VUT FIT/IVS/proj1/build
"EmptyGraph.nodes" start time: Mar 07 22:56 CET
Output:
----------------------------------------------------------
Running main() from /home/boriss/Documents/VUT FIT/IVS/proj1/build/_deps/googletest-src/googletest/src/gtest_main.cc
Note: Google Test filter = EmptyGraph.nodes
[==========] Running 1 test from 1 test suite.
[----------] Global test environment set-up.
[----------] 1 test from EmptyGraph
[ RUN      ] EmptyGraph.nodes
[       OK ] EmptyGraph.nodes (0 ms)
[----------] 1 test from EmptyGraph (0 ms total)

[----------] Global test environment tear-down
[==========] 1 test from 1 test suite ran. (0 ms total)
[  PASSED  ] 1 test.
<end of output>
Test time =   0.00 sec
----------------------------------------------------------
Test Passed.
"EmptyGraph.nodes" end time: Mar 07 22:56 CET
"EmptyGraph.nodes" time elapsed: 00:00:00
----------------------------------------------------------

43/59 Testing: EmptyGraph.edges
43/59 Test: EmptyGraph.edges
Command: "/home/boriss/Documents/VUT FIT/IVS/proj1/build/tdd_test" "--gtest_filter=EmptyGraph.edges" "--gtest_also_run_disabled_tests"
Directory: /home/boriss/Documents/VUT FIT/IVS/proj1/build
"EmptyGraph.edges" start time: Mar 07 22:56 CET
Output:
----------------------------------------------------------
Running main() from /home/boriss/Documents/VUT FIT/IVS/proj1/build/_deps/googletest-src/googletest/src/gtest_main.cc
Note: Google Test filter = EmptyGraph.edges
[==========] Running 1 test from 1 test suite.
[----------] Global test environment set-up.
[----------] 1 test from EmptyGraph
[ RUN      ] EmptyGraph.edges
[       OK ] EmptyGraph.edges (0 ms)
[----------] 1 test from EmptyGraph (0 ms total)

[----------] Global test environment tear-down
[==========] 1 test from 1 test suite ran. (0 ms total)
[  PASSED  ] 1 test.
<end of output>
Test time =   0.00 sec
----------------------------------------------------------
Test Passed.
"EmptyGraph.edges" end time: Mar 07 22:56 CET
"EmptyGraph.edges" time elapsed: 00:00:00
----------------------------------------------------------

44/59 Testing: EmptyGraph.addNode
44/59 Test: EmptyGraph.addNode
Command: "/home/boriss/Documents/VUT FIT/IVS/proj1/build/tdd_test" "--gtest_filter=EmptyGraph.addNode" "--gtest_also_run_disabled_tests"
Directory: /home/boriss/Documents/VUT FIT/IVS/proj1/build
"EmptyGraph.addNode" start time: Mar 07 22:56 CET
Output:
----------------------------------------------------------
Running main() from /home/boriss/Documents/VUT FIT/IVS/proj1/build/_deps/googletest-src/googletest/src/gtest_main.cc
Note: Google Test filter = EmptyGraph.addNode
[==========] Running 1 test from 1 test suite.
[----------] Global test environment set-up.
[----------] 1 test from EmptyGraph
[ RUN      ] EmptyGraph.addNode
[       OK ] EmptyGraph.addNode (0 ms)
[----------] 1 test from EmptyGraph (0 ms total)

[----------] Global test environment tear-down
[==========] 1 test from 1 test suite ran. (0 ms total)
[  PASSED  ] 1 test.
<end of output>
Test time =   0.00 sec
----------------------------------------------------------
Test Passed.
"EmptyGraph.addNode" end time: Mar 07 22:56 CET
"EmptyGraph.addNode" time elapsed: 00:00:00
----------------------------------------------------------

45/59 Testing: EmptyGraph.addEdge
45/59 Test: EmptyGraph.addEdge
Command: "/home/boriss/Documents/VUT FIT/IVS/proj1/build/tdd_test" "--gtest_filter=EmptyGraph.addEdge" "--gtest_also_run_disabled_tests"
Directory: /home/boriss/Documents/VUT FIT/IVS/proj1/build
"EmptyGraph.addEdge" start time: Mar 07 22:56 CET
Output:
----------------------------------------------------------
Running main() from /home/boriss/Documents/VUT FIT/IVS/proj1/build/_deps/googletest-src/googletest/src/gtest_main.cc
Note: Google Test filter = EmptyGraph.addEdge
[==========] Running 1 test from 1 test suite.
[----------] Global test environment set-up.
[----------] 1 test from EmptyGraph
[ RUN      ] EmptyGraph.addEdge
[       OK ] EmptyGraph.addEdge (0 ms)
[----------] 1 test from EmptyGraph (0 ms total)

[----------] Global test environment tear-down
[==========] 1 test from 1 test suite ran. (0 ms total)
[  PASSED  ] 1 test.
<end of output>
Test time =   0.00 sec
----------------------------------------------------------
Test Passed.
"EmptyGraph.addEdge" end time: Mar 07 22:56 CET
"EmptyGraph.addEdge" time elapsed: 00:00:00
----------------------------------------------------------

46/59 Testing: EmptyGraph.addMultipleEdges
46/59 Test: EmptyGraph.addMultipleEdges
Command: "/home/boriss/Documents/VUT FIT/IVS/proj1/build/tdd_test" "--gtest_filter=EmptyGraph.addMultipleEdges" "--gtest_also_run_disabled_tests"
Directory: /home/boriss/Documents/VUT FIT/IVS/proj1/build
"EmptyGraph.addMultipleEdges" start time: Mar 07 22:56 CET
Output:
----------------------------------------------------------
Running main() from /home/boriss/Documents/VUT FIT/IVS/proj1/build/_deps/googletest-src/googletest/src/gtest_main.cc
Note: Google Test filter = EmptyGraph.addMultipleEdges
[==========] Running 1 test from 1 test suite.
[----------] Global test environment set-up.
[----------] 1 test from EmptyGraph
[ RUN      ] EmptyGraph.addMultipleEdges
[       OK ] EmptyGraph.addMultipleEdges (0 ms)
[----------] 1 test from EmptyGraph (0 ms total)

[----------] Global test environment tear-down
[==========] 1 test from 1 test suite ran. (0 ms total)
[  PASSED  ] 1 test.
<end of output>
Test time =   0.00 sec
----------------------------------------------------------
Test Passed.
"EmptyGraph.addMultipleEdges" end time: Mar 07 22:56 CET
"EmptyGraph.addMultipleEdges" time elapsed: 00:00:00
----------------------------------------------------------

47/59 Testing: EmptyGraph.getNode
47/59 Test: EmptyGraph.getNode
Command: "/home/boriss/Documents/VUT FIT/IVS/proj1/build/tdd_test" "--gtest_filter=EmptyGraph.getNode" "--gtest_also_run_disabled_tests"
Directory: /home/boriss/Documents/VUT FIT/IVS/proj1/build
"EmptyGraph.getNode" start time: Mar 07 22:56 CET
Output:
----------------------------------------------------------
Running main() from /home/boriss/Documents/VUT FIT/IVS/proj1/build/_deps/googletest-src/googletest/src/gtest_main.cc
Note: Google Test filter = EmptyGraph.getNode
[==========] Running 1 test from 1 test suite.
[----------] Global test environment set-up.
[----------] 1 test from EmptyGraph
[ RUN      ] EmptyGraph.getNode
[       OK ] EmptyGraph.getNode (0 ms)
[----------] 1 test from EmptyGraph (0 ms total)

[----------] Global test environment tear-down
[==========] 1 test from 1 test suite ran. (0 ms total)
[  PASSED  ] 1 test.
<end of output>
Test time =   0.00 sec
----------------------------------------------------------
Test Passed.
"EmptyGraph.getNode" end time: Mar 07 22:56 CET
"EmptyGraph.getNode" time elapsed: 00:00:00
----------------------------------------------------------

48/59 Testing: EmptyGraph.containsEdge
48/59 Test: EmptyGraph.containsEdge
Command: "/home/boriss/Documents/VUT FIT/IVS/proj1/build/tdd_test" "--gtest_filter=EmptyGraph.containsEdge" "--gtest_also_run_disabled_tests"
Directory: /home/boriss/Documents/VUT FIT/IVS/proj1/build
"EmptyGraph.containsEdge" start time: Mar 07 22:56 CET
Output:
----------------------------------------------------------
Running main() from /home/boriss/Documents/VUT FIT/IVS/proj1/build/_deps/googletest-src/googletest/src/gtest_main.cc
Note: Google Test filter = EmptyGraph.containsEdge
[==========] Running 1 test from 1 test suite.
[----------] Global test environment set-up.
[----------] 1 test from EmptyGraph
[ RUN      ] EmptyGraph.containsEdge
[       OK ] EmptyGraph.containsEdge (0 ms)
[----------] 1 test from EmptyGraph (0 ms total)

[----------] Global test environment tear-down
[==========] 1 test from 1 test suite ran. (0 ms total)
[  PASSED  ] 1 test.
<end of output>
Test time =   0.00 sec
----------------------------------------------------------
Test Passed.
"EmptyGraph.containsEdge" end time: Mar 07 22:56 CET
"EmptyGraph.containsEdge" time elapsed: 00:00:00
----------------------------------------------------------

49/59 Testing: EmptyGraph.removeNode
49/59 Test: EmptyGraph.removeNode
Command: "/home/boriss/Documents/VUT FIT/IVS/proj1/build/tdd_test" "--gtest_filter=EmptyGraph.removeNode" "--gtest_also_run_disabled_tests"
Directory: /home/boriss/Documents/VUT FIT/IVS/proj1/build
"EmptyGraph.removeNode" start time: Mar 07 22:56 CET
Output:
----------------------------------------------------------
Running main() from /home/boriss/Documents/VUT FIT/IVS/proj1/build/_deps/googletest-src/googletest/src/gtest_main.cc
Note: Google Test filter = EmptyGraph.removeNode
[==========] Running 1 test from 1 test suite.
[----------] Global test environment set-up.
[----------] 1 test from EmptyGraph
[ RUN      ] EmptyGraph.removeNode
[       OK ] EmptyGraph.removeNode (0 ms)
[----------] 1 test from EmptyGraph (0 ms total)

[----------] Global test environment tear-down
[==========] 1 test from 1 test suite ran. (0 ms total)
[  PASSED  ] 1 test.
<end of output>
Test time =   0.00 sec
----------------------------------------------------------
Test Passed.
"EmptyGraph.removeNode" end time: Mar 07 22:56 CET
"EmptyGraph.removeNode" time elapsed: 00:00:00
----------------------------------------------------------

50/59 Testing: EmptyGraph.removeEdge
50/59 Test: EmptyGraph.removeEdge
Command: "/home/boriss/Documents/VUT FIT/IVS/proj1/build/tdd_test" "--gtest_filter=EmptyGraph.removeEdge" "--gtest_also_run_disabled_tests"
Directory: /home/boriss/Documents/VUT FIT/IVS/proj1/build
"EmptyGraph.removeEdge" start time: Mar 07 22:56 CET
Output:
----------------------------------------------------------
Running main() from /home/boriss/Documents/VUT FIT/IVS/proj1/build/_deps/googletest-src/googletest/src/gtest_main.cc
Note: Google Test filter = EmptyGraph.removeEdge
[==========] Running 1 test from 1 test suite.
[----------] Global test environment set-up.
[----------] 1 test from EmptyGraph
[ RUN      ] EmptyGraph.removeEdge
[       OK ] EmptyGraph.removeEdge (0 ms)
[----------] 1 test from EmptyGraph (0 ms total)

[----------] Global test environment tear-down
[==========] 1 test from 1 test suite ran. (0 ms total)
[  PASSED  ] 1 test.
<end of output>
Test time =   0.00 sec
----------------------------------------------------------
Test Passed.
"EmptyGraph.removeEdge" end time: Mar 07 22:56 CET
"EmptyGraph.removeEdge" time elapsed: 00:00:00
----------------------------------------------------------

51/59 Testing: EmptyGraph.nodeCount
51/59 Test: EmptyGraph.nodeCount
Command: "/home/boriss/Documents/VUT FIT/IVS/proj1/build/tdd_test" "--gtest_filter=EmptyGraph.nodeCount" "--gtest_also_run_disabled_tests"
Directory: /home/boriss/Documents/VUT FIT/IVS/proj1/build
"EmptyGraph.nodeCount" start time: Mar 07 22:56 CET
Output:
----------------------------------------------------------
Running main() from /home/boriss/Documents/VUT FIT/IVS/proj1/build/_deps/googletest-src/googletest/src/gtest_main.cc
Note: Google Test filter = EmptyGraph.nodeCount
[==========] Running 1 test from 1 test suite.
[----------] Global test environment set-up.
[----------] 1 test from EmptyGraph
[ RUN      ] EmptyGraph.nodeCount
[       OK ] EmptyGraph.nodeCount (0 ms)
[----------] 1 test from EmptyGraph (0 ms total)

[----------] Global test environment tear-down
[==========] 1 test from 1 test suite ran. (0 ms total)
[  PASSED  ] 1 test.
<end of output>
Test time =   0.00 sec
----------------------------------------------------------
Test Passed.
"EmptyGraph.nodeCount" end time: Mar 07 22:56 CET
"EmptyGraph.nodeCount" time elapsed: 00:00:00
----------------------------------------------------------

52/59 Testing: EmptyGraph.edgeCount
52/59 Test: EmptyGraph.edgeCount
Command: "/home/boriss/Documents/VUT FIT/IVS/proj1/build/tdd_test" "--gtest_filter=EmptyGraph.edgeCount" "--gtest_also_run_disabled_tests"
Directory: /home/boriss/Documents/VUT FIT/IVS/proj1/build
"EmptyGraph.edgeCount" start time: Mar 07 22:56 CET
Output:
----------------------------------------------------------
Running main() from /home/boriss/Documents/VUT FIT/IVS/proj1/build/_deps/googletest-src/googletest/src/gtest_main.cc
Note: Google Test filter = EmptyGraph.edgeCount
[==========] Running 1 test from 1 test suite.
[----------] Global test environment set-up.
[----------] 1 test from EmptyGraph
[ RUN      ] EmptyGraph.edgeCount
[       OK ] EmptyGraph.edgeCount (0 ms)
[----------] 1 test from EmptyGraph (0 ms total)

[----------] Global test environment tear-down
[==========] 1 test from 1 test suite ran. (0 ms total)
[  PASSED  ] 1 test.
<end of output>
Test time =   0.00 sec
----------------------------------------------------------
Test Passed.
"EmptyGraph.edgeCount" end time: Mar 07 22:56 CET
"EmptyGraph.edgeCount" time elapsed: 00:00:00
----------------------------------------------------------

53/59 Testing: EmptyGraph.nodeDegree
53/59 Test: EmptyGraph.nodeDegree
Command: "/home/boriss/Documents/VUT FIT/IVS/proj1/build/tdd_test" "--gtest_filter=EmptyGraph.nodeDegree" "--gtest_also_run_disabled_tests"
Directory: /home/boriss/Documents/VUT FIT/IVS/proj1/build
"EmptyGraph.nodeDegree" start time: Mar 07 22:56 CET
Output:
----------------------------------------------------------
Running main() from /home/boriss/Documents/VUT FIT/IVS/proj1/build/_deps/googletest-src/googletest/src/gtest_main.cc
Note: Google Test filter = EmptyGraph.nodeDegree
[==========] Running 1 test from 1 test suite.
[----------] Global test environment set-up.
[----------] 1 test from EmptyGraph
[ RUN      ] EmptyGraph.nodeDegree
[       OK ] EmptyGraph.nodeDegree (0 ms)
[----------] 1 test from EmptyGraph (0 ms total)

[----------] Global test environment tear-down
[==========] 1 test from 1 test suite ran. (0 ms total)
[  PASSED  ] 1 test.
<end of output>
Test time =   0.00 sec
----------------------------------------------------------
Test Passed.
"EmptyGraph.nodeDegree" end time: Mar 07 22:56 CET
"EmptyGraph.nodeDegree" time elapsed: 00:00:00
----------------------------------------------------------

54/59 Testing: EmptyGraph.graphDegree
54/59 Test: EmptyGraph.graphDegree
Command: "/home/boriss/Documents/VUT FIT/IVS/proj1/build/tdd_test" "--gtest_filter=EmptyGraph.graphDegree" "--gtest_also_run_disabled_tests"
Directory: /home/boriss/Documents/VUT FIT/IVS/proj1/build
"EmptyGraph.graphDegree" start time: Mar 07 22:56 CET
Output:
----------------------------------------------------------
Running main() from /home/boriss/Documents/VUT FIT/IVS/proj1/build/_deps/googletest-src/googletest/src/gtest_main.cc
Note: Google Test filter = EmptyGraph.graphDegree
[==========] Running 1 test from 1 test suite.
[----------] Global test environment set-up.
[----------] 1 test from EmptyGraph
[ RUN      ] EmptyGraph.graphDegree
[       OK ] EmptyGraph.graphDegree (0 ms)
[----------] 1 test from EmptyGraph (0 ms total)

[----------] Global test environment tear-down
[==========] 1 test from 1 test suite ran. (0 ms total)
[  PASSED  ] 1 test.
<end of output>
Test time =   0.00 sec
----------------------------------------------------------
Test Passed.
"EmptyGraph.graphDegree" end time: Mar 07 22:56 CET
"EmptyGraph.graphDegree" time elapsed: 00:00:00
----------------------------------------------------------

55/59 Testing: EmptyGraph.coloring
55/59 Test: EmptyGraph.coloring
Command: "/home/boriss/Documents/VUT FIT/IVS/proj1/build/tdd_test" "--gtest_filter=EmptyGraph.coloring" "--gtest_also_run_disabled_tests"
Directory: /home/boriss/Documents/VUT FIT/IVS/proj1/build
"EmptyGraph.coloring" start time: Mar 07 22:56 CET
Output:
----------------------------------------------------------
Running main() from /home/boriss/Documents/VUT FIT/IVS/proj1/build/_deps/googletest-src/googletest/src/gtest_main.cc
Note: Google Test filter = EmptyGraph.coloring
[==========] Running 1 test from 1 test suite.
[----------] Global test environment set-up.
[----------] 1 test from EmptyGraph
[ RUN      ] EmptyGraph.coloring
[       OK ] EmptyGraph.coloring (0 ms)
[----------] 1 test from EmptyGraph (0 ms total)

[----------] Global test environment tear-down
[==========] 1 test from 1 test suite ran. (0 ms total)
[  PASSED  ] 1 test.
<end of output>
Test time =   0.00 sec
----------------------------------------------------------
Test Passed.
"EmptyGraph.coloring" end time: Mar 07 22:56 CET
"EmptyGraph.coloring" time elapsed: 00:00:00
----------------------------------------------------------

56/59 Testing: EmptyGraph.clear
56/59 Test: EmptyGraph.clear
Command: "/home/boriss/Documents/VUT FIT/IVS/proj1/build/tdd_test" "--gtest_filter=EmptyGraph.clear" "--gtest_also_run_disabled_tests"
Directory: /home/boriss/Documents/VUT FIT/IVS/proj1/build
"EmptyGraph.clear" start time: Mar 07 22:56 CET
Output:
----------------------------------------------------------
Running main() from /home/boriss/Documents/VUT FIT/IVS/proj1/build/_deps/googletest-src/googletest/src/gtest_main.cc
Note: Google Test filter = EmptyGraph.clear
[==========] Running 1 test from 1 test suite.
[----------] Global test environment set-up.
[----------] 1 test from EmptyGraph
[ RUN      ] EmptyGraph.clear
[       OK ] EmptyGraph.clear (0 ms)
[----------] 1 test from EmptyGraph (0 ms total)

[----------] Global test environment tear-down
[==========] 1 test from 1 test suite ran. (0 ms total)
[  PASSED  ] 1 test.
<end of output>
Test time =   0.00 sec
----------------------------------------------------------
Test Passed.
"EmptyGraph.clear" end time: Mar 07 22:56 CET
"EmptyGraph.clear" time elapsed: 00:00:00
----------------------------------------------------------

57/59 Testing: Edges.equal
57/59 Test: Edges.equal
Command: "/home/boriss/Documents/VUT FIT/IVS/proj1/build/tdd_test" "--gtest_filter=Edges.equal" "--gtest_also_run_disabled_tests"
Directory: /home/boriss/Documents/VUT FIT/IVS/proj1/build
"Edges.equal" start time: Mar 07 22:56 CET
Output:
----------------------------------------------------------
Running main() from /home/boriss/Documents/VUT FIT/IVS/proj1/build/_deps/googletest-src/googletest/src/gtest_main.cc
Note: Google Test filter = Edges.equal
[==========] Running 1 test from 1 test suite.
[----------] Global test environment set-up.
[----------] 1 test from Edges
[ RUN      ] Edges.equal
[       OK ] Edges.equal (0 ms)
[----------] 1 test from Edges (0 ms total)

[----------] Global test environment tear-down
[==========] 1 test from 1 test suite ran. (0 ms total)
[  PASSED  ] 1 test.
<end of output>
Test time =   0.00 sec
----------------------------------------------------------
Test Passed.
"Edges.equal" end time: Mar 07 22:56 CET
"Edges.equal" time elapsed: 00:00:00
----------------------------------------------------------

58/59 Testing: Edges.nonEqual
58/59 Test: Edges.nonEqual
Command: "/home/boriss/Documents/VUT FIT/IVS/proj1/build/tdd_test" "--gtest_filter=Edges.nonEqual" "--gtest_also_run_disabled_tests"
Directory: /home/boriss/Documents/VUT FIT/IVS/proj1/build
"Edges.nonEqual" start time: Mar 07 22:56 CET
Output:
----------------------------------------------------------
Running main() from /home/boriss/Documents/VUT FIT/IVS/proj1/build/_deps/googletest-src/googletest/src/gtest_main.cc
Note: Google Test filter = Edges.nonEqual
[==========] Running 1 test from 1 test suite.
[----------] Global test environment set-up.
[----------] 1 test from Edges
[ RUN      ] Edges.nonEqual
[       OK ] Edges.nonEqual (0 ms)
[----------] 1 test from Edges (0 ms total)

[----------] Global test environment tear-down
[==========] 1 test from 1 test suite ran. (0 ms total)
[  PASSED  ] 1 test.
<end of output>
Test time =   0.00 sec
----------------------------------------------------------
Test Passed.
"Edges.nonEqual" end time: Mar 07 22:56 CET
"Edges.nonEqual" time elapsed: 00:00:00
----------------------------------------------------------

59/59 Testing: Edges.toStringStream
59/59 Test: Edges.toStringStream
Command: "/home/boriss/Documents/VUT FIT/IVS/proj1/build/tdd_test" "--gtest_filter=Edges.toStringStream" "--gtest_also_run_disabled_tests"
Directory: /home/boriss/Documents/VUT FIT/IVS/proj1/build
"Edges.toStringStream" start time: Mar 07 22:56 CET
Output:
----------------------------------------------------------
Running main() from /home/boriss/Documents/VUT FIT/IVS/proj1/build/_deps/googletest-src/googletest/src/gtest_main.cc
Note: Google Test filter = Edges.toStringStream
[==========] Running 1 test from 1 test suite.
[----------] Global test environment set-up.
[----------] 1 test from Edges
[ RUN      ] Edges.toStringStream
[       OK ] Edges.toStringStream (0 ms)
[----------] 1 test from Edges (0 ms total)

[----------] Global test environment tear-down
[==========] 1 test from 1 test suite ran. (0 ms total)
[  PASSED  ] 1 test.
<end of output>
Test time =   0.00 sec
----------------------------------------------------------
Test Passed.
"Edges.toStringStream" end time: Mar 07 22:56 CET
"Edges.toStringStream" time elapsed: 00:00:00
----------------------------------------------------------

End testing: Mar 07 22:56 CET
