Start testing: Mar 02 15:49 CET
----------------------------------------------------------
1/37 Testing: EmptyTree.TestEmptyTree
1/37 Test: EmptyTree.TestEmptyTree
Command: "/home/boriss/Documents/VUT FIT/IVS/proj1/build/black_box_test" "--gtest_filter=EmptyTree.TestEmptyTree" "--gtest_also_run_disabled_tests"
Directory: /home/boriss/Documents/VUT FIT/IVS/proj1/build
"EmptyTree.TestEmptyTree" start time: Mar 02 15:49 CET
Output:
----------------------------------------------------------
Note: Google Test filter = EmptyTree.TestEmptyTree
[==========] Running 1 test from 1 test suite.
[----------] Global test environment set-up.
[----------] 1 test from EmptyTree
[ RUN      ] EmptyTree.TestEmptyTree
[       OK ] EmptyTree.TestEmptyTree (0 ms)
[----------] 1 test from EmptyTree (0 ms total)

[----------] Global test environment tear-down
[==========] 1 test from 1 test suite ran. (0 ms total)
[  PASSED  ] 1 test.
<end of output>
Test time =   0.00 sec
----------------------------------------------------------
Test Passed.
"EmptyTree.TestEmptyTree" end time: Mar 02 15:49 CET
"EmptyTree.TestEmptyTree" time elapsed: 00:00:00
----------------------------------------------------------

2/37 Testing: EmptyTree.InsertNode_EmptyTree
2/37 Test: EmptyTree.InsertNode_EmptyTree
Command: "/home/boriss/Documents/VUT FIT/IVS/proj1/build/black_box_test" "--gtest_filter=EmptyTree.InsertNode_EmptyTree" "--gtest_also_run_disabled_tests"
Directory: /home/boriss/Documents/VUT FIT/IVS/proj1/build
"EmptyTree.InsertNode_EmptyTree" start time: Mar 02 15:49 CET
Output:
----------------------------------------------------------
Note: Google Test filter = EmptyTree.InsertNode_EmptyTree
[==========] Running 1 test from 1 test suite.
[----------] Global test environment set-up.
[----------] 1 test from EmptyTree
[ RUN      ] EmptyTree.InsertNode_EmptyTree
[       OK ] EmptyTree.InsertNode_EmptyTree (0 ms)
[----------] 1 test from EmptyTree (0 ms total)

[----------] Global test environment tear-down
[==========] 1 test from 1 test suite ran. (0 ms total)
[  PASSED  ] 1 test.
<end of output>
Test time =   0.00 sec
----------------------------------------------------------
Test Passed.
"EmptyTree.InsertNode_EmptyTree" end time: Mar 02 15:49 CET
"EmptyTree.InsertNode_EmptyTree" time elapsed: 00:00:00
----------------------------------------------------------

3/37 Testing: EmptyTree.DeleteNode_EmptyTree
3/37 Test: EmptyTree.DeleteNode_EmptyTree
Command: "/home/boriss/Documents/VUT FIT/IVS/proj1/build/black_box_test" "--gtest_filter=EmptyTree.DeleteNode_EmptyTree" "--gtest_also_run_disabled_tests"
Directory: /home/boriss/Documents/VUT FIT/IVS/proj1/build
"EmptyTree.DeleteNode_EmptyTree" start time: Mar 02 15:49 CET
Output:
----------------------------------------------------------
Note: Google Test filter = EmptyTree.DeleteNode_EmptyTree
[==========] Running 1 test from 1 test suite.
[----------] Global test environment set-up.
[----------] 1 test from EmptyTree
[ RUN      ] EmptyTree.DeleteNode_EmptyTree
[       OK ] EmptyTree.DeleteNode_EmptyTree (0 ms)
[----------] 1 test from EmptyTree (0 ms total)

[----------] Global test environment tear-down
[==========] 1 test from 1 test suite ran. (0 ms total)
[  PASSED  ] 1 test.
<end of output>
Test time =   0.01 sec
----------------------------------------------------------
Test Passed.
"EmptyTree.DeleteNode_EmptyTree" end time: Mar 02 15:49 CET
"EmptyTree.DeleteNode_EmptyTree" time elapsed: 00:00:00
----------------------------------------------------------

4/37 Testing: EmptyTree.FindNode_EmptyTree
4/37 Test: EmptyTree.FindNode_EmptyTree
Command: "/home/boriss/Documents/VUT FIT/IVS/proj1/build/black_box_test" "--gtest_filter=EmptyTree.FindNode_EmptyTree" "--gtest_also_run_disabled_tests"
Directory: /home/boriss/Documents/VUT FIT/IVS/proj1/build
"EmptyTree.FindNode_EmptyTree" start time: Mar 02 15:49 CET
Output:
----------------------------------------------------------
Note: Google Test filter = EmptyTree.FindNode_EmptyTree
[==========] Running 1 test from 1 test suite.
[----------] Global test environment set-up.
[----------] 1 test from EmptyTree
[ RUN      ] EmptyTree.FindNode_EmptyTree
[       OK ] EmptyTree.FindNode_EmptyTree (0 ms)
[----------] 1 test from EmptyTree (0 ms total)

[----------] Global test environment tear-down
[==========] 1 test from 1 test suite ran. (0 ms total)
[  PASSED  ] 1 test.
<end of output>
Test time =   0.00 sec
----------------------------------------------------------
Test Passed.
"EmptyTree.FindNode_EmptyTree" end time: Mar 02 15:49 CET
"EmptyTree.FindNode_EmptyTree" time elapsed: 00:00:00
----------------------------------------------------------

5/37 Testing: NonEmptyGraph.nodes
5/37 Test: NonEmptyGraph.nodes
Command: "/home/boriss/Documents/VUT FIT/IVS/proj1/build/tdd_test" "--gtest_filter=NonEmptyGraph.nodes" "--gtest_also_run_disabled_tests"
Directory: /home/boriss/Documents/VUT FIT/IVS/proj1/build
"NonEmptyGraph.nodes" start time: Mar 02 15:49 CET
Output:
----------------------------------------------------------
Running main() from /home/boriss/Documents/VUT FIT/IVS/proj1/build/_deps/googletest-src/googletest/src/gtest_main.cc
Note: Google Test filter = NonEmptyGraph.nodes
[==========] Running 1 test from 1 test suite.
[----------] Global test environment set-up.
[----------] 1 test from NonEmptyGraph
[ RUN      ] NonEmptyGraph.nodes
/home/boriss/Documents/VUT FIT/IVS/proj1/tdd_tests.cpp:56: Failure
Value of: nodes
Expected: has 5 elements and there exists some permutation of elements such that:
 - element #0 is an object whose given field is equal to 1, and
 - element #1 is an object whose given field is equal to 4, and
 - element #2 is an object whose given field is equal to 5, and
 - element #3 is an object whose given field is equal to 6, and
 - element #4 is an object whose given field is equal to 7
  Actual: {}
[  FAILED  ] NonEmptyGraph.nodes (0 ms)
[----------] 1 test from NonEmptyGraph (0 ms total)

[----------] Global test environment tear-down
[==========] 1 test from 1 test suite ran. (0 ms total)
[  PASSED  ] 0 tests.
[  FAILED  ] 1 test, listed below:
[  FAILED  ] NonEmptyGraph.nodes

 1 FAILED TEST
<end of output>
Test time =   0.01 sec
----------------------------------------------------------
Test Failed.
"NonEmptyGraph.nodes" end time: Mar 02 15:49 CET
"NonEmptyGraph.nodes" time elapsed: 00:00:00
----------------------------------------------------------

6/37 Testing: NonEmptyGraph.edges
6/37 Test: NonEmptyGraph.edges
Command: "/home/boriss/Documents/VUT FIT/IVS/proj1/build/tdd_test" "--gtest_filter=NonEmptyGraph.edges" "--gtest_also_run_disabled_tests"
Directory: /home/boriss/Documents/VUT FIT/IVS/proj1/build
"NonEmptyGraph.edges" start time: Mar 02 15:49 CET
Output:
----------------------------------------------------------
Running main() from /home/boriss/Documents/VUT FIT/IVS/proj1/build/_deps/googletest-src/googletest/src/gtest_main.cc
Note: Google Test filter = NonEmptyGraph.edges
[==========] Running 1 test from 1 test suite.
[----------] Global test environment set-up.
[----------] 1 test from NonEmptyGraph
[ RUN      ] NonEmptyGraph.edges
/home/boriss/Documents/VUT FIT/IVS/proj1/tdd_tests.cpp:71: Failure
Value of: edges
Expected: has 6 elements and there exists some permutation of elements such that:
 - element #0 is equal to {1, 4}, and
 - element #1 is equal to {1, 5}, and
 - element #2 is equal to {4, 6}, and
 - element #3 is equal to {5, 6}, and
 - element #4 is equal to {5, 7}, and
 - element #5 is equal to {7, 6}
  Actual: {}
[  FAILED  ] NonEmptyGraph.edges (0 ms)
[----------] 1 test from NonEmptyGraph (0 ms total)

[----------] Global test environment tear-down
[==========] 1 test from 1 test suite ran. (0 ms total)
[  PASSED  ] 0 tests.
[  FAILED  ] 1 test, listed below:
[  FAILED  ] NonEmptyGraph.edges

 1 FAILED TEST
<end of output>
Test time =   0.00 sec
----------------------------------------------------------
Test Failed.
"NonEmptyGraph.edges" end time: Mar 02 15:49 CET
"NonEmptyGraph.edges" time elapsed: 00:00:00
----------------------------------------------------------

7/37 Testing: NonEmptyGraph.addNode
7/37 Test: NonEmptyGraph.addNode
Command: "/home/boriss/Documents/VUT FIT/IVS/proj1/build/tdd_test" "--gtest_filter=NonEmptyGraph.addNode" "--gtest_also_run_disabled_tests"
Directory: /home/boriss/Documents/VUT FIT/IVS/proj1/build
"NonEmptyGraph.addNode" start time: Mar 02 15:49 CET
Output:
----------------------------------------------------------
Running main() from /home/boriss/Documents/VUT FIT/IVS/proj1/build/_deps/googletest-src/googletest/src/gtest_main.cc
Note: Google Test filter = NonEmptyGraph.addNode
[==========] Running 1 test from 1 test suite.
[----------] Global test environment set-up.
[----------] 1 test from NonEmptyGraph
[ RUN      ] NonEmptyGraph.addNode
/home/boriss/Documents/VUT FIT/IVS/proj1/tdd_tests.cpp:77: Failure
Expected: (node) != (nullptr), actual: NULL vs (nullptr)
[  FAILED  ] NonEmptyGraph.addNode (0 ms)
[----------] 1 test from NonEmptyGraph (0 ms total)

[----------] Global test environment tear-down
[==========] 1 test from 1 test suite ran. (0 ms total)
[  PASSED  ] 0 tests.
[  FAILED  ] 1 test, listed below:
[  FAILED  ] NonEmptyGraph.addNode

 1 FAILED TEST
<end of output>
Test time =   0.00 sec
----------------------------------------------------------
Test Failed.
"NonEmptyGraph.addNode" end time: Mar 02 15:49 CET
"NonEmptyGraph.addNode" time elapsed: 00:00:00
----------------------------------------------------------

8/37 Testing: NonEmptyGraph.addEdge
8/37 Test: NonEmptyGraph.addEdge
Command: "/home/boriss/Documents/VUT FIT/IVS/proj1/build/tdd_test" "--gtest_filter=NonEmptyGraph.addEdge" "--gtest_also_run_disabled_tests"
Directory: /home/boriss/Documents/VUT FIT/IVS/proj1/build
"NonEmptyGraph.addEdge" start time: Mar 02 15:49 CET
Output:
----------------------------------------------------------
Running main() from /home/boriss/Documents/VUT FIT/IVS/proj1/build/_deps/googletest-src/googletest/src/gtest_main.cc
Note: Google Test filter = NonEmptyGraph.addEdge
[==========] Running 1 test from 1 test suite.
[----------] Global test environment set-up.
[----------] 1 test from NonEmptyGraph
[ RUN      ] NonEmptyGraph.addEdge
/home/boriss/Documents/VUT FIT/IVS/proj1/tdd_tests.cpp:101: Failure
Value of: graph.addEdge(Edge(1, 8))
  Actual: false
Expected: true
/home/boriss/Documents/VUT FIT/IVS/proj1/tdd_tests.cpp:103: Failure
Value of: edges
Expected: has 7 elements and there exists some permutation of elements such that:
 - element #0 is equal to {1, 4}, and
 - element #1 is equal to {1, 5}, and
 - element #2 is equal to {1, 8}, and
 - element #3 is equal to {4, 6}, and
 - element #4 is equal to {5, 6}, and
 - element #5 is equal to {5, 7}, and
 - element #6 is equal to {7, 6}
  Actual: {}
/home/boriss/Documents/VUT FIT/IVS/proj1/tdd_tests.cpp:108: Failure
Value of: edges
Expected: has 7 elements and there exists some permutation of elements such that:
 - element #0 is equal to {1, 4}, and
 - element #1 is equal to {1, 5}, and
 - element #2 is equal to {1, 8}, and
 - element #3 is equal to {4, 6}, and
 - element #4 is equal to {5, 6}, and
 - element #5 is equal to {5, 7}, and
 - element #6 is equal to {7, 6}
  Actual: {}
/home/boriss/Documents/VUT FIT/IVS/proj1/tdd_tests.cpp:113: Failure
Value of: edges
Expected: has 7 elements and there exists some permutation of elements such that:
 - element #0 is equal to {1, 4}, and
 - element #1 is equal to {1, 5}, and
 - element #2 is equal to {1, 8}, and
 - element #3 is equal to {4, 6}, and
 - element #4 is equal to {5, 6}, and
 - element #5 is equal to {5, 7}, and
 - element #6 is equal to {7, 6}
  Actual: {}
/home/boriss/Documents/VUT FIT/IVS/proj1/tdd_tests.cpp:118: Failure
Value of: edges
Expected: has 7 elements and there exists some permutation of elements such that:
 - element #0 is equal to {1, 4}, and
 - element #1 is equal to {1, 5}, and
 - element #2 is equal to {1, 8}, and
 - element #3 is equal to {4, 6}, and
 - element #4 is equal to {5, 6}, and
 - element #5 is equal to {5, 7}, and
 - element #6 is equal to {7, 6}
  Actual: {}
[  FAILED  ] NonEmptyGraph.addEdge (0 ms)
[----------] 1 test from NonEmptyGraph (0 ms total)

[----------] Global test environment tear-down
[==========] 1 test from 1 test suite ran. (0 ms total)
[  PASSED  ] 0 tests.
[  FAILED  ] 1 test, listed below:
[  FAILED  ] NonEmptyGraph.addEdge

 1 FAILED TEST
<end of output>
Test time =   0.01 sec
----------------------------------------------------------
Test Failed.
"NonEmptyGraph.addEdge" end time: Mar 02 15:49 CET
"NonEmptyGraph.addEdge" time elapsed: 00:00:00
----------------------------------------------------------

9/37 Testing: NonEmptyGraph.addMultipleEdges
9/37 Test: NonEmptyGraph.addMultipleEdges
Command: "/home/boriss/Documents/VUT FIT/IVS/proj1/build/tdd_test" "--gtest_filter=NonEmptyGraph.addMultipleEdges" "--gtest_also_run_disabled_tests"
Directory: /home/boriss/Documents/VUT FIT/IVS/proj1/build
"NonEmptyGraph.addMultipleEdges" start time: Mar 02 15:49 CET
Output:
----------------------------------------------------------
Running main() from /home/boriss/Documents/VUT FIT/IVS/proj1/build/_deps/googletest-src/googletest/src/gtest_main.cc
Note: Google Test filter = NonEmptyGraph.addMultipleEdges
[==========] Running 1 test from 1 test suite.
[----------] Global test environment set-up.
[----------] 1 test from NonEmptyGraph
[ RUN      ] NonEmptyGraph.addMultipleEdges
/home/boriss/Documents/VUT FIT/IVS/proj1/tdd_tests.cpp:130: Failure
Value of: graph.nodes()
Expected: has 9 elements and there exists some permutation of elements such that:
 - element #0 is an object whose given field is equal to 1, and
 - element #1 is an object whose given field is equal to 4, and
 - element #2 is an object whose given field is equal to 5, and
 - element #3 is an object whose given field is equal to 6, and
 - element #4 is an object whose given field is equal to 7, and
 - element #5 is an object whose given field is equal to 10, and
 - element #6 is an object whose given field is equal to 40, and
 - element #7 is an object whose given field is equal to 70, and
 - element #8 is an object whose given field is equal to 60
  Actual: {}
/home/boriss/Documents/VUT FIT/IVS/proj1/tdd_tests.cpp:140: Failure
Value of: graph.edges()
Expected: has 9 elements and there exists some permutation of elements such that:
 - element #0 is equal to {1, 4}, and
 - element #1 is equal to {1, 5}, and
 - element #2 is equal to {4, 6}, and
 - element #3 is equal to {5, 6}, and
 - element #4 is equal to {5, 7}, and
 - element #5 is equal to {7, 6}, and
 - element #6 is equal to {10, 40}, and
 - element #7 is equal to {10, 1}, and
 - element #8 is equal to {70, 60}
  Actual: {}
[  FAILED  ] NonEmptyGraph.addMultipleEdges (0 ms)
[----------] 1 test from NonEmptyGraph (0 ms total)

[----------] Global test environment tear-down
[==========] 1 test from 1 test suite ran. (0 ms total)
[  PASSED  ] 0 tests.
[  FAILED  ] 1 test, listed below:
[  FAILED  ] NonEmptyGraph.addMultipleEdges

 1 FAILED TEST
<end of output>
Test time =   0.00 sec
----------------------------------------------------------
Test Failed.
"NonEmptyGraph.addMultipleEdges" end time: Mar 02 15:49 CET
"NonEmptyGraph.addMultipleEdges" time elapsed: 00:00:00
----------------------------------------------------------

10/37 Testing: NonEmptyGraph.getNode
10/37 Test: NonEmptyGraph.getNode
Command: "/home/boriss/Documents/VUT FIT/IVS/proj1/build/tdd_test" "--gtest_filter=NonEmptyGraph.getNode" "--gtest_also_run_disabled_tests"
Directory: /home/boriss/Documents/VUT FIT/IVS/proj1/build
"NonEmptyGraph.getNode" start time: Mar 02 15:49 CET
Output:
----------------------------------------------------------
Running main() from /home/boriss/Documents/VUT FIT/IVS/proj1/build/_deps/googletest-src/googletest/src/gtest_main.cc
Note: Google Test filter = NonEmptyGraph.getNode
[==========] Running 1 test from 1 test suite.
[----------] Global test environment set-up.
[----------] 1 test from NonEmptyGraph
[ RUN      ] NonEmptyGraph.getNode
/home/boriss/Documents/VUT FIT/IVS/proj1/tdd_tests.cpp:148: Failure
Expected: (node) != (nullptr), actual: NULL vs (nullptr)
[  FAILED  ] NonEmptyGraph.getNode (0 ms)
[----------] 1 test from NonEmptyGraph (0 ms total)

[----------] Global test environment tear-down
[==========] 1 test from 1 test suite ran. (0 ms total)
[  PASSED  ] 0 tests.
[  FAILED  ] 1 test, listed below:
[  FAILED  ] NonEmptyGraph.getNode

 1 FAILED TEST
<end of output>
Test time =   0.01 sec
----------------------------------------------------------
Test Failed.
"NonEmptyGraph.getNode" end time: Mar 02 15:49 CET
"NonEmptyGraph.getNode" time elapsed: 00:00:00
----------------------------------------------------------

11/37 Testing: NonEmptyGraph.containsEdge
11/37 Test: NonEmptyGraph.containsEdge
Command: "/home/boriss/Documents/VUT FIT/IVS/proj1/build/tdd_test" "--gtest_filter=NonEmptyGraph.containsEdge" "--gtest_also_run_disabled_tests"
Directory: /home/boriss/Documents/VUT FIT/IVS/proj1/build
"NonEmptyGraph.containsEdge" start time: Mar 02 15:49 CET
Output:
----------------------------------------------------------
Running main() from /home/boriss/Documents/VUT FIT/IVS/proj1/build/_deps/googletest-src/googletest/src/gtest_main.cc
Note: Google Test filter = NonEmptyGraph.containsEdge
[==========] Running 1 test from 1 test suite.
[----------] Global test environment set-up.
[----------] 1 test from NonEmptyGraph
[ RUN      ] NonEmptyGraph.containsEdge
/home/boriss/Documents/VUT FIT/IVS/proj1/tdd_tests.cpp:155: Failure
Value of: graph.containsEdge(Edge(1, 4))
  Actual: false
Expected: true
/home/boriss/Documents/VUT FIT/IVS/proj1/tdd_tests.cpp:156: Failure
Value of: graph.containsEdge(Edge(4, 1))
  Actual: false
Expected: true
[  FAILED  ] NonEmptyGraph.containsEdge (0 ms)
[----------] 1 test from NonEmptyGraph (0 ms total)

[----------] Global test environment tear-down
[==========] 1 test from 1 test suite ran. (0 ms total)
[  PASSED  ] 0 tests.
[  FAILED  ] 1 test, listed below:
[  FAILED  ] NonEmptyGraph.containsEdge

 1 FAILED TEST
<end of output>
Test time =   0.01 sec
----------------------------------------------------------
Test Failed.
"NonEmptyGraph.containsEdge" end time: Mar 02 15:49 CET
"NonEmptyGraph.containsEdge" time elapsed: 00:00:00
----------------------------------------------------------

12/37 Testing: NonEmptyGraph.removeNode
12/37 Test: NonEmptyGraph.removeNode
Command: "/home/boriss/Documents/VUT FIT/IVS/proj1/build/tdd_test" "--gtest_filter=NonEmptyGraph.removeNode" "--gtest_also_run_disabled_tests"
Directory: /home/boriss/Documents/VUT FIT/IVS/proj1/build
"NonEmptyGraph.removeNode" start time: Mar 02 15:49 CET
Output:
----------------------------------------------------------
Running main() from /home/boriss/Documents/VUT FIT/IVS/proj1/build/_deps/googletest-src/googletest/src/gtest_main.cc
Note: Google Test filter = NonEmptyGraph.removeNode
[==========] Running 1 test from 1 test suite.
[----------] Global test environment set-up.
[----------] 1 test from NonEmptyGraph
[ RUN      ] NonEmptyGraph.removeNode
/home/boriss/Documents/VUT FIT/IVS/proj1/tdd_tests.cpp:169: Failure
Value of: nodes
Expected: has 4 elements and there exists some permutation of elements such that:
 - element #0 is an object whose given field is equal to 4, and
 - element #1 is an object whose given field is equal to 5, and
 - element #2 is an object whose given field is equal to 6, and
 - element #3 is an object whose given field is equal to 7
  Actual: {}
/home/boriss/Documents/VUT FIT/IVS/proj1/tdd_tests.cpp:175: Failure
Value of: edges
Expected: has 4 elements and there exists some permutation of elements such that:
 - element #0 is equal to {4, 6}, and
 - element #1 is equal to {5, 6}, and
 - element #2 is equal to {5, 7}, and
 - element #3 is equal to {7, 6}
  Actual: {}
/home/boriss/Documents/VUT FIT/IVS/proj1/tdd_tests.cpp:177: Failure
Expected: graph.removeNode(1) throws an exception of type std::out_of_range.
  Actual: it throws nothing.
[  FAILED  ] NonEmptyGraph.removeNode (0 ms)
[----------] 1 test from NonEmptyGraph (0 ms total)

[----------] Global test environment tear-down
[==========] 1 test from 1 test suite ran. (0 ms total)
[  PASSED  ] 0 tests.
[  FAILED  ] 1 test, listed below:
[  FAILED  ] NonEmptyGraph.removeNode

 1 FAILED TEST
<end of output>
Test time =   0.00 sec
----------------------------------------------------------
Test Failed.
"NonEmptyGraph.removeNode" end time: Mar 02 15:49 CET
"NonEmptyGraph.removeNode" time elapsed: 00:00:00
----------------------------------------------------------

13/37 Testing: NonEmptyGraph.removeEdge
13/37 Test: NonEmptyGraph.removeEdge
Command: "/home/boriss/Documents/VUT FIT/IVS/proj1/build/tdd_test" "--gtest_filter=NonEmptyGraph.removeEdge" "--gtest_also_run_disabled_tests"
Directory: /home/boriss/Documents/VUT FIT/IVS/proj1/build
"NonEmptyGraph.removeEdge" start time: Mar 02 15:49 CET
Output:
----------------------------------------------------------
Running main() from /home/boriss/Documents/VUT FIT/IVS/proj1/build/_deps/googletest-src/googletest/src/gtest_main.cc
Note: Google Test filter = NonEmptyGraph.removeEdge
[==========] Running 1 test from 1 test suite.
[----------] Global test environment set-up.
[----------] 1 test from NonEmptyGraph
[ RUN      ] NonEmptyGraph.removeEdge
/home/boriss/Documents/VUT FIT/IVS/proj1/tdd_tests.cpp:183: Failure
Value of: edges
Expected: has 5 elements and there exists some permutation of elements such that:
 - element #0 is equal to {1, 5}, and
 - element #1 is equal to {4, 6}, and
 - element #2 is equal to {5, 6}, and
 - element #3 is equal to {5, 7}, and
 - element #4 is equal to {7, 6}
  Actual: {}
/home/boriss/Documents/VUT FIT/IVS/proj1/tdd_tests.cpp:186: Failure
Expected: graph.removeEdge(Edge(1, 4)) throws an exception of type std::out_of_range.
  Actual: it throws nothing.
[  FAILED  ] NonEmptyGraph.removeEdge (0 ms)
[----------] 1 test from NonEmptyGraph (0 ms total)

[----------] Global test environment tear-down
[==========] 1 test from 1 test suite ran. (0 ms total)
[  PASSED  ] 0 tests.
[  FAILED  ] 1 test, listed below:
[  FAILED  ] NonEmptyGraph.removeEdge

 1 FAILED TEST
<end of output>
Test time =   0.01 sec
----------------------------------------------------------
Test Failed.
"NonEmptyGraph.removeEdge" end time: Mar 02 15:49 CET
"NonEmptyGraph.removeEdge" time elapsed: 00:00:00
----------------------------------------------------------

14/37 Testing: NonEmptyGraph.nodeCount
14/37 Test: NonEmptyGraph.nodeCount
Command: "/home/boriss/Documents/VUT FIT/IVS/proj1/build/tdd_test" "--gtest_filter=NonEmptyGraph.nodeCount" "--gtest_also_run_disabled_tests"
Directory: /home/boriss/Documents/VUT FIT/IVS/proj1/build
"NonEmptyGraph.nodeCount" start time: Mar 02 15:49 CET
Output:
----------------------------------------------------------
Running main() from /home/boriss/Documents/VUT FIT/IVS/proj1/build/_deps/googletest-src/googletest/src/gtest_main.cc
Note: Google Test filter = NonEmptyGraph.nodeCount
[==========] Running 1 test from 1 test suite.
[----------] Global test environment set-up.
[----------] 1 test from NonEmptyGraph
[ RUN      ] NonEmptyGraph.nodeCount
/home/boriss/Documents/VUT FIT/IVS/proj1/tdd_tests.cpp:190: Failure
Expected equality of these values:
  graph.nodeCount()
    Which is: 42
  5
[  FAILED  ] NonEmptyGraph.nodeCount (0 ms)
[----------] 1 test from NonEmptyGraph (0 ms total)

[----------] Global test environment tear-down
[==========] 1 test from 1 test suite ran. (0 ms total)
[  PASSED  ] 0 tests.
[  FAILED  ] 1 test, listed below:
[  FAILED  ] NonEmptyGraph.nodeCount

 1 FAILED TEST
<end of output>
Test time =   0.00 sec
----------------------------------------------------------
Test Failed.
"NonEmptyGraph.nodeCount" end time: Mar 02 15:49 CET
"NonEmptyGraph.nodeCount" time elapsed: 00:00:00
----------------------------------------------------------

15/37 Testing: NonEmptyGraph.edgeCount
15/37 Test: NonEmptyGraph.edgeCount
Command: "/home/boriss/Documents/VUT FIT/IVS/proj1/build/tdd_test" "--gtest_filter=NonEmptyGraph.edgeCount" "--gtest_also_run_disabled_tests"
Directory: /home/boriss/Documents/VUT FIT/IVS/proj1/build
"NonEmptyGraph.edgeCount" start time: Mar 02 15:49 CET
Output:
----------------------------------------------------------
Running main() from /home/boriss/Documents/VUT FIT/IVS/proj1/build/_deps/googletest-src/googletest/src/gtest_main.cc
Note: Google Test filter = NonEmptyGraph.edgeCount
[==========] Running 1 test from 1 test suite.
[----------] Global test environment set-up.
[----------] 1 test from NonEmptyGraph
[ RUN      ] NonEmptyGraph.edgeCount
/home/boriss/Documents/VUT FIT/IVS/proj1/tdd_tests.cpp:194: Failure
Expected equality of these values:
  graph.edgeCount()
    Which is: 42
  6
[  FAILED  ] NonEmptyGraph.edgeCount (0 ms)
[----------] 1 test from NonEmptyGraph (0 ms total)

[----------] Global test environment tear-down
[==========] 1 test from 1 test suite ran. (0 ms total)
[  PASSED  ] 0 tests.
[  FAILED  ] 1 test, listed below:
[  FAILED  ] NonEmptyGraph.edgeCount

 1 FAILED TEST
<end of output>
Test time =   0.01 sec
----------------------------------------------------------
Test Failed.
"NonEmptyGraph.edgeCount" end time: Mar 02 15:49 CET
"NonEmptyGraph.edgeCount" time elapsed: 00:00:00
----------------------------------------------------------

16/37 Testing: NonEmptyGraph.nodeDegree
16/37 Test: NonEmptyGraph.nodeDegree
Command: "/home/boriss/Documents/VUT FIT/IVS/proj1/build/tdd_test" "--gtest_filter=NonEmptyGraph.nodeDegree" "--gtest_also_run_disabled_tests"
Directory: /home/boriss/Documents/VUT FIT/IVS/proj1/build
"NonEmptyGraph.nodeDegree" start time: Mar 02 15:49 CET
Output:
----------------------------------------------------------
Running main() from /home/boriss/Documents/VUT FIT/IVS/proj1/build/_deps/googletest-src/googletest/src/gtest_main.cc
Note: Google Test filter = NonEmptyGraph.nodeDegree
[==========] Running 1 test from 1 test suite.
[----------] Global test environment set-up.
[----------] 1 test from NonEmptyGraph
[ RUN      ] NonEmptyGraph.nodeDegree
/home/boriss/Documents/VUT FIT/IVS/proj1/tdd_tests.cpp:198: Failure
Expected equality of these values:
  graph.nodeDegree(1)
    Which is: 42
  2
/home/boriss/Documents/VUT FIT/IVS/proj1/tdd_tests.cpp:199: Failure
Expected equality of these values:
  graph.nodeDegree(4)
    Which is: 42
  2
/home/boriss/Documents/VUT FIT/IVS/proj1/tdd_tests.cpp:200: Failure
Expected equality of these values:
  graph.nodeDegree(5)
    Which is: 42
  3
/home/boriss/Documents/VUT FIT/IVS/proj1/tdd_tests.cpp:201: Failure
Expected equality of these values:
  graph.nodeDegree(6)
    Which is: 42
  3
/home/boriss/Documents/VUT FIT/IVS/proj1/tdd_tests.cpp:202: Failure
Expected equality of these values:
  graph.nodeDegree(7)
    Which is: 42
  2
/home/boriss/Documents/VUT FIT/IVS/proj1/tdd_tests.cpp:203: Failure
Expected: graph.nodeDegree(9) throws an exception of type std::out_of_range.
  Actual: it throws nothing.
[  FAILED  ] NonEmptyGraph.nodeDegree (0 ms)
[----------] 1 test from NonEmptyGraph (0 ms total)

[----------] Global test environment tear-down
[==========] 1 test from 1 test suite ran. (0 ms total)
[  PASSED  ] 0 tests.
[  FAILED  ] 1 test, listed below:
[  FAILED  ] NonEmptyGraph.nodeDegree

 1 FAILED TEST
<end of output>
Test time =   0.01 sec
----------------------------------------------------------
Test Failed.
"NonEmptyGraph.nodeDegree" end time: Mar 02 15:49 CET
"NonEmptyGraph.nodeDegree" time elapsed: 00:00:00
----------------------------------------------------------

17/37 Testing: NonEmptyGraph.graphDegree
17/37 Test: NonEmptyGraph.graphDegree
Command: "/home/boriss/Documents/VUT FIT/IVS/proj1/build/tdd_test" "--gtest_filter=NonEmptyGraph.graphDegree" "--gtest_also_run_disabled_tests"
Directory: /home/boriss/Documents/VUT FIT/IVS/proj1/build
"NonEmptyGraph.graphDegree" start time: Mar 02 15:49 CET
Output:
----------------------------------------------------------
Running main() from /home/boriss/Documents/VUT FIT/IVS/proj1/build/_deps/googletest-src/googletest/src/gtest_main.cc
Note: Google Test filter = NonEmptyGraph.graphDegree
[==========] Running 1 test from 1 test suite.
[----------] Global test environment set-up.
[----------] 1 test from NonEmptyGraph
[ RUN      ] NonEmptyGraph.graphDegree
/home/boriss/Documents/VUT FIT/IVS/proj1/tdd_tests.cpp:207: Failure
Expected equality of these values:
  graph.graphDegree()
    Which is: 42
  3
[  FAILED  ] NonEmptyGraph.graphDegree (0 ms)
[----------] 1 test from NonEmptyGraph (0 ms total)

[----------] Global test environment tear-down
[==========] 1 test from 1 test suite ran. (0 ms total)
[  PASSED  ] 0 tests.
[  FAILED  ] 1 test, listed below:
[  FAILED  ] NonEmptyGraph.graphDegree

 1 FAILED TEST
<end of output>
Test time =   0.01 sec
----------------------------------------------------------
Test Failed.
"NonEmptyGraph.graphDegree" end time: Mar 02 15:49 CET
"NonEmptyGraph.graphDegree" time elapsed: 00:00:00
----------------------------------------------------------

18/37 Testing: NonEmptyGraph.coloring
18/37 Test: NonEmptyGraph.coloring
Command: "/home/boriss/Documents/VUT FIT/IVS/proj1/build/tdd_test" "--gtest_filter=NonEmptyGraph.coloring" "--gtest_also_run_disabled_tests"
Directory: /home/boriss/Documents/VUT FIT/IVS/proj1/build
"NonEmptyGraph.coloring" start time: Mar 02 15:49 CET
Output:
----------------------------------------------------------
Running main() from /home/boriss/Documents/VUT FIT/IVS/proj1/build/_deps/googletest-src/googletest/src/gtest_main.cc
Note: Google Test filter = NonEmptyGraph.coloring
[==========] Running 1 test from 1 test suite.
[----------] Global test environment set-up.
[----------] 1 test from NonEmptyGraph
[ RUN      ] NonEmptyGraph.coloring
/home/boriss/Documents/VUT FIT/IVS/proj1/tdd_tests.cpp:218: Failure
Value of: *colors.begin() != 0
  Actual: false
Expected: true
[  FAILED  ] NonEmptyGraph.coloring (0 ms)
[----------] 1 test from NonEmptyGraph (0 ms total)

[----------] Global test environment tear-down
[==========] 1 test from 1 test suite ran. (0 ms total)
[  PASSED  ] 0 tests.
[  FAILED  ] 1 test, listed below:
[  FAILED  ] NonEmptyGraph.coloring

 1 FAILED TEST
<end of output>
Test time =   0.00 sec
----------------------------------------------------------
Test Failed.
"NonEmptyGraph.coloring" end time: Mar 02 15:49 CET
"NonEmptyGraph.coloring" time elapsed: 00:00:00
----------------------------------------------------------

19/37 Testing: NonEmptyGraph.clear
19/37 Test: NonEmptyGraph.clear
Command: "/home/boriss/Documents/VUT FIT/IVS/proj1/build/tdd_test" "--gtest_filter=NonEmptyGraph.clear" "--gtest_also_run_disabled_tests"
Directory: /home/boriss/Documents/VUT FIT/IVS/proj1/build
"NonEmptyGraph.clear" start time: Mar 02 15:49 CET
Output:
----------------------------------------------------------
Running main() from /home/boriss/Documents/VUT FIT/IVS/proj1/build/_deps/googletest-src/googletest/src/gtest_main.cc
Note: Google Test filter = NonEmptyGraph.clear
[==========] Running 1 test from 1 test suite.
[----------] Global test environment set-up.
[----------] 1 test from NonEmptyGraph
[ RUN      ] NonEmptyGraph.clear
[       OK ] NonEmptyGraph.clear (0 ms)
[----------] 1 test from NonEmptyGraph (0 ms total)

[----------] Global test environment tear-down
[==========] 1 test from 1 test suite ran. (0 ms total)
[  PASSED  ] 1 test.
<end of output>
Test time =   0.00 sec
----------------------------------------------------------
Test Passed.
"NonEmptyGraph.clear" end time: Mar 02 15:49 CET
"NonEmptyGraph.clear" time elapsed: 00:00:00
----------------------------------------------------------

20/37 Testing: EmptyGraph.nodes
20/37 Test: EmptyGraph.nodes
Command: "/home/boriss/Documents/VUT FIT/IVS/proj1/build/tdd_test" "--gtest_filter=EmptyGraph.nodes" "--gtest_also_run_disabled_tests"
Directory: /home/boriss/Documents/VUT FIT/IVS/proj1/build
"EmptyGraph.nodes" start time: Mar 02 15:49 CET
Output:
----------------------------------------------------------
Running main() from /home/boriss/Documents/VUT FIT/IVS/proj1/build/_deps/googletest-src/googletest/src/gtest_main.cc
Note: Google Test filter = EmptyGraph.nodes
[==========] Running 1 test from 1 test suite.
[----------] Global test environment set-up.
[----------] 1 test from EmptyGraph
[ RUN      ] EmptyGraph.nodes
[       OK ] EmptyGraph.nodes (0 ms)
[----------] 1 test from EmptyGraph (0 ms total)

[----------] Global test environment tear-down
[==========] 1 test from 1 test suite ran. (0 ms total)
[  PASSED  ] 1 test.
<end of output>
Test time =   0.00 sec
----------------------------------------------------------
Test Passed.
"EmptyGraph.nodes" end time: Mar 02 15:49 CET
"EmptyGraph.nodes" time elapsed: 00:00:00
----------------------------------------------------------

21/37 Testing: EmptyGraph.edges
21/37 Test: EmptyGraph.edges
Command: "/home/boriss/Documents/VUT FIT/IVS/proj1/build/tdd_test" "--gtest_filter=EmptyGraph.edges" "--gtest_also_run_disabled_tests"
Directory: /home/boriss/Documents/VUT FIT/IVS/proj1/build
"EmptyGraph.edges" start time: Mar 02 15:49 CET
Output:
----------------------------------------------------------
Running main() from /home/boriss/Documents/VUT FIT/IVS/proj1/build/_deps/googletest-src/googletest/src/gtest_main.cc
Note: Google Test filter = EmptyGraph.edges
[==========] Running 1 test from 1 test suite.
[----------] Global test environment set-up.
[----------] 1 test from EmptyGraph
[ RUN      ] EmptyGraph.edges
[       OK ] EmptyGraph.edges (0 ms)
[----------] 1 test from EmptyGraph (0 ms total)

[----------] Global test environment tear-down
[==========] 1 test from 1 test suite ran. (0 ms total)
[  PASSED  ] 1 test.
<end of output>
Test time =   0.01 sec
----------------------------------------------------------
Test Passed.
"EmptyGraph.edges" end time: Mar 02 15:49 CET
"EmptyGraph.edges" time elapsed: 00:00:00
----------------------------------------------------------

22/37 Testing: EmptyGraph.addNode
22/37 Test: EmptyGraph.addNode
Command: "/home/boriss/Documents/VUT FIT/IVS/proj1/build/tdd_test" "--gtest_filter=EmptyGraph.addNode" "--gtest_also_run_disabled_tests"
Directory: /home/boriss/Documents/VUT FIT/IVS/proj1/build
"EmptyGraph.addNode" start time: Mar 02 15:49 CET
Output:
----------------------------------------------------------
Running main() from /home/boriss/Documents/VUT FIT/IVS/proj1/build/_deps/googletest-src/googletest/src/gtest_main.cc
Note: Google Test filter = EmptyGraph.addNode
[==========] Running 1 test from 1 test suite.
[----------] Global test environment set-up.
[----------] 1 test from EmptyGraph
[ RUN      ] EmptyGraph.addNode
/home/boriss/Documents/VUT FIT/IVS/proj1/tdd_tests.cpp:249: Failure
Expected: (node) != (nullptr), actual: NULL vs (nullptr)
[  FAILED  ] EmptyGraph.addNode (0 ms)
[----------] 1 test from EmptyGraph (0 ms total)

[----------] Global test environment tear-down
[==========] 1 test from 1 test suite ran. (0 ms total)
[  PASSED  ] 0 tests.
[  FAILED  ] 1 test, listed below:
[  FAILED  ] EmptyGraph.addNode

 1 FAILED TEST
<end of output>
Test time =   0.00 sec
----------------------------------------------------------
Test Failed.
"EmptyGraph.addNode" end time: Mar 02 15:49 CET
"EmptyGraph.addNode" time elapsed: 00:00:00
----------------------------------------------------------

23/37 Testing: EmptyGraph.addEdge
23/37 Test: EmptyGraph.addEdge
Command: "/home/boriss/Documents/VUT FIT/IVS/proj1/build/tdd_test" "--gtest_filter=EmptyGraph.addEdge" "--gtest_also_run_disabled_tests"
Directory: /home/boriss/Documents/VUT FIT/IVS/proj1/build
"EmptyGraph.addEdge" start time: Mar 02 15:49 CET
Output:
----------------------------------------------------------
Running main() from /home/boriss/Documents/VUT FIT/IVS/proj1/build/_deps/googletest-src/googletest/src/gtest_main.cc
Note: Google Test filter = EmptyGraph.addEdge
[==========] Running 1 test from 1 test suite.
[----------] Global test environment set-up.
[----------] 1 test from EmptyGraph
[ RUN      ] EmptyGraph.addEdge
/home/boriss/Documents/VUT FIT/IVS/proj1/tdd_tests.cpp:260: Failure
Value of: graph.addEdge(Edge(1, 4))
  Actual: false
Expected: true
/home/boriss/Documents/VUT FIT/IVS/proj1/tdd_tests.cpp:262: Failure
Value of: edges
Expected: has 1 element and that element is equal to {1, 4}
  Actual: {}
[  FAILED  ] EmptyGraph.addEdge (0 ms)
[----------] 1 test from EmptyGraph (0 ms total)

[----------] Global test environment tear-down
[==========] 1 test from 1 test suite ran. (0 ms total)
[  PASSED  ] 0 tests.
[  FAILED  ] 1 test, listed below:
[  FAILED  ] EmptyGraph.addEdge

 1 FAILED TEST
<end of output>
Test time =   0.01 sec
----------------------------------------------------------
Test Failed.
"EmptyGraph.addEdge" end time: Mar 02 15:49 CET
"EmptyGraph.addEdge" time elapsed: 00:00:00
----------------------------------------------------------

24/37 Testing: EmptyGraph.addMultipleEdges
24/37 Test: EmptyGraph.addMultipleEdges
Command: "/home/boriss/Documents/VUT FIT/IVS/proj1/build/tdd_test" "--gtest_filter=EmptyGraph.addMultipleEdges" "--gtest_also_run_disabled_tests"
Directory: /home/boriss/Documents/VUT FIT/IVS/proj1/build
"EmptyGraph.addMultipleEdges" start time: Mar 02 15:49 CET
Output:
----------------------------------------------------------
Running main() from /home/boriss/Documents/VUT FIT/IVS/proj1/build/_deps/googletest-src/googletest/src/gtest_main.cc
Note: Google Test filter = EmptyGraph.addMultipleEdges
[==========] Running 1 test from 1 test suite.
[----------] Global test environment set-up.
[----------] 1 test from EmptyGraph
[ RUN      ] EmptyGraph.addMultipleEdges
/home/boriss/Documents/VUT FIT/IVS/proj1/tdd_tests.cpp:277: Failure
Value of: graph.nodes()
Expected: has 5 elements and there exists some permutation of elements such that:
 - element #0 is an object whose given field is equal to 1, and
 - element #1 is an object whose given field is equal to 4, and
 - element #2 is an object whose given field is equal to 5, and
 - element #3 is an object whose given field is equal to 6, and
 - element #4 is an object whose given field is equal to 7
  Actual: {}
/home/boriss/Documents/VUT FIT/IVS/proj1/tdd_tests.cpp:283: Failure
Value of: graph.edges()
Expected: has 6 elements and there exists some permutation of elements such that:
 - element #0 is equal to {1, 4}, and
 - element #1 is equal to {1, 5}, and
 - element #2 is equal to {4, 6}, and
 - element #3 is equal to {5, 6}, and
 - element #4 is equal to {5, 7}, and
 - element #5 is equal to {7, 6}
  Actual: {}
[  FAILED  ] EmptyGraph.addMultipleEdges (0 ms)
[----------] 1 test from EmptyGraph (0 ms total)

[----------] Global test environment tear-down
[==========] 1 test from 1 test suite ran. (0 ms total)
[  PASSED  ] 0 tests.
[  FAILED  ] 1 test, listed below:
[  FAILED  ] EmptyGraph.addMultipleEdges

 1 FAILED TEST
<end of output>
Test time =   0.00 sec
----------------------------------------------------------
Test Failed.
"EmptyGraph.addMultipleEdges" end time: Mar 02 15:49 CET
"EmptyGraph.addMultipleEdges" time elapsed: 00:00:00
----------------------------------------------------------

25/37 Testing: EmptyGraph.getNode
25/37 Test: EmptyGraph.getNode
Command: "/home/boriss/Documents/VUT FIT/IVS/proj1/build/tdd_test" "--gtest_filter=EmptyGraph.getNode" "--gtest_also_run_disabled_tests"
Directory: /home/boriss/Documents/VUT FIT/IVS/proj1/build
"EmptyGraph.getNode" start time: Mar 02 15:49 CET
Output:
----------------------------------------------------------
Running main() from /home/boriss/Documents/VUT FIT/IVS/proj1/build/_deps/googletest-src/googletest/src/gtest_main.cc
Note: Google Test filter = EmptyGraph.getNode
[==========] Running 1 test from 1 test suite.
[----------] Global test environment set-up.
[----------] 1 test from EmptyGraph
[ RUN      ] EmptyGraph.getNode
[       OK ] EmptyGraph.getNode (0 ms)
[----------] 1 test from EmptyGraph (0 ms total)

[----------] Global test environment tear-down
[==========] 1 test from 1 test suite ran. (0 ms total)
[  PASSED  ] 1 test.
<end of output>
Test time =   0.00 sec
----------------------------------------------------------
Test Passed.
"EmptyGraph.getNode" end time: Mar 02 15:49 CET
"EmptyGraph.getNode" time elapsed: 00:00:00
----------------------------------------------------------

26/37 Testing: EmptyGraph.containsEdge
26/37 Test: EmptyGraph.containsEdge
Command: "/home/boriss/Documents/VUT FIT/IVS/proj1/build/tdd_test" "--gtest_filter=EmptyGraph.containsEdge" "--gtest_also_run_disabled_tests"
Directory: /home/boriss/Documents/VUT FIT/IVS/proj1/build
"EmptyGraph.containsEdge" start time: Mar 02 15:49 CET
Output:
----------------------------------------------------------
Running main() from /home/boriss/Documents/VUT FIT/IVS/proj1/build/_deps/googletest-src/googletest/src/gtest_main.cc
Note: Google Test filter = EmptyGraph.containsEdge
[==========] Running 1 test from 1 test suite.
[----------] Global test environment set-up.
[----------] 1 test from EmptyGraph
[ RUN      ] EmptyGraph.containsEdge
[       OK ] EmptyGraph.containsEdge (0 ms)
[----------] 1 test from EmptyGraph (0 ms total)

[----------] Global test environment tear-down
[==========] 1 test from 1 test suite ran. (0 ms total)
[  PASSED  ] 1 test.
<end of output>
Test time =   0.01 sec
----------------------------------------------------------
Test Passed.
"EmptyGraph.containsEdge" end time: Mar 02 15:49 CET
"EmptyGraph.containsEdge" time elapsed: 00:00:00
----------------------------------------------------------

27/37 Testing: EmptyGraph.removeNode
27/37 Test: EmptyGraph.removeNode
Command: "/home/boriss/Documents/VUT FIT/IVS/proj1/build/tdd_test" "--gtest_filter=EmptyGraph.removeNode" "--gtest_also_run_disabled_tests"
Directory: /home/boriss/Documents/VUT FIT/IVS/proj1/build
"EmptyGraph.removeNode" start time: Mar 02 15:49 CET
Output:
----------------------------------------------------------
Running main() from /home/boriss/Documents/VUT FIT/IVS/proj1/build/_deps/googletest-src/googletest/src/gtest_main.cc
Note: Google Test filter = EmptyGraph.removeNode
[==========] Running 1 test from 1 test suite.
[----------] Global test environment set-up.
[----------] 1 test from EmptyGraph
[ RUN      ] EmptyGraph.removeNode
/home/boriss/Documents/VUT FIT/IVS/proj1/tdd_tests.cpp:296: Failure
Expected: graph.removeNode(1) throws an exception of type std::out_of_range.
  Actual: it throws nothing.
[  FAILED  ] EmptyGraph.removeNode (0 ms)
[----------] 1 test from EmptyGraph (0 ms total)

[----------] Global test environment tear-down
[==========] 1 test from 1 test suite ran. (0 ms total)
[  PASSED  ] 0 tests.
[  FAILED  ] 1 test, listed below:
[  FAILED  ] EmptyGraph.removeNode

 1 FAILED TEST
<end of output>
Test time =   0.01 sec
----------------------------------------------------------
Test Failed.
"EmptyGraph.removeNode" end time: Mar 02 15:49 CET
"EmptyGraph.removeNode" time elapsed: 00:00:00
----------------------------------------------------------

28/37 Testing: EmptyGraph.removeEdge
28/37 Test: EmptyGraph.removeEdge
Command: "/home/boriss/Documents/VUT FIT/IVS/proj1/build/tdd_test" "--gtest_filter=EmptyGraph.removeEdge" "--gtest_also_run_disabled_tests"
Directory: /home/boriss/Documents/VUT FIT/IVS/proj1/build
"EmptyGraph.removeEdge" start time: Mar 02 15:49 CET
Output:
----------------------------------------------------------
Running main() from /home/boriss/Documents/VUT FIT/IVS/proj1/build/_deps/googletest-src/googletest/src/gtest_main.cc
Note: Google Test filter = EmptyGraph.removeEdge
[==========] Running 1 test from 1 test suite.
[----------] Global test environment set-up.
[----------] 1 test from EmptyGraph
[ RUN      ] EmptyGraph.removeEdge
/home/boriss/Documents/VUT FIT/IVS/proj1/tdd_tests.cpp:300: Failure
Expected: graph.removeEdge(Edge(1, 4)) throws an exception of type std::out_of_range.
  Actual: it throws nothing.
[  FAILED  ] EmptyGraph.removeEdge (0 ms)
[----------] 1 test from EmptyGraph (0 ms total)

[----------] Global test environment tear-down
[==========] 1 test from 1 test suite ran. (0 ms total)
[  PASSED  ] 0 tests.
[  FAILED  ] 1 test, listed below:
[  FAILED  ] EmptyGraph.removeEdge

 1 FAILED TEST
<end of output>
Test time =   0.00 sec
----------------------------------------------------------
Test Failed.
"EmptyGraph.removeEdge" end time: Mar 02 15:49 CET
"EmptyGraph.removeEdge" time elapsed: 00:00:00
----------------------------------------------------------

29/37 Testing: EmptyGraph.nodeCount
29/37 Test: EmptyGraph.nodeCount
Command: "/home/boriss/Documents/VUT FIT/IVS/proj1/build/tdd_test" "--gtest_filter=EmptyGraph.nodeCount" "--gtest_also_run_disabled_tests"
Directory: /home/boriss/Documents/VUT FIT/IVS/proj1/build
"EmptyGraph.nodeCount" start time: Mar 02 15:49 CET
Output:
----------------------------------------------------------
Running main() from /home/boriss/Documents/VUT FIT/IVS/proj1/build/_deps/googletest-src/googletest/src/gtest_main.cc
Note: Google Test filter = EmptyGraph.nodeCount
[==========] Running 1 test from 1 test suite.
[----------] Global test environment set-up.
[----------] 1 test from EmptyGraph
[ RUN      ] EmptyGraph.nodeCount
/home/boriss/Documents/VUT FIT/IVS/proj1/tdd_tests.cpp:304: Failure
Expected equality of these values:
  graph.nodeCount()
    Which is: 42
  0
[  FAILED  ] EmptyGraph.nodeCount (0 ms)
[----------] 1 test from EmptyGraph (0 ms total)

[----------] Global test environment tear-down
[==========] 1 test from 1 test suite ran. (0 ms total)
[  PASSED  ] 0 tests.
[  FAILED  ] 1 test, listed below:
[  FAILED  ] EmptyGraph.nodeCount

 1 FAILED TEST
<end of output>
Test time =   0.01 sec
----------------------------------------------------------
Test Failed.
"EmptyGraph.nodeCount" end time: Mar 02 15:49 CET
"EmptyGraph.nodeCount" time elapsed: 00:00:00
----------------------------------------------------------

30/37 Testing: EmptyGraph.edgeCount
30/37 Test: EmptyGraph.edgeCount
Command: "/home/boriss/Documents/VUT FIT/IVS/proj1/build/tdd_test" "--gtest_filter=EmptyGraph.edgeCount" "--gtest_also_run_disabled_tests"
Directory: /home/boriss/Documents/VUT FIT/IVS/proj1/build
"EmptyGraph.edgeCount" start time: Mar 02 15:49 CET
Output:
----------------------------------------------------------
Running main() from /home/boriss/Documents/VUT FIT/IVS/proj1/build/_deps/googletest-src/googletest/src/gtest_main.cc
Note: Google Test filter = EmptyGraph.edgeCount
[==========] Running 1 test from 1 test suite.
[----------] Global test environment set-up.
[----------] 1 test from EmptyGraph
[ RUN      ] EmptyGraph.edgeCount
/home/boriss/Documents/VUT FIT/IVS/proj1/tdd_tests.cpp:308: Failure
Expected equality of these values:
  graph.edgeCount()
    Which is: 42
  0
[  FAILED  ] EmptyGraph.edgeCount (0 ms)
[----------] 1 test from EmptyGraph (0 ms total)

[----------] Global test environment tear-down
[==========] 1 test from 1 test suite ran. (0 ms total)
[  PASSED  ] 0 tests.
[  FAILED  ] 1 test, listed below:
[  FAILED  ] EmptyGraph.edgeCount

 1 FAILED TEST
<end of output>
Test time =   0.01 sec
----------------------------------------------------------
Test Failed.
"EmptyGraph.edgeCount" end time: Mar 02 15:49 CET
"EmptyGraph.edgeCount" time elapsed: 00:00:00
----------------------------------------------------------

31/37 Testing: EmptyGraph.nodeDegree
31/37 Test: EmptyGraph.nodeDegree
Command: "/home/boriss/Documents/VUT FIT/IVS/proj1/build/tdd_test" "--gtest_filter=EmptyGraph.nodeDegree" "--gtest_also_run_disabled_tests"
Directory: /home/boriss/Documents/VUT FIT/IVS/proj1/build
"EmptyGraph.nodeDegree" start time: Mar 02 15:49 CET
Output:
----------------------------------------------------------
Running main() from /home/boriss/Documents/VUT FIT/IVS/proj1/build/_deps/googletest-src/googletest/src/gtest_main.cc
Note: Google Test filter = EmptyGraph.nodeDegree
[==========] Running 1 test from 1 test suite.
[----------] Global test environment set-up.
[----------] 1 test from EmptyGraph
[ RUN      ] EmptyGraph.nodeDegree
/home/boriss/Documents/VUT FIT/IVS/proj1/tdd_tests.cpp:312: Failure
Expected: graph.nodeDegree(1) throws an exception of type std::out_of_range.
  Actual: it throws nothing.
[  FAILED  ] EmptyGraph.nodeDegree (0 ms)
[----------] 1 test from EmptyGraph (0 ms total)

[----------] Global test environment tear-down
[==========] 1 test from 1 test suite ran. (0 ms total)
[  PASSED  ] 0 tests.
[  FAILED  ] 1 test, listed below:
[  FAILED  ] EmptyGraph.nodeDegree

 1 FAILED TEST
<end of output>
Test time =   0.01 sec
----------------------------------------------------------
Test Failed.
"EmptyGraph.nodeDegree" end time: Mar 02 15:49 CET
"EmptyGraph.nodeDegree" time elapsed: 00:00:00
----------------------------------------------------------

32/37 Testing: EmptyGraph.graphDegree
32/37 Test: EmptyGraph.graphDegree
Command: "/home/boriss/Documents/VUT FIT/IVS/proj1/build/tdd_test" "--gtest_filter=EmptyGraph.graphDegree" "--gtest_also_run_disabled_tests"
Directory: /home/boriss/Documents/VUT FIT/IVS/proj1/build
"EmptyGraph.graphDegree" start time: Mar 02 15:49 CET
Output:
----------------------------------------------------------
Running main() from /home/boriss/Documents/VUT FIT/IVS/proj1/build/_deps/googletest-src/googletest/src/gtest_main.cc
Note: Google Test filter = EmptyGraph.graphDegree
[==========] Running 1 test from 1 test suite.
[----------] Global test environment set-up.
[----------] 1 test from EmptyGraph
[ RUN      ] EmptyGraph.graphDegree
/home/boriss/Documents/VUT FIT/IVS/proj1/tdd_tests.cpp:316: Failure
Expected equality of these values:
  graph.graphDegree()
    Which is: 42
  0
[  FAILED  ] EmptyGraph.graphDegree (0 ms)
[----------] 1 test from EmptyGraph (0 ms total)

[----------] Global test environment tear-down
[==========] 1 test from 1 test suite ran. (0 ms total)
[  PASSED  ] 0 tests.
[  FAILED  ] 1 test, listed below:
[  FAILED  ] EmptyGraph.graphDegree

 1 FAILED TEST
<end of output>
Test time =   0.00 sec
----------------------------------------------------------
Test Failed.
"EmptyGraph.graphDegree" end time: Mar 02 15:49 CET
"EmptyGraph.graphDegree" time elapsed: 00:00:00
----------------------------------------------------------

33/37 Testing: EmptyGraph.coloring
33/37 Test: EmptyGraph.coloring
Command: "/home/boriss/Documents/VUT FIT/IVS/proj1/build/tdd_test" "--gtest_filter=EmptyGraph.coloring" "--gtest_also_run_disabled_tests"
Directory: /home/boriss/Documents/VUT FIT/IVS/proj1/build
"EmptyGraph.coloring" start time: Mar 02 15:49 CET
Output:
----------------------------------------------------------
Running main() from /home/boriss/Documents/VUT FIT/IVS/proj1/build/_deps/googletest-src/googletest/src/gtest_main.cc
Note: Google Test filter = EmptyGraph.coloring
[==========] Running 1 test from 1 test suite.
[----------] Global test environment set-up.
[----------] 1 test from EmptyGraph
[ RUN      ] EmptyGraph.coloring
[       OK ] EmptyGraph.coloring (0 ms)
[----------] 1 test from EmptyGraph (0 ms total)

[----------] Global test environment tear-down
[==========] 1 test from 1 test suite ran. (0 ms total)
[  PASSED  ] 1 test.
<end of output>
Test time =   0.01 sec
----------------------------------------------------------
Test Passed.
"EmptyGraph.coloring" end time: Mar 02 15:49 CET
"EmptyGraph.coloring" time elapsed: 00:00:00
----------------------------------------------------------

34/37 Testing: EmptyGraph.clear
34/37 Test: EmptyGraph.clear
Command: "/home/boriss/Documents/VUT FIT/IVS/proj1/build/tdd_test" "--gtest_filter=EmptyGraph.clear" "--gtest_also_run_disabled_tests"
Directory: /home/boriss/Documents/VUT FIT/IVS/proj1/build
"EmptyGraph.clear" start time: Mar 02 15:49 CET
Output:
----------------------------------------------------------
Running main() from /home/boriss/Documents/VUT FIT/IVS/proj1/build/_deps/googletest-src/googletest/src/gtest_main.cc
Note: Google Test filter = EmptyGraph.clear
[==========] Running 1 test from 1 test suite.
[----------] Global test environment set-up.
[----------] 1 test from EmptyGraph
[ RUN      ] EmptyGraph.clear
[       OK ] EmptyGraph.clear (0 ms)
[----------] 1 test from EmptyGraph (0 ms total)

[----------] Global test environment tear-down
[==========] 1 test from 1 test suite ran. (0 ms total)
[  PASSED  ] 1 test.
<end of output>
Test time =   0.00 sec
----------------------------------------------------------
Test Passed.
"EmptyGraph.clear" end time: Mar 02 15:49 CET
"EmptyGraph.clear" time elapsed: 00:00:00
----------------------------------------------------------

35/37 Testing: Edges.equal
35/37 Test: Edges.equal
Command: "/home/boriss/Documents/VUT FIT/IVS/proj1/build/tdd_test" "--gtest_filter=Edges.equal" "--gtest_also_run_disabled_tests"
Directory: /home/boriss/Documents/VUT FIT/IVS/proj1/build
"Edges.equal" start time: Mar 02 15:49 CET
Output:
----------------------------------------------------------
Running main() from /home/boriss/Documents/VUT FIT/IVS/proj1/build/_deps/googletest-src/googletest/src/gtest_main.cc
Note: Google Test filter = Edges.equal
[==========] Running 1 test from 1 test suite.
[----------] Global test environment set-up.
[----------] 1 test from Edges
[ RUN      ] Edges.equal
[       OK ] Edges.equal (0 ms)
[----------] 1 test from Edges (0 ms total)

[----------] Global test environment tear-down
[==========] 1 test from 1 test suite ran. (0 ms total)
[  PASSED  ] 1 test.
<end of output>
Test time =   0.00 sec
----------------------------------------------------------
Test Passed.
"Edges.equal" end time: Mar 02 15:49 CET
"Edges.equal" time elapsed: 00:00:00
----------------------------------------------------------

36/37 Testing: Edges.nonEqual
36/37 Test: Edges.nonEqual
Command: "/home/boriss/Documents/VUT FIT/IVS/proj1/build/tdd_test" "--gtest_filter=Edges.nonEqual" "--gtest_also_run_disabled_tests"
Directory: /home/boriss/Documents/VUT FIT/IVS/proj1/build
"Edges.nonEqual" start time: Mar 02 15:49 CET
Output:
----------------------------------------------------------
Running main() from /home/boriss/Documents/VUT FIT/IVS/proj1/build/_deps/googletest-src/googletest/src/gtest_main.cc
Note: Google Test filter = Edges.nonEqual
[==========] Running 1 test from 1 test suite.
[----------] Global test environment set-up.
[----------] 1 test from Edges
[ RUN      ] Edges.nonEqual
[       OK ] Edges.nonEqual (0 ms)
[----------] 1 test from Edges (0 ms total)

[----------] Global test environment tear-down
[==========] 1 test from 1 test suite ran. (0 ms total)
[  PASSED  ] 1 test.
<end of output>
Test time =   0.00 sec
----------------------------------------------------------
Test Passed.
"Edges.nonEqual" end time: Mar 02 15:49 CET
"Edges.nonEqual" time elapsed: 00:00:00
----------------------------------------------------------

37/37 Testing: Edges.toStringStream
37/37 Test: Edges.toStringStream
Command: "/home/boriss/Documents/VUT FIT/IVS/proj1/build/tdd_test" "--gtest_filter=Edges.toStringStream" "--gtest_also_run_disabled_tests"
Directory: /home/boriss/Documents/VUT FIT/IVS/proj1/build
"Edges.toStringStream" start time: Mar 02 15:49 CET
Output:
----------------------------------------------------------
Running main() from /home/boriss/Documents/VUT FIT/IVS/proj1/build/_deps/googletest-src/googletest/src/gtest_main.cc
Note: Google Test filter = Edges.toStringStream
[==========] Running 1 test from 1 test suite.
[----------] Global test environment set-up.
[----------] 1 test from Edges
[ RUN      ] Edges.toStringStream
[       OK ] Edges.toStringStream (0 ms)
[----------] 1 test from Edges (0 ms total)

[----------] Global test environment tear-down
[==========] 1 test from 1 test suite ran. (0 ms total)
[  PASSED  ] 1 test.
<end of output>
Test time =   0.00 sec
----------------------------------------------------------
Test Passed.
"Edges.toStringStream" end time: Mar 02 15:49 CET
"Edges.toStringStream" time elapsed: 00:00:00
----------------------------------------------------------

End testing: Mar 02 15:49 CET
